[ 2018-04-16T11:56:35+08:00 ] 127.0.0.1 127.0.0.1 GET /
[ log ] web.ph.com/ [运行时间：0.447266s][吞吐率：2.24req/s] [内存消耗：1,966.58kb] [文件加载：48]
[ info ] [ LANG ] D:\phpStudy\WWW\ph\thinkphp\lang\zh-cn.php
[ info ] [ ROUTE ] array (
  'type' => 'module',
  'module' => 
  array (
    0 => '',
    1 => NULL,
    2 => NULL,
  ),
)
[ info ] [ HEADER ] array (
  'host' => 'web.ph.com',
  'connection' => 'keep-alive',
  'upgrade-insecure-requests' => '1',
  'user-agent' => 'Mozilla/5.0 (Windows NT 6.1; WOW64) AppleWebKit/537.36 (KHTML, like Gecko) Chrome/65.0.3325.146 Safari/537.36',
  'accept' => 'text/html,application/xhtml+xml,application/xml;q=0.9,image/webp,image/apng,*/*;q=0.8',
  'accept-encoding' => 'gzip, deflate',
  'accept-language' => 'zh-CN,zh;q=0.9',
)
[ info ] [ PARAM ] array (
)
[ info ] [ RUN ] app\user\controller\Publics->signin[ D:\phpStudy\WWW\ph\application\user\controller\Publics.php ]
[ info ] [ VIEW ] D:\phpStudy\WWW\ph/application/user\view\publics\signin.html [ array (
) ]
[ info ] [ LOG ] INIT File

---------------------------------------------------------------
[ 2018-04-16T11:56:36+08:00 ] 127.0.0.1 127.0.0.1 GET /captcha.html
[ log ] web.ph.com/captcha.html [运行时间：0.155273s][吞吐率：6.44req/s] [内存消耗：1,529.59kb] [文件加载：39]
[ info ] [ LANG ] D:\phpStudy\WWW\ph\thinkphp\lang\zh-cn.php
[ info ] [ ROUTE ] array (
  'type' => 'method',
  'method' => 
  array (
    0 => '\\think\\captcha\\CaptchaController',
    1 => 'index',
  ),
  'var' => 
  array (
  ),
)
[ info ] [ HEADER ] array (
  'host' => 'web.ph.com',
  'connection' => 'keep-alive',
  'user-agent' => 'Mozilla/5.0 (Windows NT 6.1; WOW64) AppleWebKit/537.36 (KHTML, like Gecko) Chrome/65.0.3325.146 Safari/537.36',
  'accept' => 'image/webp,image/apng,image/*,*/*;q=0.8',
  'referer' => 'http://web.ph.com/',
  'accept-encoding' => 'gzip, deflate',
  'accept-language' => 'zh-CN,zh;q=0.9',
)
[ info ] [ PARAM ] array (
  'id' => NULL,
)
[ info ] [ RUN ] think\captcha\CaptchaController->index[ D:\phpStudy\WWW\ph\vendor\topthink\think-captcha\src\CaptchaController.php ]
[ info ] [ SESSION ] INIT array (
  'id' => '',
  'var_session_id' => '',
  'prefix' => 'ph_admin_',
  'type' => '',
  'expire' => '',
  'auto_start' => true,
  'path' => 'D:\\phpStudy\\WWW\\ph/runtime/session/',
)
[ info ] [ LOG ] INIT File

---------------------------------------------------------------
[ 2018-04-16T11:56:43+08:00 ] 127.0.0.1 127.0.0.1 POST /user/Publics/signin
[ log ] web.ph.com/user/Publics/signin [运行时间：0.181641s][吞吐率：5.51req/s] [内存消耗：2,828.02kb] [文件加载：56]
[ info ] [ LANG ] D:\phpStudy\WWW\ph\thinkphp\lang\zh-cn.php
[ info ] [ ROUTE ] array (
  'type' => 'module',
  'module' => 
  array (
    0 => 'user',
    1 => 'Publics',
    2 => 'signin',
  ),
)
[ info ] [ HEADER ] array (
  'host' => 'web.ph.com',
  'connection' => 'keep-alive',
  'content-length' => '39',
  'accept' => 'application/json, text/javascript, */*; q=0.01',
  'origin' => 'http://web.ph.com',
  'x-requested-with' => 'XMLHttpRequest',
  'user-agent' => 'Mozilla/5.0 (Windows NT 6.1; WOW64) AppleWebKit/537.36 (KHTML, like Gecko) Chrome/65.0.3325.146 Safari/537.36',
  'content-type' => 'application/x-www-form-urlencoded; charset=UTF-8',
  'referer' => 'http://web.ph.com/',
  'accept-encoding' => 'gzip, deflate',
  'accept-language' => 'zh-CN,zh;q=0.9',
  'cookie' => 'PHPSESSID=6m9ges59rrcggdufd6b3c29813',
)
[ info ] [ PARAM ] array (
  'UserName' => 'admin',
  'Password' => 'admin',
  'code' => '7666',
)
[ info ] [ RUN ] app\user\controller\Publics->signin[ D:\phpStudy\WWW\ph\application\user\controller\Publics.php ]
[ info ] [ DB ] INIT mysql
[ info ] [ SESSION ] INIT array (
  'id' => '',
  'var_session_id' => '',
  'prefix' => 'ph_admin_',
  'type' => '',
  'expire' => '',
  'auto_start' => true,
  'path' => 'D:\\phpStudy\\WWW\\ph/runtime/session/',
)
[ info ] [ LOG ] INIT File
[ error ] [1049]SQLSTATE[HY000] [1049] Unknown database 'gf'[D:\phpStudy\WWW\ph\thinkphp\library\think\db\Connection.php:287]

---------------------------------------------------------------
[ 2018-04-16T11:57:11+08:00 ] 127.0.0.1 127.0.0.1 GET /captcha.html?d=0.1368364619427378
[ log ] web.ph.com/captcha.html?d=0.1368364619427378 [运行时间：0.034180s][吞吐率：29.26req/s] [内存消耗：1,529.88kb] [文件加载：39]
[ info ] [ LANG ] D:\phpStudy\WWW\ph\thinkphp\lang\zh-cn.php
[ info ] [ ROUTE ] array (
  'type' => 'method',
  'method' => 
  array (
    0 => '\\think\\captcha\\CaptchaController',
    1 => 'index',
  ),
  'var' => 
  array (
  ),
)
[ info ] [ HEADER ] array (
  'host' => 'web.ph.com',
  'connection' => 'keep-alive',
  'user-agent' => 'Mozilla/5.0 (Windows NT 6.1; WOW64) AppleWebKit/537.36 (KHTML, like Gecko) Chrome/65.0.3325.146 Safari/537.36',
  'accept' => 'image/webp,image/apng,image/*,*/*;q=0.8',
  'referer' => 'http://web.ph.com/',
  'accept-encoding' => 'gzip, deflate',
  'accept-language' => 'zh-CN,zh;q=0.9',
  'cookie' => 'PHPSESSID=6m9ges59rrcggdufd6b3c29813',
)
[ info ] [ PARAM ] array (
  'd' => '0.1368364619427378',
  'id' => NULL,
)
[ info ] [ RUN ] think\captcha\CaptchaController->index[ D:\phpStudy\WWW\ph\vendor\topthink\think-captcha\src\CaptchaController.php ]
[ info ] [ SESSION ] INIT array (
  'id' => '',
  'var_session_id' => '',
  'prefix' => 'ph_admin_',
  'type' => '',
  'expire' => '',
  'auto_start' => true,
  'path' => 'D:\\phpStudy\\WWW\\ph/runtime/session/',
)
[ info ] [ LOG ] INIT File

---------------------------------------------------------------
[ 2018-04-16T11:57:17+08:00 ] 127.0.0.1 127.0.0.1 POST /user/Publics/signin
[ log ] web.ph.com/user/Publics/signin [运行时间：0.781250s][吞吐率：1.28req/s] [内存消耗：3,158.79kb] [文件加载：62]
[ info ] [ LANG ] D:\phpStudy\WWW\ph\thinkphp\lang\zh-cn.php
[ info ] [ ROUTE ] array (
  'type' => 'module',
  'module' => 
  array (
    0 => 'user',
    1 => 'Publics',
    2 => 'signin',
  ),
)
[ info ] [ HEADER ] array (
  'host' => 'web.ph.com',
  'connection' => 'keep-alive',
  'content-length' => '39',
  'accept' => 'application/json, text/javascript, */*; q=0.01',
  'origin' => 'http://web.ph.com',
  'x-requested-with' => 'XMLHttpRequest',
  'user-agent' => 'Mozilla/5.0 (Windows NT 6.1; WOW64) AppleWebKit/537.36 (KHTML, like Gecko) Chrome/65.0.3325.146 Safari/537.36',
  'content-type' => 'application/x-www-form-urlencoded; charset=UTF-8',
  'referer' => 'http://web.ph.com/',
  'accept-encoding' => 'gzip, deflate',
  'accept-language' => 'zh-CN,zh;q=0.9',
  'cookie' => 'PHPSESSID=6m9ges59rrcggdufd6b3c29813',
)
[ info ] [ PARAM ] array (
  'UserName' => 'admin',
  'Password' => 'admin',
  'code' => '8365',
)
[ info ] [ RUN ] app\user\controller\Publics->signin[ D:\phpStudy\WWW\ph\application\user\controller\Publics.php ]
[ info ] [ DB ] INIT mysql
[ info ] [ SESSION ] INIT array (
  'id' => '',
  'var_session_id' => '',
  'prefix' => 'ph_admin_',
  'type' => '',
  'expire' => '',
  'auto_start' => true,
  'path' => 'D:\\phpStudy\\WWW\\ph/runtime/session/',
)
[ info ] [ CACHE ] INIT File
[ info ] [ LOG ] INIT File
[ sql ] [ DB ] CONNECT:[ UseTime:0.028321s ] mysql:dbname=ph;host=localhost;port=3306;charset=utf8
[ sql ] [ SQL ] SHOW COLUMNS FROM `ph_admin_user` [ RunTime:0.182617s ]
[ sql ] [ SQL ] SELECT * FROM `ph_admin_user` WHERE  `UserName` = 'admin'  AND `Status` = 1 LIMIT 1 [ RunTime:0.006836s ]
[ sql ] [ SQL ] UPDATE `ph_admin_user`  SET `LastLoginIp`=2130706433,`LastLoginTime`=1523851036  WHERE  `id` = 1 [ RunTime:0.062500s ]
[ sql ] [ SQL ] SELECT * FROM `ph_admin_user` WHERE  `id` = 1 LIMIT 1 [ RunTime:0.000000s ]
[ sql ] [ SQL ] SELECT `UserName` FROM `ph_admin_user` WHERE  `id` = 1 LIMIT 1 [ RunTime:0.000000s ]
[ sql ] [ SQL ] SHOW COLUMNS FROM `ph_institution` [ RunTime:0.068359s ]
[ sql ] [ SQL ] SELECT `Institution` FROM `ph_institution` WHERE  `id` = 1 LIMIT 1 [ RunTime:0.000000s ]
[ sql ] [ SQL ] SELECT `Level` FROM `ph_institution` WHERE  `id` = 1 LIMIT 1 [ RunTime:0.000000s ]
[ sql ] [ SQL ] SHOW COLUMNS FROM `ph_admin_role` [ RunTime:0.039063s ]
[ sql ] [ SQL ] SELECT `id`,`MenuAuth` FROM `ph_admin_role` WHERE  `id` IN (108)  AND `Status` <> 0 [ RunTime:0.000000s ]
[ sql ] [ SQL ] SHOW COLUMNS FROM `ph_admin_menu` [ RunTime:0.047852s ]
[ sql ] [ SQL ] SELECT `id`,`UrlValue` FROM `ph_admin_menu` WHERE  `id` IN (2,1,3,4,5,6,7,8,9,41,42,43,44,45,46,48,49,51,52,53,54,55,56,57,58,59,60,61,62,63,64,66,67,68,69,81,82,83,84,85,86,87,88,89,90,200,201,202,203,204,205,206,207,208,209,210,211,212,213,214,215,216,218,219,241,242,243,244,245,246,247,248,249,250,251,252,253,254,255,256,257,258,259,260,261,262,263,265,266,267,268,269,270,271,272,273,274,275,321,322,323,324,325,326,327,328,329,330,340,341,342,343,344,345,346,347,348,349,350,361,362,363,364,365,366,367,368,369,401,402,403,404,405,406,407,408,409,410,412,413,414,415,416,417,418,451,452,453,454,455,456,457,458,459,460,461,462,463,464,465,466,467,501,502,503,504,506,507,509,510,511,512,513,514,515,516,517,518,519,520)  AND `UrlValue` <> '' [ RunTime:0.002929s ]
[ sql ] [ SQL ] SELECT `id`,`Title`,`Icons`,`UrlValue`,`pid` FROM `ph_admin_menu` WHERE  `id` IN (2,1,3,4,5,6,7,8,9,41,42,43,44,45,46,48,49,51,52,53,54,55,56,57,58,59,60,61,62,63,64,66,67,68,69,81,82,83,84,85,86,87,88,89,90,200,201,202,203,204,205,206,207,208,209,210,211,212,213,214,215,216,218,219,241,242,243,244,245,246,247,248,249,250,251,252,253,254,255,256,257,258,259,260,261,262,263,265,266,267,268,269,270,271,272,273,274,275,321,322,323,324,325,326,327,328,329,330,340,341,342,343,344,345,346,347,348,349,350,361,362,363,364,365,366,367,368,369,401,402,403,404,405,406,407,408,409,410,412,413,414,415,416,417,418,451,452,453,454,455,456,457,458,459,460,461,462,463,464,465,466,467,501,502,503,504,506,507,509,510,511,512,513,514,515,516,517,518,519,520)  AND `UrlValue` <> ''  AND `Level` <> 3 [ RunTime:0.001953s ]
[ sql ] [ SQL ] SELECT `id` FROM `ph_admin_menu` WHERE  `id` IN (2,1,3,4,5,6,7,8,9,41,42,43,44,45,46,48,49,51,52,53,54,55,56,57,58,59,60,61,62,63,64,66,67,68,69,81,82,83,84,85,86,87,88,89,90,200,201,202,203,204,205,206,207,208,209,210,211,212,213,214,215,216,218,219,241,242,243,244,245,246,247,248,249,250,251,252,253,254,255,256,257,258,259,260,261,262,263,265,266,267,268,269,270,271,272,273,274,275,321,322,323,324,325,326,327,328,329,330,340,341,342,343,344,345,346,347,348,349,350,361,362,363,364,365,366,367,368,369,401,402,403,404,405,406,407,408,409,410,412,413,414,415,416,417,418,451,452,453,454,455,456,457,458,459,460,461,462,463,464,465,466,467,501,502,503,504,506,507,509,510,511,512,513,514,515,516,517,518,519,520)  AND `UrlValue` <> ''  AND `Level` = 3 [ RunTime:0.002930s ]
[ sql ] [ SQL ] SELECT * FROM `ph_admin_user` WHERE  `id` = 1 LIMIT 1 [ RunTime:0.000000s ]
[ sql ] [ SQL ] SELECT `RealName` FROM `ph_admin_user` WHERE  `Number` = 10000 LIMIT 1 [ RunTime:0.000000s ]
[ sql ] [ SQL ] SHOW COLUMNS FROM `ph_admin_log` [ RunTime:0.099609s ]
[ sql ] [ SQL ] INSERT INTO `ph_admin_log` (`Action` , `UserID` , `InstitutionID` , `ActionIP` , `ActionType` , `Remark` , `CreateTime` , `Description`) VALUES ('登录系统' , 10000 , 1 , '2130706433' , 6 , '武昌区公司超级管理员于2018-04-16 11:57:16 执行登录系统操作。' , 1523851036 , '') [ RunTime:0.049804s ]

---------------------------------------------------------------
[ 2018-04-16T11:57:18+08:00 ] 127.0.0.1 127.0.0.1 GET /ph/index/index.html
[ log ] web.ph.com/ph/index/index.html [运行时间：0.858399s][吞吐率：1.16req/s] [内存消耗：3,675.17kb] [文件加载：64]
[ info ] [ LANG ] D:\phpStudy\WWW\ph\thinkphp\lang\zh-cn.php
[ info ] [ ROUTE ] array (
  'type' => 'module',
  'module' => 
  array (
    0 => 'ph',
    1 => 'index',
    2 => 'index',
  ),
)
[ info ] [ HEADER ] array (
  'host' => 'web.ph.com',
  'connection' => 'keep-alive',
  'upgrade-insecure-requests' => '1',
  'user-agent' => 'Mozilla/5.0 (Windows NT 6.1; WOW64) AppleWebKit/537.36 (KHTML, like Gecko) Chrome/65.0.3325.146 Safari/537.36',
  'accept' => 'text/html,application/xhtml+xml,application/xml;q=0.9,image/webp,image/apng,*/*;q=0.8',
  'referer' => 'http://web.ph.com/',
  'accept-encoding' => 'gzip, deflate',
  'accept-language' => 'zh-CN,zh;q=0.9',
  'cookie' => 'PHPSESSID=6m9ges59rrcggdufd6b3c29813',
)
[ info ] [ PARAM ] array (
)
[ info ] [ DB ] INIT mysql
[ info ] [ SESSION ] INIT array (
  'id' => '',
  'var_session_id' => '',
  'prefix' => 'ph_admin_',
  'type' => '',
  'expire' => '',
  'auto_start' => true,
  'path' => 'D:\\phpStudy\\WWW\\ph/runtime/session/',
)
[ info ] [ VIEW ] D:\phpStudy\WWW\ph/application/ph/view/layout.html [ array (
  0 => 'left_menu',
  1 => 'nowMvc',
  2 => 'nowID',
  3 => 'userBaseInfo',
  4 => 'threeMenu',
  5 => 'insArr',
  6 => 'owerArr',
  7 => 'owerLst',
  8 => 'damaLst',
  9 => 'struLst',
  10 => 'useNatureLst',
  11 => 'useRoles',
  12 => 'instLst',
  13 => 'allInstitutions',
  14 => 'cutTypeLst',
  15 => 'notice_list',
  16 => 'upload_file_list',
  17 => 'short_cut_menus_list',
  18 => 'wait_processing',
) ]
[ info ] [ RUN ] app\ph\controller\Index->index[ D:\phpStudy\WWW\ph\application\ph\controller\Index.php ]
[ info ] [ VIEW ] D:\phpStudy\WWW\ph/application/ph/view/layout.html [ array (
  0 => 'left_menu',
  1 => 'nowMvc',
  2 => 'nowID',
  3 => 'userBaseInfo',
  4 => 'threeMenu',
  5 => 'insArr',
  6 => 'owerArr',
  7 => 'owerLst',
  8 => 'damaLst',
  9 => 'struLst',
  10 => 'useNatureLst',
  11 => 'useRoles',
  12 => 'instLst',
  13 => 'allInstitutions',
  14 => 'cutTypeLst',
  15 => 'notice_list',
  16 => 'upload_file_list',
  17 => 'short_cut_menus_list',
  18 => 'wait_processing',
) ]
[ info ] [ LOG ] INIT File
[ sql ] [ DB ] CONNECT:[ UseTime:0.000977s ] mysql:dbname=ph;host=localhost;port=3306;charset=utf8
[ sql ] [ SQL ] SHOW COLUMNS FROM `ph_ban_owner_type` [ RunTime:0.067383s ]
[ sql ] [ SQL ] SELECT `id`,`OwnerType` FROM `ph_ban_owner_type` [ RunTime:0.000000s ]
[ sql ] [ SQL ] SELECT `id`,`OwnerType` FROM `ph_ban_owner_type` [ RunTime:0.000000s ]
[ sql ] [ SQL ] SHOW COLUMNS FROM `ph_institution` [ RunTime:0.005859s ]
[ sql ] [ SQL ] SELECT `id`,`Institution` FROM `ph_institution` [ RunTime:0.000977s ]
[ sql ] [ SQL ] SHOW COLUMNS FROM `ph_ban_structure_type` [ RunTime:0.045898s ]
[ sql ] [ SQL ] SELECT `id`,`StructureType` FROM `ph_ban_structure_type` [ RunTime:0.000977s ]
[ sql ] [ SQL ] SHOW COLUMNS FROM `ph_ban_damage_grade` [ RunTime:0.049804s ]
[ sql ] [ SQL ] SELECT `id`,`DamageGrade` FROM `ph_ban_damage_grade` [ RunTime:0.000000s ]
[ sql ] [ SQL ] SHOW COLUMNS FROM `ph_use_nature` [ RunTime:0.049805s ]
[ sql ] [ SQL ] SELECT `id`,`UseNature` FROM `ph_use_nature` [ RunTime:0.000976s ]
[ sql ] [ SQL ] SHOW COLUMNS FROM `ph_admin_menu` [ RunTime:0.005860s ]
[ sql ] [ SQL ] SELECT `pid` FROM `ph_admin_menu` WHERE  `UrlValue` = 'ph/Index/index' LIMIT 1 [ RunTime:0.000000s ]
[ sql ] [ SQL ] SELECT `id`,`Institution`,`pid` FROM `ph_institution` [ RunTime:0.000977s ]
[ sql ] [ SQL ] SELECT `id`,`Institution`,`pid`,`Level` FROM `ph_institution` [ RunTime:0.000000s ]
[ sql ] [ SQL ] SHOW COLUMNS FROM `ph_cut_rent_type` [ RunTime:0.056641s ]
[ sql ] [ SQL ] SELECT `id`,`CutName` FROM `ph_cut_rent_type` [ RunTime:0.000976s ]
[ sql ] [ SQL ] SHOW COLUMNS FROM `ph_notice` [ RunTime:0.046875s ]
[ sql ] [ SQL ] SELECT COUNT(*) AS tp_count FROM `ph_notice` LIMIT 1 [ RunTime:0.040039s ]
[ sql ] [ SQL ] SELECT * FROM `ph_notice` ORDER BY UpdateTime desc LIMIT 0,5 [ RunTime:0.003907s ]
[ sql ] [ SQL ] SHOW COLUMNS FROM `ph_file` [ RunTime:0.037110s ]
[ sql ] [ SQL ] SELECT COUNT(*) AS tp_count FROM `ph_file` LIMIT 1 [ RunTime:0.000000s ]
[ sql ] [ SQL ] SELECT * FROM `ph_file` ORDER BY Time desc LIMIT 0,5 [ RunTime:0.000977s ]
[ sql ] [ SQL ] SHOW COLUMNS FROM `ph_short_cut` [ RunTime:0.059570s ]
[ sql ] [ SQL ] SELECT * FROM `ph_short_cut` WHERE  `User` = 'admin' [ RunTime:0.000977s ]
[ sql ] [ SQL ] SHOW COLUMNS FROM `ph_change_order` [ RunTime:0.046875s ]
[ sql ] [ SQL ] SELECT `a`.`ChangeOrderID`,`a`.`CreateTime`,`b`.`ChangeType`,`a`.`Status` FROM `ph_change_order` `a` LEFT JOIN `ph_change_type` `b` ON `a`.`ChangeType`=`b`.`id` [ RunTime:0.037109s ]
[ sql ] [ SQL ] SELECT COUNT(*) AS tp_count FROM `ph_notice` LIMIT 1 [ RunTime:0.000000s ]
[ sql ] [ SQL ] SELECT * FROM `ph_notice` ORDER BY UpdateTime desc LIMIT 0,5 [ RunTime:0.000977s ]
[ sql ] [ SQL ] SELECT COUNT(*) AS tp_count FROM `ph_file` LIMIT 1 [ RunTime:0.000977s ]
[ sql ] [ SQL ] SELECT * FROM `ph_file` ORDER BY Time desc LIMIT 0,5 [ RunTime:0.000000s ]
[ sql ] [ SQL ] SELECT * FROM `ph_short_cut` WHERE  `User` = 'admin' [ RunTime:0.000000s ]
[ sql ] [ SQL ] SELECT `a`.`ChangeOrderID`,`a`.`CreateTime`,`b`.`ChangeType`,`a`.`Status` FROM `ph_change_order` `a` LEFT JOIN `ph_change_type` `b` ON `a`.`ChangeType`=`b`.`id` [ RunTime:0.000977s ]

---------------------------------------------------------------
[ 2018-04-16T11:57:22+08:00 ] 127.0.0.1 127.0.0.1 GET /ph/BanInfo/index
[ log ] web.ph.com/ph/BanInfo/index [运行时间：1.388671s][吞吐率：0.72req/s] [内存消耗：4,257.70kb] [文件加载：67]
[ info ] [ LANG ] D:\phpStudy\WWW\ph\thinkphp\lang\zh-cn.php
[ info ] [ ROUTE ] array (
  'type' => 'module',
  'module' => 
  array (
    0 => 'ph',
    1 => 'BanInfo',
    2 => 'index',
  ),
)
[ info ] [ HEADER ] array (
  'host' => 'web.ph.com',
  'connection' => 'keep-alive',
  'upgrade-insecure-requests' => '1',
  'user-agent' => 'Mozilla/5.0 (Windows NT 6.1; WOW64) AppleWebKit/537.36 (KHTML, like Gecko) Chrome/65.0.3325.146 Safari/537.36',
  'accept' => 'text/html,application/xhtml+xml,application/xml;q=0.9,image/webp,image/apng,*/*;q=0.8',
  'referer' => 'http://web.ph.com/ph/index/index.html',
  'accept-encoding' => 'gzip, deflate',
  'accept-language' => 'zh-CN,zh;q=0.9',
  'cookie' => 'PHPSESSID=6m9ges59rrcggdufd6b3c29813',
)
[ info ] [ PARAM ] array (
)
[ info ] [ DB ] INIT mysql
[ info ] [ SESSION ] INIT array (
  'id' => '',
  'var_session_id' => '',
  'prefix' => 'ph_admin_',
  'type' => '',
  'expire' => '',
  'auto_start' => true,
  'path' => 'D:\\phpStudy\\WWW\\ph/runtime/session/',
)
[ info ] [ RUN ] app\ph\controller\BanInfo->index[ D:\phpStudy\WWW\ph\application\ph\controller\BanInfo.php ]
[ info ] [ VIEW ] D:\phpStudy\WWW\ph/application/ph\view\ban_info\index.html [ array (
  0 => 'left_menu',
  1 => 'nowMvc',
  2 => 'nowID',
  3 => 'userBaseInfo',
  4 => 'threeMenu',
  5 => 'insArr',
  6 => 'owerArr',
  7 => 'owerLst',
  8 => 'damaLst',
  9 => 'struLst',
  10 => 'useNatureLst',
  11 => 'useRoles',
  12 => 'instLst',
  13 => 'allInstitutions',
  14 => 'cutTypeLst',
  15 => 'totalArea',
  16 => 'totalUseArea',
  17 => 'tatalBanPrerent',
  18 => 'banLst',
  19 => 'banLstObj',
  20 => 'banOption',
  21 => 'faciLst',
  22 => 'areaTwo',
  23 => 'areaThree',
) ]
[ info ] [ LOG ] INIT File
[ sql ] [ DB ] CONNECT:[ UseTime:0.000976s ] mysql:dbname=ph;host=localhost;port=3306;charset=utf8
[ sql ] [ SQL ] SHOW COLUMNS FROM `ph_ban_owner_type` [ RunTime:0.004883s ]
[ sql ] [ SQL ] SELECT `id`,`OwnerType` FROM `ph_ban_owner_type` [ RunTime:0.000000s ]
[ sql ] [ SQL ] SELECT `id`,`OwnerType` FROM `ph_ban_owner_type` [ RunTime:0.000000s ]
[ sql ] [ SQL ] SHOW COLUMNS FROM `ph_institution` [ RunTime:0.005859s ]
[ sql ] [ SQL ] SELECT `id`,`Institution` FROM `ph_institution` [ RunTime:0.000000s ]
[ sql ] [ SQL ] SHOW COLUMNS FROM `ph_ban_structure_type` [ RunTime:0.004882s ]
[ sql ] [ SQL ] SELECT `id`,`StructureType` FROM `ph_ban_structure_type` [ RunTime:0.000000s ]
[ sql ] [ SQL ] SHOW COLUMNS FROM `ph_ban_damage_grade` [ RunTime:0.004883s ]
[ sql ] [ SQL ] SELECT `id`,`DamageGrade` FROM `ph_ban_damage_grade` [ RunTime:0.000976s ]
[ sql ] [ SQL ] SHOW COLUMNS FROM `ph_use_nature` [ RunTime:0.004883s ]
[ sql ] [ SQL ] SELECT `id`,`UseNature` FROM `ph_use_nature` [ RunTime:0.000000s ]
[ sql ] [ SQL ] SHOW COLUMNS FROM `ph_admin_menu` [ RunTime:0.005859s ]
[ sql ] [ SQL ] SELECT `pid` FROM `ph_admin_menu` WHERE  `UrlValue` = 'ph/BanInfo/index' LIMIT 1 [ RunTime:0.000000s ]
[ sql ] [ SQL ] SELECT `id`,`Institution`,`pid` FROM `ph_institution` [ RunTime:0.000000s ]
[ sql ] [ SQL ] SELECT `id`,`Institution`,`pid`,`Level` FROM `ph_institution` [ RunTime:0.000000s ]
[ sql ] [ SQL ] SHOW COLUMNS FROM `ph_cut_rent_type` [ RunTime:0.005859s ]
[ sql ] [ SQL ] SELECT `id`,`CutName` FROM `ph_cut_rent_type` [ RunTime:0.000977s ]
[ sql ] [ SQL ] SHOW COLUMNS FROM `ph_ban_facilities` [ RunTime:0.048828s ]
[ sql ] [ SQL ] SELECT `id`,`BanFacilities` FROM `ph_ban_facilities` [ RunTime:0.000000s ]
[ sql ] [ SQL ] SHOW COLUMNS FROM `ph_area` [ RunTime:0.042969s ]
[ sql ] [ SQL ] SELECT `id`,`Code`,`AreaTitle` FROM `ph_area` WHERE  `Level` = 2 [ RunTime:0.000977s ]
[ sql ] [ SQL ] SELECT `id`,`Code`,`AreaTitle` FROM `ph_area` WHERE  `Level` = 3 [ RunTime:0.000976s ]
[ sql ] [ SQL ] SHOW COLUMNS FROM `ph_ban` [ RunTime:0.075195s ]
[ sql ] [ SQL ] SELECT COUNT(*) AS tp_count FROM `ph_ban` WHERE  `Status` BETWEEN 1 AND 9 LIMIT 1 [ RunTime:0.093750s ]
[ sql ] [ SQL ] SELECT `BanID` FROM `ph_ban` WHERE  `Status` BETWEEN 1 AND 9 ORDER BY OldBanID asc LIMIT 0,15 [ RunTime:0.009766s ]
[ sql ] [ SQL ] SELECT sum(TotalArea) as ToatalAreas FROM `ph_ban` WHERE  `Status` BETWEEN 1 AND 9 LIMIT 1 [ RunTime:0.005859s ]
[ sql ] [ SQL ] SELECT sum(BanUsearea) as BanUseareas FROM `ph_ban` WHERE  `Status` BETWEEN 1 AND 9 LIMIT 1 [ RunTime:0.005860s ]
[ sql ] [ SQL ] SELECT sum(PreRent) as BanPrerents FROM `ph_ban` WHERE  `Status` BETWEEN 1 AND 9 LIMIT 1 [ RunTime:0.005859s ]
[ sql ] [ SQL ] SELECT `BanID`,`TubulationID`,`OwnerType`,`AreaFour`,`BanUsearea`,`BanAddress`,`BanPropertyID`,`BanYear`,`DamageGrade`,`StructureType`,`UseNature`,`PreRent`,`TotalArea` FROM `ph_ban` WHERE  `BanID` = '1030102127' LIMIT 1 [ RunTime:0.000000s ]
[ sql ] [ SQL ] SHOW COLUMNS FROM `ph_house` [ RunTime:0.131836s ]
[ sql ] [ SQL ] SELECT `HouseID` FROM `ph_house` WHERE  `Status` BETWEEN 1 AND 9  AND `BanID` = '1030102127' [ RunTime:0.220703s ]
[ sql ] [ SQL ] SELECT `DamageGrade` FROM `ph_ban_damage_grade` WHERE  `id` = 1 LIMIT 1 [ RunTime:0.000000s ]
[ sql ] [ SQL ] SELECT `OwnerType` FROM `ph_ban_owner_type` WHERE  `id` = 5 LIMIT 1 [ RunTime:0.000976s ]
[ sql ] [ SQL ] SELECT `StructureType` FROM `ph_ban_structure_type` WHERE  `id` = 4 LIMIT 1 [ RunTime:0.000000s ]
[ sql ] [ SQL ] SELECT `Institution` FROM `ph_institution` WHERE  `id` = 20 LIMIT 1 [ RunTime:0.000000s ]
[ sql ] [ SQL ] SELECT `UseNature` FROM `ph_use_nature` WHERE  `id` = 1 LIMIT 1 [ RunTime:0.000000s ]
[ sql ] [ SQL ] SELECT `BanID`,`TubulationID`,`OwnerType`,`AreaFour`,`BanUsearea`,`BanAddress`,`BanPropertyID`,`BanYear`,`DamageGrade`,`StructureType`,`UseNature`,`PreRent`,`TotalArea` FROM `ph_ban` WHERE  `BanID` = '1040032499' LIMIT 1 [ RunTime:0.000977s ]
[ sql ] [ SQL ] SELECT `HouseID` FROM `ph_house` WHERE  `Status` BETWEEN 1 AND 9  AND `BanID` = '1040032499' [ RunTime:0.026368s ]
[ sql ] [ SQL ] SELECT COUNT(*) AS tp_count FROM `ph_house` WHERE  `HouseID` IN ('10400324993653','10400324993654','10400324993655','10400324993656','10400324993657','10400324993658','10400324993659','10400324993660','10400324993661','10400324993662','10400324993663','10400324993664','10400324993665') LIMIT 1 [ RunTime:0.000000s ]
[ sql ] [ SQL ] SELECT `DamageGrade` FROM `ph_ban_damage_grade` WHERE  `id` = 1 LIMIT 1 [ RunTime:0.000000s ]
[ sql ] [ SQL ] SELECT `OwnerType` FROM `ph_ban_owner_type` WHERE  `id` = 2 LIMIT 1 [ RunTime:0.000976s ]
[ sql ] [ SQL ] SELECT `StructureType` FROM `ph_ban_structure_type` WHERE  `id` = 4 LIMIT 1 [ RunTime:0.000000s ]
[ sql ] [ SQL ] SELECT `Institution` FROM `ph_institution` WHERE  `id` = 23 LIMIT 1 [ RunTime:0.000000s ]
[ sql ] [ SQL ] SELECT `UseNature` FROM `ph_use_nature` WHERE  `id` = 1 LIMIT 1 [ RunTime:0.000000s ]
[ sql ] [ SQL ] SELECT `BanID`,`TubulationID`,`OwnerType`,`AreaFour`,`BanUsearea`,`BanAddress`,`BanPropertyID`,`BanYear`,`DamageGrade`,`StructureType`,`UseNature`,`PreRent`,`TotalArea` FROM `ph_ban` WHERE  `BanID` = '1040032450' LIMIT 1 [ RunTime:0.000000s ]
[ sql ] [ SQL ] SELECT `HouseID` FROM `ph_house` WHERE  `Status` BETWEEN 1 AND 9  AND `BanID` = '1040032450' [ RunTime:0.026367s ]
[ sql ] [ SQL ] SELECT COUNT(*) AS tp_count FROM `ph_house` WHERE  `HouseID` IN ('10400324503892','10400324503893','10400324503894','10400324503895','10400324503896') LIMIT 1 [ RunTime:0.000977s ]
[ sql ] [ SQL ] SELECT `DamageGrade` FROM `ph_ban_damage_grade` WHERE  `id` = 2 LIMIT 1 [ RunTime:0.000000s ]
[ sql ] [ SQL ] SELECT `OwnerType` FROM `ph_ban_owner_type` WHERE  `id` = 2 LIMIT 1 [ RunTime:0.000000s ]
[ sql ] [ SQL ] SELECT `StructureType` FROM `ph_ban_structure_type` WHERE  `id` = 4 LIMIT 1 [ RunTime:0.000977s ]
[ sql ] [ SQL ] SELECT `Institution` FROM `ph_institution` WHERE  `id` = 23 LIMIT 1 [ RunTime:0.000000s ]
[ sql ] [ SQL ] SELECT `UseNature` FROM `ph_use_nature` WHERE  `id` = 1 LIMIT 1 [ RunTime:0.000976s ]
[ sql ] [ SQL ] SELECT `BanID`,`TubulationID`,`OwnerType`,`AreaFour`,`BanUsearea`,`BanAddress`,`BanPropertyID`,`BanYear`,`DamageGrade`,`StructureType`,`UseNature`,`PreRent`,`TotalArea` FROM `ph_ban` WHERE  `BanID` = '1020072068' LIMIT 1 [ RunTime:0.000977s ]
[ sql ] [ SQL ] SELECT `HouseID` FROM `ph_house` WHERE  `Status` BETWEEN 1 AND 9  AND `BanID` = '1020072068' [ RunTime:0.022461s ]
[ sql ] [ SQL ] SELECT COUNT(*) AS tp_count FROM `ph_house` WHERE  `HouseID` IN ('10200720685974','10200720685975','10200720685976','10200720685977','10200720685978') LIMIT 1 [ RunTime:0.000977s ]
[ sql ] [ SQL ] SELECT `DamageGrade` FROM `ph_ban_damage_grade` WHERE  `id` = 2 LIMIT 1 [ RunTime:0.000000s ]
[ sql ] [ SQL ] SELECT `OwnerType` FROM `ph_ban_owner_type` WHERE  `id` = 2 LIMIT 1 [ RunTime:0.000000s ]
[ sql ] [ SQL ] SELECT `StructureType` FROM `ph_ban_structure_type` WHERE  `id` = 1 LIMIT 1 [ RunTime:0.000000s ]
[ sql ] [ SQL ] SELECT `Institution` FROM `ph_institution` WHERE  `id` = 20 LIMIT 1 [ RunTime:0.000000s ]
[ sql ] [ SQL ] SELECT `UseNature` FROM `ph_use_nature` WHERE  `id` = 1 LIMIT 1 [ RunTime:0.000977s ]
[ sql ] [ SQL ] SELECT `BanID`,`TubulationID`,`OwnerType`,`AreaFour`,`BanUsearea`,`BanAddress`,`BanPropertyID`,`BanYear`,`DamageGrade`,`StructureType`,`UseNature`,`PreRent`,`TotalArea` FROM `ph_ban` WHERE  `BanID` = '1020072067' LIMIT 1 [ RunTime:0.000976s ]
[ sql ] [ SQL ] SELECT `HouseID` FROM `ph_house` WHERE  `Status` BETWEEN 1 AND 9  AND `BanID` = '1020072067' [ RunTime:0.024414s ]
[ sql ] [ SQL ] SELECT COUNT(*) AS tp_count FROM `ph_house` WHERE  `HouseID` IN ('10200720675979','10200720675980','10200720675981','10200720675982','10200720675983','10200720675984','10200720675985') LIMIT 1 [ RunTime:0.000977s ]
[ sql ] [ SQL ] SELECT `DamageGrade` FROM `ph_ban_damage_grade` WHERE  `id` = 2 LIMIT 1 [ RunTime:0.000976s ]
[ sql ] [ SQL ] SELECT `OwnerType` FROM `ph_ban_owner_type` WHERE  `id` = 2 LIMIT 1 [ RunTime:0.000977s ]
[ sql ] [ SQL ] SELECT `StructureType` FROM `ph_ban_structure_type` WHERE  `id` = 4 LIMIT 1 [ RunTime:0.000000s ]
[ sql ] [ SQL ] SELECT `Institution` FROM `ph_institution` WHERE  `id` = 20 LIMIT 1 [ RunTime:0.000976s ]
[ sql ] [ SQL ] SELECT `UseNature` FROM `ph_use_nature` WHERE  `id` = 1 LIMIT 1 [ RunTime:0.000000s ]
[ sql ] [ SQL ] SELECT `BanID`,`TubulationID`,`OwnerType`,`AreaFour`,`BanUsearea`,`BanAddress`,`BanPropertyID`,`BanYear`,`DamageGrade`,`StructureType`,`UseNature`,`PreRent`,`TotalArea` FROM `ph_ban` WHERE  `BanID` = '1030012120' LIMIT 1 [ RunTime:0.000000s ]
[ sql ] [ SQL ] SELECT `HouseID` FROM `ph_house` WHERE  `Status` BETWEEN 1 AND 9  AND `BanID` = '1030012120' [ RunTime:0.026368s ]
[ sql ] [ SQL ] SELECT COUNT(*) AS tp_count FROM `ph_house` WHERE  `HouseID` IN ('10300121205841','10300121205842','10300121205843') LIMIT 1 [ RunTime:0.000977s ]
[ sql ] [ SQL ] SELECT `DamageGrade` FROM `ph_ban_damage_grade` WHERE  `id` = 2 LIMIT 1 [ RunTime:0.000000s ]
[ sql ] [ SQL ] SELECT `OwnerType` FROM `ph_ban_owner_type` WHERE  `id` = 2 LIMIT 1 [ RunTime:0.000000s ]
[ sql ] [ SQL ] SELECT `StructureType` FROM `ph_ban_structure_type` WHERE  `id` = 4 LIMIT 1 [ RunTime:0.000977s ]
[ sql ] [ SQL ] SELECT `Institution` FROM `ph_institution` WHERE  `id` = 20 LIMIT 1 [ RunTime:0.000000s ]
[ sql ] [ SQL ] SELECT `UseNature` FROM `ph_use_nature` WHERE  `id` = 1 LIMIT 1 [ RunTime:0.000000s ]
[ sql ] [ SQL ] SELECT `BanID`,`TubulationID`,`OwnerType`,`AreaFour`,`BanUsearea`,`BanAddress`,`BanPropertyID`,`BanYear`,`DamageGrade`,`StructureType`,`UseNature`,`PreRent`,`TotalArea` FROM `ph_ban` WHERE  `BanID` = '1040022646' LIMIT 1 [ RunTime:0.000000s ]
[ sql ] [ SQL ] SELECT `HouseID` FROM `ph_house` WHERE  `Status` BETWEEN 1 AND 9  AND `BanID` = '1040022646' [ RunTime:0.025391s ]
[ sql ] [ SQL ] SELECT COUNT(*) AS tp_count FROM `ph_house` WHERE  `HouseID` IN ('10400226464149','10400226464150','10400226464151','10400226464152','10400226464153','10400226464154','10400226464156','10400226464157','10400226464158','10400226464159') LIMIT 1 [ RunTime:0.000976s ]
[ sql ] [ SQL ] SELECT `DamageGrade` FROM `ph_ban_damage_grade` WHERE  `id` = 2 LIMIT 1 [ RunTime:0.000977s ]
[ sql ] [ SQL ] SELECT `OwnerType` FROM `ph_ban_owner_type` WHERE  `id` = 5 LIMIT 1 [ RunTime:0.000000s ]
[ sql ] [ SQL ] SELECT `StructureType` FROM `ph_ban_structure_type` WHERE  `id` = 4 LIMIT 1 [ RunTime:0.000976s ]
[ sql ] [ SQL ] SELECT `Institution` FROM `ph_institution` WHERE  `id` = 24 LIMIT 1 [ RunTime:0.000000s ]
[ sql ] [ SQL ] SELECT `UseNature` FROM `ph_use_nature` WHERE  `id` = 1 LIMIT 1 [ RunTime:0.000000s ]
[ sql ] [ SQL ] SELECT `BanID`,`TubulationID`,`OwnerType`,`AreaFour`,`BanUsearea`,`BanAddress`,`BanPropertyID`,`BanYear`,`DamageGrade`,`StructureType`,`UseNature`,`PreRent`,`TotalArea` FROM `ph_ban` WHERE  `BanID` = '1040022586' LIMIT 1 [ RunTime:0.000000s ]
[ sql ] [ SQL ] SELECT `HouseID` FROM `ph_house` WHERE  `Status` BETWEEN 1 AND 9  AND `BanID` = '1040022586' [ RunTime:0.023438s ]
[ sql ] [ SQL ] SELECT COUNT(*) AS tp_count FROM `ph_house` WHERE  `HouseID` IN ('10400225864398','10400225864399') LIMIT 1 [ RunTime:0.000977s ]
[ sql ] [ SQL ] SELECT `DamageGrade` FROM `ph_ban_damage_grade` WHERE  `id` = 2 LIMIT 1 [ RunTime:0.000000s ]
[ sql ] [ SQL ] SELECT `OwnerType` FROM `ph_ban_owner_type` WHERE  `id` = 2 LIMIT 1 [ RunTime:0.000000s ]
[ sql ] [ SQL ] SELECT `StructureType` FROM `ph_ban_structure_type` WHERE  `id` = 4 LIMIT 1 [ RunTime:0.000000s ]
[ sql ] [ SQL ] SELECT `Institution` FROM `ph_institution` WHERE  `id` = 24 LIMIT 1 [ RunTime:0.000000s ]
[ sql ] [ SQL ] SELECT `UseNature` FROM `ph_use_nature` WHERE  `id` = 1 LIMIT 1 [ RunTime:0.000976s ]
[ sql ] [ SQL ] SELECT `BanID`,`TubulationID`,`OwnerType`,`AreaFour`,`BanUsearea`,`BanAddress`,`BanPropertyID`,`BanYear`,`DamageGrade`,`StructureType`,`UseNature`,`PreRent`,`TotalArea` FROM `ph_ban` WHERE  `BanID` = '1040022585' LIMIT 1 [ RunTime:0.000977s ]
[ sql ] [ SQL ] SELECT `HouseID` FROM `ph_house` WHERE  `Status` BETWEEN 1 AND 9  AND `BanID` = '1040022585' [ RunTime:0.025391s ]
[ sql ] [ SQL ] SELECT COUNT(*) AS tp_count FROM `ph_house` WHERE  `HouseID` IN ('10400225854400','10400225854401','10400225854402') LIMIT 1 [ RunTime:0.000977s ]
[ sql ] [ SQL ] SELECT `DamageGrade` FROM `ph_ban_damage_grade` WHERE  `id` = 2 LIMIT 1 [ RunTime:0.000000s ]
[ sql ] [ SQL ] SELECT `OwnerType` FROM `ph_ban_owner_type` WHERE  `id` = 2 LIMIT 1 [ RunTime:0.000000s ]
[ sql ] [ SQL ] SELECT `StructureType` FROM `ph_ban_structure_type` WHERE  `id` = 4 LIMIT 1 [ RunTime:0.000977s ]
[ sql ] [ SQL ] SELECT `Institution` FROM `ph_institution` WHERE  `id` = 24 LIMIT 1 [ RunTime:0.000000s ]
[ sql ] [ SQL ] SELECT `UseNature` FROM `ph_use_nature` WHERE  `id` = 1 LIMIT 1 [ RunTime:0.000976s ]
[ sql ] [ SQL ] SELECT `BanID`,`TubulationID`,`OwnerType`,`AreaFour`,`BanUsearea`,`BanAddress`,`BanPropertyID`,`BanYear`,`DamageGrade`,`StructureType`,`UseNature`,`PreRent`,`TotalArea` FROM `ph_ban` WHERE  `BanID` = '1010022123' LIMIT 1 [ RunTime:0.000977s ]
[ sql ] [ SQL ] SELECT `HouseID` FROM `ph_house` WHERE  `Status` BETWEEN 1 AND 9  AND `BanID` = '1010022123' [ RunTime:0.024414s ]
[ sql ] [ SQL ] SELECT COUNT(*) AS tp_count FROM `ph_house` WHERE  `HouseID` IN ('10100221237333','10100221237334','10100221237335','10100221237336','10100221237337','10100221237338','10100221237339','10100221237340','10100221237342','10100221237344','10100221237345','10100221237346','10100221237347','10100221237348','10100221237349') LIMIT 1 [ RunTime:0.000976s ]
[ sql ] [ SQL ] SELECT `DamageGrade` FROM `ph_ban_damage_grade` WHERE  `id` = 1 LIMIT 1 [ RunTime:0.000000s ]
[ sql ] [ SQL ] SELECT `OwnerType` FROM `ph_ban_owner_type` WHERE  `id` = 5 LIMIT 1 [ RunTime:0.000976s ]
[ sql ] [ SQL ] SELECT `StructureType` FROM `ph_ban_structure_type` WHERE  `id` = 4 LIMIT 1 [ RunTime:0.000000s ]
[ sql ] [ SQL ] SELECT `Institution` FROM `ph_institution` WHERE  `id` = 20 LIMIT 1 [ RunTime:0.000000s ]
[ sql ] [ SQL ] SELECT `UseNature` FROM `ph_use_nature` WHERE  `id` = 1 LIMIT 1 [ RunTime:0.000000s ]
[ sql ] [ SQL ] SELECT `BanID`,`TubulationID`,`OwnerType`,`AreaFour`,`BanUsearea`,`BanAddress`,`BanPropertyID`,`BanYear`,`DamageGrade`,`StructureType`,`UseNature`,`PreRent`,`TotalArea` FROM `ph_ban` WHERE  `BanID` = '1010022121' LIMIT 1 [ RunTime:0.000977s ]
[ sql ] [ SQL ] SELECT `HouseID` FROM `ph_house` WHERE  `Status` BETWEEN 1 AND 9  AND `BanID` = '1010022121' [ RunTime:0.025391s ]
[ sql ] [ SQL ] SELECT COUNT(*) AS tp_count FROM `ph_house` WHERE  `HouseID` IN ('10100221217396','10100221217397','10100221217398','10100221217399','10100221217400','10100221217401','10100221217402','10100221217403','10100221217404','10100221217405','10100221217406','10100221217407','10100221217408','10100221217409','10100221217410','10100221217411','10100221217412','10100221217413','10100221217414','10100221217415','10100221217416','10100221217417','10100221217418','10100221217419') LIMIT 1 [ RunTime:0.001953s ]
[ sql ] [ SQL ] SELECT `DamageGrade` FROM `ph_ban_damage_grade` WHERE  `id` = 1 LIMIT 1 [ RunTime:0.000000s ]
[ sql ] [ SQL ] SELECT `OwnerType` FROM `ph_ban_owner_type` WHERE  `id` = 5 LIMIT 1 [ RunTime:0.000000s ]
[ sql ] [ SQL ] SELECT `StructureType` FROM `ph_ban_structure_type` WHERE  `id` = 1 LIMIT 1 [ RunTime:0.000976s ]
[ sql ] [ SQL ] SELECT `Institution` FROM `ph_institution` WHERE  `id` = 20 LIMIT 1 [ RunTime:0.000000s ]
[ sql ] [ SQL ] SELECT `UseNature` FROM `ph_use_nature` WHERE  `id` = 1 LIMIT 1 [ RunTime:0.000000s ]
[ sql ] [ SQL ] SELECT `BanID`,`TubulationID`,`OwnerType`,`AreaFour`,`BanUsearea`,`BanAddress`,`BanPropertyID`,`BanYear`,`DamageGrade`,`StructureType`,`UseNature`,`PreRent`,`TotalArea` FROM `ph_ban` WHERE  `BanID` = '1050013190' LIMIT 1 [ RunTime:0.000000s ]
[ sql ] [ SQL ] SELECT `HouseID` FROM `ph_house` WHERE  `Status` BETWEEN 1 AND 9  AND `BanID` = '1050013190' [ RunTime:0.026367s ]
[ sql ] [ SQL ] SELECT COUNT(*) AS tp_count FROM `ph_house` WHERE  `HouseID` IN ('10500131901138','10500131901139','10500131901140','10500131901141','10500131901142','10500131901143','10500131901144','10500131901145','10500131901146','10500131901147','10500131901148','10500131901149','10500131901150','10500131901151','10500131901152','10500131901153','10500131901154','10500131901155','10500131901156','10500131901157','10500131901158','10500131901160','10500131901161','10500131901162','10500131909081') LIMIT 1 [ RunTime:0.000976s ]
[ sql ] [ SQL ] SELECT `DamageGrade` FROM `ph_ban_damage_grade` WHERE  `id` = 1 LIMIT 1 [ RunTime:0.000000s ]
[ sql ] [ SQL ] SELECT `OwnerType` FROM `ph_ban_owner_type` WHERE  `id` = 2 LIMIT 1 [ RunTime:0.000976s ]
[ sql ] [ SQL ] SELECT `StructureType` FROM `ph_ban_structure_type` WHERE  `id` = 1 LIMIT 1 [ RunTime:0.000000s ]
[ sql ] [ SQL ] SELECT `Institution` FROM `ph_institution` WHERE  `id` = 30 LIMIT 1 [ RunTime:0.000000s ]
[ sql ] [ SQL ] SELECT `UseNature` FROM `ph_use_nature` WHERE  `id` = 1 LIMIT 1 [ RunTime:0.000977s ]
[ sql ] [ SQL ] SELECT `BanID`,`TubulationID`,`OwnerType`,`AreaFour`,`BanUsearea`,`BanAddress`,`BanPropertyID`,`BanYear`,`DamageGrade`,`StructureType`,`UseNature`,`PreRent`,`TotalArea` FROM `ph_ban` WHERE  `BanID` = '1050053529' LIMIT 1 [ RunTime:0.000976s ]
[ sql ] [ SQL ] SELECT `HouseID` FROM `ph_house` WHERE  `Status` BETWEEN 1 AND 9  AND `BanID` = '1050053529' [ RunTime:0.025391s ]
[ sql ] [ SQL ] SELECT COUNT(*) AS tp_count FROM `ph_house` WHERE  `HouseID` IN ('10500535299192') LIMIT 1 [ RunTime:0.000000s ]
[ sql ] [ SQL ] SELECT `DamageGrade` FROM `ph_ban_damage_grade` WHERE  `id` = 3 LIMIT 1 [ RunTime:0.000000s ]
[ sql ] [ SQL ] SELECT `OwnerType` FROM `ph_ban_owner_type` WHERE  `id` = 1 LIMIT 1 [ RunTime:0.000000s ]
[ sql ] [ SQL ] SELECT `StructureType` FROM `ph_ban_structure_type` WHERE  `id` = 2 LIMIT 1 [ RunTime:0.000000s ]
[ sql ] [ SQL ] SELECT `Institution` FROM `ph_institution` WHERE  `id` = 33 LIMIT 1 [ RunTime:0.000000s ]
[ sql ] [ SQL ] SELECT `UseNature` FROM `ph_use_nature` WHERE  `id` = 3 LIMIT 1 [ RunTime:0.000000s ]
[ sql ] [ SQL ] SELECT `BanID`,`TubulationID`,`OwnerType`,`AreaFour`,`BanUsearea`,`BanAddress`,`BanPropertyID`,`BanYear`,`DamageGrade`,`StructureType`,`UseNature`,`PreRent`,`TotalArea` FROM `ph_ban` WHERE  `BanID` = '1050053525' LIMIT 1 [ RunTime:0.000976s ]
[ sql ] [ SQL ] SELECT `HouseID` FROM `ph_house` WHERE  `Status` BETWEEN 1 AND 9  AND `BanID` = '1050053525' [ RunTime:0.023438s ]
[ sql ] [ SQL ] SELECT COUNT(*) AS tp_count FROM `ph_house` WHERE  `HouseID` IN ('10500535259200','10500535259201') LIMIT 1 [ RunTime:0.000000s ]
[ sql ] [ SQL ] SELECT `DamageGrade` FROM `ph_ban_damage_grade` WHERE  `id` = 1 LIMIT 1 [ RunTime:0.000000s ]
[ sql ] [ SQL ] SELECT `OwnerType` FROM `ph_ban_owner_type` WHERE  `id` = 1 LIMIT 1 [ RunTime:0.000976s ]
[ sql ] [ SQL ] SELECT `StructureType` FROM `ph_ban_structure_type` WHERE  `id` = 1 LIMIT 1 [ RunTime:0.000000s ]
[ sql ] [ SQL ] SELECT `Institution` FROM `ph_institution` WHERE  `id` = 33 LIMIT 1 [ RunTime:0.000000s ]
[ sql ] [ SQL ] SELECT `UseNature` FROM `ph_use_nature` WHERE  `id` = 1 LIMIT 1 [ RunTime:0.000976s ]
[ sql ] [ SQL ] SELECT `BanID`,`TubulationID`,`OwnerType`,`AreaFour`,`BanUsearea`,`BanAddress`,`BanPropertyID`,`BanYear`,`DamageGrade`,`StructureType`,`UseNature`,`PreRent`,`TotalArea` FROM `ph_ban` WHERE  `BanID` = '1050023317' LIMIT 1 [ RunTime:0.000977s ]
[ sql ] [ SQL ] SELECT `HouseID` FROM `ph_house` WHERE  `Status` BETWEEN 1 AND 9  AND `BanID` = '1050023317' [ RunTime:0.026367s ]
[ sql ] [ SQL ] SELECT COUNT(*) AS tp_count FROM `ph_house` WHERE  `HouseID` IN ('10500233170489','10500233170490','10500233170491','10500233170492') LIMIT 1 [ RunTime:0.000000s ]
[ sql ] [ SQL ] SELECT `DamageGrade` FROM `ph_ban_damage_grade` WHERE  `id` = 2 LIMIT 1 [ RunTime:0.000000s ]
[ sql ] [ SQL ] SELECT `OwnerType` FROM `ph_ban_owner_type` WHERE  `id` = 2 LIMIT 1 [ RunTime:0.000977s ]
[ sql ] [ SQL ] SELECT `StructureType` FROM `ph_ban_structure_type` WHERE  `id` = 4 LIMIT 1 [ RunTime:0.000976s ]
[ sql ] [ SQL ] SELECT `Institution` FROM `ph_institution` WHERE  `id` = 31 LIMIT 1 [ RunTime:0.000000s ]
[ sql ] [ SQL ] SELECT `UseNature` FROM `ph_use_nature` WHERE  `id` = 1 LIMIT 1 [ RunTime:0.000000s ]

---------------------------------------------------------------
[ 2018-04-16T11:57:23+08:00 ] 127.0.0.1 127.0.0.1 GET /ph/Api/get_relation_area
[ log ] web.ph.com/ph/Api/get_relation_area [运行时间：0.128906s][吞吐率：7.76req/s] [内存消耗：2,728.54kb] [文件加载：53]
[ info ] [ LANG ] D:\phpStudy\WWW\ph\thinkphp\lang\zh-cn.php
[ info ] [ ROUTE ] array (
  'type' => 'module',
  'module' => 
  array (
    0 => 'ph',
    1 => 'Api',
    2 => 'get_relation_area',
  ),
)
[ info ] [ HEADER ] array (
  'host' => 'web.ph.com',
  'connection' => 'keep-alive',
  'accept' => '*/*',
  'x-requested-with' => 'XMLHttpRequest',
  'user-agent' => 'Mozilla/5.0 (Windows NT 6.1; WOW64) AppleWebKit/537.36 (KHTML, like Gecko) Chrome/65.0.3325.146 Safari/537.36',
  'referer' => 'http://web.ph.com/ph/BanInfo/index',
  'accept-encoding' => 'gzip, deflate',
  'accept-language' => 'zh-CN,zh;q=0.9',
  'cookie' => 'PHPSESSID=6m9ges59rrcggdufd6b3c29813',
)
[ info ] [ PARAM ] array (
)
[ info ] [ RUN ] app\ph\controller\Api->get_relation_area[ D:\phpStudy\WWW\ph\application\ph\controller\Api.php ]
[ info ] [ DB ] INIT mysql
[ info ] [ LOG ] INIT File
[ sql ] [ DB ] CONNECT:[ UseTime:0.000976s ] mysql:dbname=ph;host=localhost;port=3306;charset=utf8
[ sql ] [ SQL ] SHOW COLUMNS FROM `ph_area` [ RunTime:0.006836s ]
[ sql ] [ SQL ] SELECT * FROM `ph_area` [ RunTime:0.001953s ]

---------------------------------------------------------------
