[ 2018-04-27T20:00:27+08:00 ] 127.0.0.1 127.0.0.1 GET /ph/Api/test
[ log ] web.ph.com/ph/Api/test [运行时间：1.424805s][吞吐率：0.70req/s] [内存消耗：2,767.71kb] [文件加载：53]
[ info ] [ LANG ] D:\phpStudy\WWW\ph\thinkphp\lang\zh-cn.php
[ info ] [ ROUTE ] array (
  'type' => 'module',
  'module' => 
  array (
    0 => 'ph',
    1 => 'Api',
    2 => 'test',
  ),
)
[ info ] [ HEADER ] array (
  'host' => 'web.ph.com',
  'connection' => 'keep-alive',
  'upgrade-insecure-requests' => '1',
  'user-agent' => 'Mozilla/5.0 (Windows NT 6.1; WOW64) AppleWebKit/537.36 (KHTML, like Gecko) Chrome/65.0.3325.146 Safari/537.36',
  'accept' => 'text/html,application/xhtml+xml,application/xml;q=0.9,image/webp,image/apng,*/*;q=0.8',
  'accept-encoding' => 'gzip, deflate',
  'accept-language' => 'zh-CN,zh;q=0.9',
)
[ info ] [ PARAM ] array (
)
[ info ] [ RUN ] app\ph\controller\Api->test[ D:\phpStudy\WWW\ph\application\ph\controller\Api.php ]
[ info ] [ DB ] INIT mysql
[ info ] [ LOG ] INIT File
[ sql ] [ DB ] CONNECT:[ UseTime:0.081055s ] mysql:dbname=PH;host=sh-cdb-r8lcilx2.sql.tencentcdb.com;port=63889;charset=utf8
[ sql ] [ SQL ] SHOW COLUMNS FROM `ph_house` [ RunTime:0.045898s ]
[ sql ] [ SQL ] SELECT `HouseID`,`HousePrerent` FROM `ph_house` WHERE  `InstitutionID` = 13  AND `Status` = 1  AND `OwnerType` = 2  AND `UseNature` = 1 [ RunTime:0.050781s ]
[ sql ] [ SQL ] SHOW COLUMNS FROM `ph_house_1` [ RunTime:0.043946s ]
[ sql ] [ SQL ] SELECT `HouseID`,`HousePrerent` FROM `ph_house_1` WHERE  `InstitutionID` = 13  AND `Status` = 1  AND `OwnerType` = 2  AND `UseNature` = 1 [ RunTime:0.050781s ]

---------------------------------------------------------------
[ 2018-04-27T20:04:34+08:00 ] 127.0.0.1 127.0.0.1 GET /ph/Api/test
[ log ] web.ph.com/ph/Api/test [运行时间：0.376953s][吞吐率：2.65req/s] [内存消耗：2,768.50kb] [文件加载：53]
[ info ] [ LANG ] D:\phpStudy\WWW\ph\thinkphp\lang\zh-cn.php
[ info ] [ ROUTE ] array (
  'type' => 'module',
  'module' => 
  array (
    0 => 'ph',
    1 => 'Api',
    2 => 'test',
  ),
)
[ info ] [ HEADER ] array (
  'host' => 'web.ph.com',
  'connection' => 'keep-alive',
  'cache-control' => 'max-age=0',
  'upgrade-insecure-requests' => '1',
  'user-agent' => 'Mozilla/5.0 (Windows NT 6.1; WOW64) AppleWebKit/537.36 (KHTML, like Gecko) Chrome/65.0.3325.146 Safari/537.36',
  'accept' => 'text/html,application/xhtml+xml,application/xml;q=0.9,image/webp,image/apng,*/*;q=0.8',
  'accept-encoding' => 'gzip, deflate',
  'accept-language' => 'zh-CN,zh;q=0.9',
)
[ info ] [ PARAM ] array (
)
[ info ] [ RUN ] app\ph\controller\Api->test[ D:\phpStudy\WWW\ph\application\ph\controller\Api.php ]
[ info ] [ DB ] INIT mysql
[ info ] [ LOG ] INIT File
[ sql ] [ DB ] CONNECT:[ UseTime:0.073242s ] mysql:dbname=PH;host=sh-cdb-r8lcilx2.sql.tencentcdb.com;port=63889;charset=utf8
[ sql ] [ SQL ] SHOW COLUMNS FROM `ph_house` [ RunTime:0.048828s ]
[ sql ] [ SQL ] SELECT `HouseID`,`HousePrerent` FROM `ph_house` WHERE  `InstitutionID` = 13  AND `Status` = 1  AND `OwnerType` = 2  AND `UseNature` = 1 [ RunTime:0.056641s ]
[ sql ] [ SQL ] SHOW COLUMNS FROM `ph_house_1` [ RunTime:0.051758s ]
[ sql ] [ SQL ] SELECT `HouseID`,`HousePrerent` FROM `ph_house_1` WHERE  `InstitutionID` = 13  AND `Status` = 1  AND `OwnerType` = 2  AND `UseNature` = 1 [ RunTime:0.057618s ]

---------------------------------------------------------------
