[ 2018-08-06T07:30:04+08:00 ] [ error ] [2]file_put_contents(/usr/share/nginx/publichouse/runtime/temp/f27e276e4e413e91d021a04075e2bf99.php): failed to open stream: Permission denied

---------------------------------------------------------------
[ 2018-08-06T07:30:25+08:00 ] [ error ] [2]file_put_contents(/usr/share/nginx/publichouse/runtime/temp/f27e276e4e413e91d021a04075e2bf99.php): failed to open stream: Permission denied

---------------------------------------------------------------
[ 2018-08-06T07:30:25+08:00 ] [ error ] [2]file_put_contents(/usr/share/nginx/publichouse/runtime/temp/f27e276e4e413e91d021a04075e2bf99.php): failed to open stream: Permission denied

---------------------------------------------------------------
[ 2018-08-06T07:30:26+08:00 ] [ error ] [2]file_put_contents(/usr/share/nginx/publichouse/runtime/temp/f27e276e4e413e91d021a04075e2bf99.php): failed to open stream: Permission denied

---------------------------------------------------------------
[ 2018-08-06T09:18:41+08:00 ] [ error ] [8]未定义数组索引: AnathorOwnerType

---------------------------------------------------------------
[ 2018-08-06T09:57:46+08:00 ] [ error ] [8]未定义数组索引: OwnerType

---------------------------------------------------------------
[ 2018-08-06T09:57:51+08:00 ] [ error ] [8]未定义数组索引: OwnerType

---------------------------------------------------------------
[ 2018-08-06T09:58:02+08:00 ] [ error ] [8]未定义数组索引: OwnerType

---------------------------------------------------------------
[ 2018-08-06T09:58:41+08:00 ] [ error ] [8]未定义数组索引: AnathorOwnerType

---------------------------------------------------------------
[ 2018-08-06T09:58:42+08:00 ] [ error ] [8]未定义数组索引: AnathorOwnerType

---------------------------------------------------------------
[ 2018-08-06T10:45:19+08:00 ] [ error ] [8]未定义数组索引: DamageGrade

---------------------------------------------------------------
[ 2018-08-06T10:45:21+08:00 ] [ error ] [8]未定义数组索引: DamageGrade

---------------------------------------------------------------
[ 2018-08-06T11:02:41+08:00 ] [ error ] [8]未定义数组索引: DamageGrade

---------------------------------------------------------------
[ 2018-08-06T11:02:43+08:00 ] [ error ] [8]未定义数组索引: DamageGrade

---------------------------------------------------------------
[ 2018-08-06T11:03:01+08:00 ] [ error ] [8]未定义数组索引: DamageGrade

---------------------------------------------------------------
[ 2018-08-06T11:03:02+08:00 ] [ error ] [8]未定义数组索引: DamageGrade

---------------------------------------------------------------
[ 2018-08-06T11:03:02+08:00 ] [ error ] [8]未定义数组索引: DamageGrade

---------------------------------------------------------------
[ 2018-08-06T11:03:03+08:00 ] [ error ] [8]未定义数组索引: DamageGrade

---------------------------------------------------------------
[ 2018-08-06T11:03:03+08:00 ] [ error ] [8]未定义数组索引: DamageGrade

---------------------------------------------------------------
[ 2018-08-06T11:03:03+08:00 ] [ error ] [8]未定义数组索引: DamageGrade

---------------------------------------------------------------
[ 2018-08-06T11:03:03+08:00 ] [ error ] [8]未定义数组索引: DamageGrade

---------------------------------------------------------------
[ 2018-08-06T11:03:04+08:00 ] [ error ] [8]未定义数组索引: DamageGrade

---------------------------------------------------------------
[ 2018-08-06T11:03:04+08:00 ] [ error ] [8]未定义数组索引: DamageGrade

---------------------------------------------------------------
[ 2018-08-06T11:30:18+08:00 ] [ error ] [42S02]SQLSTATE[42S02]: Base table or view not found: 1146 Table 'PH.ph_order_config' doesn't exist

---------------------------------------------------------------
[ 2018-08-06T11:30:31+08:00 ] [ error ] [42S02]SQLSTATE[42S02]: Base table or view not found: 1146 Table 'PH.ph_order_config' doesn't exist

---------------------------------------------------------------
[ 2018-08-06T11:30:59+08:00 ] [ error ] [42S02]SQLSTATE[42S02]: Base table or view not found: 1146 Table 'PH.ph_order_config' doesn't exist

---------------------------------------------------------------
[ 2018-08-06T11:31:10+08:00 ] [ error ] [42S02]SQLSTATE[42S02]: Base table or view not found: 1146 Table 'PH.ph_order_config' doesn't exist

---------------------------------------------------------------
[ 2018-08-06T15:25:45+08:00 ] [ error ] [8]未定义数组索引: OwnerType

---------------------------------------------------------------
[ 2018-08-06T16:58:43+08:00 ] [ error ] [8]未定义数组索引: DamageGrade

---------------------------------------------------------------
[ 2018-08-06T16:58:45+08:00 ] [ error ] [8]未定义数组索引: DamageGrade

---------------------------------------------------------------
[ 2018-08-06T16:58:57+08:00 ] [ error ] [8]未定义数组索引: DamageGrade

---------------------------------------------------------------
[ 2018-08-06T17:12:38+08:00 ] [ error ] [8]未定义数组索引: DamageGrade

---------------------------------------------------------------
