[ 2018-08-14T14:48:26+08:00 ] [ error ] [42S02]SQLSTATE[42S02]: Base table or view not found: 1146 Table 'PH.ph_order_config' doesn't exist

---------------------------------------------------------------
[ 2018-08-14T14:48:47+08:00 ] [ error ] [42S02]SQLSTATE[42S02]: Base table or view not found: 1146 Table 'PH.ph_order_config' doesn't exist

---------------------------------------------------------------
[ 2018-08-14T14:48:54+08:00 ] [ error ] [42S02]SQLSTATE[42S02]: Base table or view not found: 1146 Table 'PH.ph_order_config' doesn't exist

---------------------------------------------------------------
[ 2018-08-14T14:57:33+08:00 ] [ error ] [42S02]SQLSTATE[42S02]: Base table or view not found: 1146 Table 'PH.ph_order_config' doesn't exist

---------------------------------------------------------------
[ 2018-08-14T15:07:07+08:00 ] [ error ] [10501]SQLSTATE[42S22]: Column not found: 1054 Unknown column 'InsitutionID' in 'where clause'

---------------------------------------------------------------
[ 2018-08-14T15:07:24+08:00 ] [ error ] [10501]SQLSTATE[42S22]: Column not found: 1054 Unknown column 'InsitutionID' in 'where clause'

---------------------------------------------------------------
[ 2018-08-14T15:11:29+08:00 ] [ error ] [10501]SQLSTATE[42S22]: Column not found: 1054 Unknown column 'InsitutionID' in 'where clause'

---------------------------------------------------------------
[ 2018-08-14T15:12:59+08:00 ] [ error ] [10501]SQLSTATE[42S22]: Column not found: 1054 Unknown column 'InsitutionID' in 'where clause'

---------------------------------------------------------------
[ 2018-08-14T15:13:47+08:00 ] 10.105.193.9 27.17.90.134 GET /ph/RentCount/conf/IfPre/1
[ log ] ph.ctnmit.com/ph/RentCount/conf/IfPre/1 [运行时间：0.191478s][吞吐率：5.22req/s] [内存消耗：3,304.38kb] [文件加载：65]
[ info ] [ LANG ] /usr/share/nginx/publichouse/thinkphp/lang/zh-cn.php
[ info ] [ ROUTE ] array (
  'type' => 'module',
  'module' => 
  array (
    0 => 'ph',
    1 => 'RentCount',
    2 => 'conf',
  ),
)
[ info ] [ HEADER ] array (
  'cookie' => 'PHPSESSID=n31ammmv664ansghi9ohen1d33',
  'accept-language' => 'zh-CN,zh;q=0.9',
  'accept-encoding' => 'gzip, deflate, br',
  'referer' => 'https://ph.ctnmit.com/ph/RentCount/index',
  'user-agent' => 'Mozilla/5.0 (Windows NT 6.1; WOW64) AppleWebKit/537.36 (KHTML, like Gecko) Chrome/65.0.3325.146 Safari/537.36',
  'x-requested-with' => 'XMLHttpRequest',
  'accept' => '*/*',
  'connection' => 'keep-alive',
  'host' => 'ph.ctnmit.com',
  'content-type' => '',
  'content-length' => '',
)
[ info ] [ PARAM ] array (
  'IfPre' => '1',
)
[ info ] [ DB ] INIT mysql
[ info ] [ SESSION ] INIT array (
  'id' => '',
  'var_session_id' => 'ph',
  'prefix' => 'ph_admin_',
  'type' => '',
  'expire' => '7200',
  'auto_start' => true,
  'path' => '/usr/share/nginx/publichouse/runtime/session/',
)
[ info ] [ RUN ] app\ph\controller\RentCount->conf[ /usr/share/nginx/publichouse/application/ph/controller/RentCount.php ]
[ info ] [ LOG ] INIT File
[ error ] [10501]SQLSTATE[42S22]: Column not found: 1054 Unknown column 'InsitutionID' in 'where clause'[/usr/share/nginx/publichouse/thinkphp/library/think/db/Connection.php:438]

---------------------------------------------------------------
