[ 2018-09-12T11:04:34+08:00 ] [ error ] [8]未定义数组索引: AnathorOwnerType

---------------------------------------------------------------
[ 2018-09-12T11:14:47+08:00 ] [ error ] [8]未定义数组索引: AnathorOwnerType

---------------------------------------------------------------
[ 2018-09-12T15:33:52+08:00 ] [ error ] [8]未定义数组索引: 

---------------------------------------------------------------
[ 2018-09-12T15:33:54+08:00 ] [ error ] [8]未定义数组索引: 

---------------------------------------------------------------
[ 2018-09-12T15:33:57+08:00 ] [ error ] [8]未定义数组索引: 

---------------------------------------------------------------
[ 2018-09-12T15:33:58+08:00 ] [ error ] [8]未定义数组索引: 

---------------------------------------------------------------
[ 2018-09-12T15:34:12+08:00 ] [ error ] [8]未定义数组索引: OwnerType

---------------------------------------------------------------
[ 2018-09-12T15:34:14+08:00 ] [ error ] [8]未定义数组索引: DamageGrade

---------------------------------------------------------------
[ 2018-09-12T15:34:24+08:00 ] [ error ] [8]未定义数组索引: OwnerType

---------------------------------------------------------------
[ 2018-09-12T15:34:26+08:00 ] [ error ] [8]未定义数组索引: OwnerType

---------------------------------------------------------------
[ 2018-09-12T15:34:40+08:00 ] [ error ] [8]未定义数组索引: 

---------------------------------------------------------------
[ 2018-09-12T15:34:41+08:00 ] [ error ] [8]未定义数组索引: 

---------------------------------------------------------------
[ 2018-09-12T15:34:41+08:00 ] [ error ] [8]未定义数组索引: 

---------------------------------------------------------------
[ 2018-09-12T15:34:42+08:00 ] [ error ] [8]未定义数组索引: 

---------------------------------------------------------------
[ 2018-09-12T15:34:47+08:00 ] [ error ] [8]未定义数组索引: OwnerType

---------------------------------------------------------------
[ 2018-09-12T15:34:48+08:00 ] [ error ] [8]未定义数组索引: OwnerType

---------------------------------------------------------------
[ 2018-09-12T15:34:49+08:00 ] [ error ] [8]未定义数组索引: DamageGrade

---------------------------------------------------------------
[ 2018-09-12T15:34:59+08:00 ] [ error ] [8]未定义数组索引: DamageGrade

---------------------------------------------------------------
[ 2018-09-12T15:35:13+08:00 ] [ error ] [8]未定义数组下标: 11

---------------------------------------------------------------
[ 2018-09-12T15:35:14+08:00 ] [ error ] [8]未定义数组下标: 11

---------------------------------------------------------------
[ 2018-09-12T15:35:15+08:00 ] [ error ] [8]未定义数组下标: 11

---------------------------------------------------------------
[ 2018-09-12T15:40:44+08:00 ] [ error ] [8]未定义数组索引: 

---------------------------------------------------------------
[ 2018-09-12T15:40:47+08:00 ] [ error ] [8]未定义数组索引: 

---------------------------------------------------------------
[ 2018-09-12T15:45:19+08:00 ] [ error ] [8]未定义数组下标: 11

---------------------------------------------------------------
[ 2018-09-12T15:45:44+08:00 ] [ error ] [8]未定义数组下标: 11

---------------------------------------------------------------
[ 2018-09-12T15:45:45+08:00 ] [ error ] [8]未定义数组下标: 11

---------------------------------------------------------------
[ 2018-09-12T15:45:45+08:00 ] [ error ] [8]未定义数组下标: 11

---------------------------------------------------------------
[ 2018-09-12T15:45:46+08:00 ] [ error ] [8]未定义数组下标: 11

---------------------------------------------------------------
[ 2018-09-12T15:45:46+08:00 ] [ error ] [8]未定义数组下标: 11

---------------------------------------------------------------
[ 2018-09-12T15:45:46+08:00 ] [ error ] [8]未定义数组下标: 11

---------------------------------------------------------------
[ 2018-09-12T15:45:46+08:00 ] [ error ] [8]未定义数组下标: 11

---------------------------------------------------------------
[ 2018-09-12T16:07:14+08:00 ] [ error ] [8]未定义数组索引: Szno

---------------------------------------------------------------
[ 2018-09-12T16:07:14+08:00 ] [ error ] [8]未定义数组索引: Szno

---------------------------------------------------------------
[ 2018-09-12T16:07:20+08:00 ] [ error ] [8]未定义数组索引: Szno

---------------------------------------------------------------
[ 2018-09-12T16:07:20+08:00 ] [ error ] [8]未定义数组索引: Szno

---------------------------------------------------------------
[ 2018-09-12T16:07:42+08:00 ] [ error ] [8]未定义数组索引: Szno

---------------------------------------------------------------
[ 2018-09-12T16:07:42+08:00 ] [ error ] [8]未定义数组索引: Szno

---------------------------------------------------------------
[ 2018-09-12T16:08:18+08:00 ] [ error ] [8]未定义数组索引: Szno

---------------------------------------------------------------
[ 2018-09-12T16:08:19+08:00 ] [ error ] [8]未定义数组索引: Szno

---------------------------------------------------------------
[ 2018-09-12T16:08:55+08:00 ] [ error ] [8]未定义数组索引: Szno

---------------------------------------------------------------
[ 2018-09-12T16:08:55+08:00 ] [ error ] [8]未定义数组索引: Szno

---------------------------------------------------------------
[ 2018-09-12T16:09:06+08:00 ] [ error ] [8]未定义数组索引: Szno

---------------------------------------------------------------
[ 2018-09-12T17:18:27+08:00 ] [ error ] [8]未定义数组索引: Szno

---------------------------------------------------------------
[ 2018-09-12T17:18:29+08:00 ] [ error ] [8]未定义数组索引: Szno

---------------------------------------------------------------
[ 2018-09-12T17:18:29+08:00 ] [ error ] [8]未定义数组索引: Szno

---------------------------------------------------------------
