[ 2018-09-17T08:18:36+08:00 ] [ error ] [10501]SQLSTATE[23000]: Integrity constraint violation: 1048 Column 'InstitutionID' cannot be null

---------------------------------------------------------------
[ 2018-09-17T08:19:17+08:00 ] [ error ] [10501]SQLSTATE[23000]: Integrity constraint violation: 1048 Column 'InstitutionID' cannot be null

---------------------------------------------------------------
[ 2018-09-17T08:19:50+08:00 ] [ error ] [10501]SQLSTATE[23000]: Integrity constraint violation: 1048 Column 'InstitutionID' cannot be null

---------------------------------------------------------------
[ 2018-09-17T08:20:02+08:00 ] [ error ] [10501]SQLSTATE[23000]: Integrity constraint violation: 1048 Column 'InstitutionID' cannot be null

---------------------------------------------------------------
[ 2018-09-17T08:20:12+08:00 ] [ error ] [10501]SQLSTATE[23000]: Integrity constraint violation: 1048 Column 'InstitutionID' cannot be null

---------------------------------------------------------------
[ 2018-09-17T08:21:26+08:00 ] [ error ] [10501]SQLSTATE[23000]: Integrity constraint violation: 1048 Column 'InstitutionID' cannot be null

---------------------------------------------------------------
[ 2018-09-17T08:21:30+08:00 ] [ error ] [10501]SQLSTATE[23000]: Integrity constraint violation: 1048 Column 'InstitutionID' cannot be null

---------------------------------------------------------------
[ 2018-09-17T08:21:32+08:00 ] [ error ] [10501]SQLSTATE[23000]: Integrity constraint violation: 1048 Column 'InstitutionID' cannot be null

---------------------------------------------------------------
[ 2018-09-17T08:21:32+08:00 ] [ error ] [10501]SQLSTATE[23000]: Integrity constraint violation: 1048 Column 'InstitutionID' cannot be null

---------------------------------------------------------------
[ 2018-09-17T08:50:06+08:00 ] [ error ] [10501]SQLSTATE[23000]: Integrity constraint violation: 1048 Column 'InstitutionID' cannot be null

---------------------------------------------------------------
[ 2018-09-17T08:50:10+08:00 ] [ error ] [10501]SQLSTATE[23000]: Integrity constraint violation: 1048 Column 'InstitutionID' cannot be null

---------------------------------------------------------------
[ 2018-09-17T08:50:14+08:00 ] [ error ] [10501]SQLSTATE[23000]: Integrity constraint violation: 1048 Column 'InstitutionID' cannot be null

---------------------------------------------------------------
[ 2018-09-17T08:50:20+08:00 ] [ error ] [10501]SQLSTATE[23000]: Integrity constraint violation: 1048 Column 'InstitutionID' cannot be null

---------------------------------------------------------------
[ 2018-09-17T08:50:39+08:00 ] [ error ] [10501]SQLSTATE[23000]: Integrity constraint violation: 1048 Column 'InstitutionID' cannot be null

---------------------------------------------------------------
[ 2018-09-17T08:52:23+08:00 ] [ error ] [10501]SQLSTATE[23000]: Integrity constraint violation: 1048 Column 'InstitutionID' cannot be null

---------------------------------------------------------------
[ 2018-09-17T08:52:27+08:00 ] [ error ] [10501]SQLSTATE[23000]: Integrity constraint violation: 1048 Column 'InstitutionID' cannot be null

---------------------------------------------------------------
[ 2018-09-17T08:52:27+08:00 ] [ error ] [10501]SQLSTATE[23000]: Integrity constraint violation: 1048 Column 'InstitutionID' cannot be null

---------------------------------------------------------------
[ 2018-09-17T08:52:28+08:00 ] [ error ] [10501]SQLSTATE[23000]: Integrity constraint violation: 1048 Column 'InstitutionID' cannot be null

---------------------------------------------------------------
[ 2018-09-17T08:52:30+08:00 ] [ error ] [10501]SQLSTATE[23000]: Integrity constraint violation: 1048 Column 'InstitutionID' cannot be null

---------------------------------------------------------------
[ 2018-09-17T08:52:39+08:00 ] [ error ] [10501]SQLSTATE[23000]: Integrity constraint violation: 1048 Column 'InstitutionID' cannot be null

---------------------------------------------------------------
[ 2018-09-17T08:53:48+08:00 ] [ error ] [10501]SQLSTATE[23000]: Integrity constraint violation: 1048 Column 'InstitutionID' cannot be null

---------------------------------------------------------------
[ 2018-09-17T08:53:52+08:00 ] [ error ] [10501]SQLSTATE[23000]: Integrity constraint violation: 1048 Column 'InstitutionID' cannot be null

---------------------------------------------------------------
[ 2018-09-17T08:53:54+08:00 ] [ error ] [10501]SQLSTATE[23000]: Integrity constraint violation: 1048 Column 'InstitutionID' cannot be null

---------------------------------------------------------------
[ 2018-09-17T08:53:55+08:00 ] [ error ] [10501]SQLSTATE[23000]: Integrity constraint violation: 1048 Column 'InstitutionID' cannot be null

---------------------------------------------------------------
[ 2018-09-17T08:54:35+08:00 ] [ error ] [10501]SQLSTATE[23000]: Integrity constraint violation: 1048 Column 'InstitutionID' cannot be null

---------------------------------------------------------------
[ 2018-09-17T08:54:36+08:00 ] [ error ] [10501]SQLSTATE[23000]: Integrity constraint violation: 1048 Column 'InstitutionID' cannot be null

---------------------------------------------------------------
[ 2018-09-17T08:56:39+08:00 ] [ error ] [10501]SQLSTATE[23000]: Integrity constraint violation: 1048 Column 'InstitutionID' cannot be null

---------------------------------------------------------------
[ 2018-09-17T09:09:34+08:00 ] [ error ] [10501]SQLSTATE[23000]: Integrity constraint violation: 1048 Column 'InstitutionID' cannot be null

---------------------------------------------------------------
[ 2018-09-17T09:10:59+08:00 ] [ error ] [10501]SQLSTATE[23000]: Integrity constraint violation: 1048 Column 'InstitutionID' cannot be null

---------------------------------------------------------------
[ 2018-09-17T09:11:02+08:00 ] [ error ] [10501]SQLSTATE[23000]: Integrity constraint violation: 1048 Column 'InstitutionID' cannot be null

---------------------------------------------------------------
[ 2018-09-17T09:14:28+08:00 ] [ error ] [8]未定义数组索引: Szno

---------------------------------------------------------------
[ 2018-09-17T09:14:30+08:00 ] [ error ] [8]未定义数组索引: Szno

---------------------------------------------------------------
[ 2018-09-17T09:53:10+08:00 ] [ error ] [8]未定义数组索引: DamageGrade

---------------------------------------------------------------
[ 2018-09-17T09:53:15+08:00 ] [ error ] [8]未定义数组索引: DamageGrade

---------------------------------------------------------------
[ 2018-09-17T11:01:32+08:00 ] [ error ] [8]未定义数组索引: Szno

---------------------------------------------------------------
[ 2018-09-17T11:01:46+08:00 ] [ error ] [8]未定义数组索引: Szno

---------------------------------------------------------------
[ 2018-09-17T11:01:47+08:00 ] [ error ] [8]未定义数组索引: Szno

---------------------------------------------------------------
[ 2018-09-17T11:01:48+08:00 ] [ error ] [8]未定义数组索引: Szno

---------------------------------------------------------------
[ 2018-09-17T11:02:18+08:00 ] [ error ] [8]未定义数组索引: Szno

---------------------------------------------------------------
[ 2018-09-17T11:28:58+08:00 ] [ error ] [8]未定义数组索引: Szno

---------------------------------------------------------------
[ 2018-09-17T11:28:58+08:00 ] [ error ] [8]未定义数组索引: Szno

---------------------------------------------------------------
[ 2018-09-17T12:14:10+08:00 ] [ error ] [8]未定义数组索引: Szno

---------------------------------------------------------------
[ 2018-09-17T12:14:11+08:00 ] [ error ] [8]未定义数组索引: Szno

---------------------------------------------------------------
[ 2018-09-17T12:14:12+08:00 ] [ error ] [8]未定义数组索引: Szno

---------------------------------------------------------------
[ 2018-09-17T12:14:27+08:00 ] [ error ] [8]未定义数组索引: Szno

---------------------------------------------------------------
[ 2018-09-17T12:14:28+08:00 ] [ error ] [8]未定义数组索引: Szno

---------------------------------------------------------------
[ 2018-09-17T12:14:55+08:00 ] [ error ] [8]未定义数组索引: Szno

---------------------------------------------------------------
[ 2018-09-17T12:14:55+08:00 ] [ error ] [8]未定义数组索引: Szno

---------------------------------------------------------------
[ 2018-09-17T14:07:00+08:00 ] [ error ] [8]未定义数组索引: Szno

---------------------------------------------------------------
[ 2018-09-17T14:07:00+08:00 ] [ error ] [8]未定义数组索引: Szno

---------------------------------------------------------------
[ 2018-09-17T14:20:18+08:00 ] [ error ] [8]未定义数组索引: Szno

---------------------------------------------------------------
[ 2018-09-17T14:37:19+08:00 ] [ error ] [0]语法解析错误: syntax error, unexpected 'unset' (T_UNSET)

---------------------------------------------------------------
[ 2018-09-17T14:42:17+08:00 ] [ error ] [0]语法解析错误: syntax error, unexpected 'unset' (T_UNSET)

---------------------------------------------------------------
[ 2018-09-17T14:42:34+08:00 ] [ error ] [0]语法解析错误: syntax error, unexpected 'unset' (T_UNSET)

---------------------------------------------------------------
[ 2018-09-17T14:42:52+08:00 ] [ error ] [0]语法解析错误: syntax error, unexpected 'unset' (T_UNSET)

---------------------------------------------------------------
[ 2018-09-17T14:43:09+08:00 ] [ error ] [0]语法解析错误: syntax error, unexpected 'unset' (T_UNSET)

---------------------------------------------------------------
[ 2018-09-17T14:43:25+08:00 ] [ error ] [0]语法解析错误: syntax error, unexpected 'unset' (T_UNSET)

---------------------------------------------------------------
[ 2018-09-17T14:44:07+08:00 ] [ error ] [0]语法解析错误: syntax error, unexpected 'unset' (T_UNSET)

---------------------------------------------------------------
[ 2018-09-17T14:44:37+08:00 ] [ error ] [0]语法解析错误: syntax error, unexpected 'unset' (T_UNSET)

---------------------------------------------------------------
[ 2018-09-17T14:45:35+08:00 ] [ error ] [0]语法解析错误: syntax error, unexpected 'unset' (T_UNSET)

---------------------------------------------------------------
[ 2018-09-17T14:45:46+08:00 ] [ error ] [0]语法解析错误: syntax error, unexpected 'unset' (T_UNSET)

---------------------------------------------------------------
[ 2018-09-17T14:46:11+08:00 ] [ error ] [0]语法解析错误: syntax error, unexpected 'unset' (T_UNSET)

---------------------------------------------------------------
[ 2018-09-17T14:46:19+08:00 ] [ error ] [0]语法解析错误: syntax error, unexpected 'unset' (T_UNSET)

---------------------------------------------------------------
[ 2018-09-17T14:48:36+08:00 ] [ error ] [0]语法解析错误: syntax error, unexpected 'unset' (T_UNSET)

---------------------------------------------------------------
[ 2018-09-17T14:49:38+08:00 ] [ error ] [0]语法解析错误: syntax error, unexpected 'unset' (T_UNSET)

---------------------------------------------------------------
[ 2018-09-17T14:53:24+08:00 ] [ error ] [0]语法解析错误: syntax error, unexpected 'unset' (T_UNSET)

---------------------------------------------------------------
[ 2018-09-17T15:01:29+08:00 ] [ error ] [0]语法解析错误: syntax error, unexpected 'unset' (T_UNSET)

---------------------------------------------------------------
[ 2018-09-17T15:02:27+08:00 ] [ error ] [0]语法解析错误: syntax error, unexpected 'unset' (T_UNSET)

---------------------------------------------------------------
[ 2018-09-17T15:02:41+08:00 ] [ error ] [0]语法解析错误: syntax error, unexpected 'unset' (T_UNSET)

---------------------------------------------------------------
[ 2018-09-17T15:02:49+08:00 ] [ error ] [0]语法解析错误: syntax error, unexpected 'unset' (T_UNSET)

---------------------------------------------------------------
[ 2018-09-17T15:02:56+08:00 ] [ error ] [0]语法解析错误: syntax error, unexpected 'unset' (T_UNSET)

---------------------------------------------------------------
[ 2018-09-17T15:03:57+08:00 ] [ error ] [0]语法解析错误: syntax error, unexpected 'unset' (T_UNSET)

---------------------------------------------------------------
[ 2018-09-17T15:05:10+08:00 ] [ error ] [0]语法解析错误: syntax error, unexpected 'unset' (T_UNSET)

---------------------------------------------------------------
[ 2018-09-17T15:05:32+08:00 ] [ error ] [0]语法解析错误: syntax error, unexpected 'unset' (T_UNSET)

---------------------------------------------------------------
[ 2018-09-17T15:06:02+08:00 ] [ error ] [0]语法解析错误: syntax error, unexpected 'unset' (T_UNSET)

---------------------------------------------------------------
[ 2018-09-17T15:06:13+08:00 ] [ error ] [0]语法解析错误: syntax error, unexpected 'unset' (T_UNSET)

---------------------------------------------------------------
[ 2018-09-17T15:06:16+08:00 ] [ error ] [0]语法解析错误: syntax error, unexpected 'unset' (T_UNSET)

---------------------------------------------------------------
[ 2018-09-17T15:07:54+08:00 ] [ error ] [0]语法解析错误: syntax error, unexpected 'unset' (T_UNSET)

---------------------------------------------------------------
[ 2018-09-17T15:08:10+08:00 ] [ error ] [0]语法解析错误: syntax error, unexpected 'unset' (T_UNSET)

---------------------------------------------------------------
[ 2018-09-17T15:08:29+08:00 ] [ error ] [0]语法解析错误: syntax error, unexpected 'unset' (T_UNSET)

---------------------------------------------------------------
[ 2018-09-17T15:08:37+08:00 ] [ error ] [0]语法解析错误: syntax error, unexpected 'unset' (T_UNSET)

---------------------------------------------------------------
[ 2018-09-17T15:09:21+08:00 ] [ error ] [0]语法解析错误: syntax error, unexpected 'unset' (T_UNSET)

---------------------------------------------------------------
[ 2018-09-17T15:09:34+08:00 ] [ error ] [0]语法解析错误: syntax error, unexpected 'unset' (T_UNSET)

---------------------------------------------------------------
[ 2018-09-17T15:09:49+08:00 ] [ error ] [0]语法解析错误: syntax error, unexpected 'unset' (T_UNSET)

---------------------------------------------------------------
[ 2018-09-17T15:11:36+08:00 ] [ error ] [0]语法解析错误: syntax error, unexpected 'unset' (T_UNSET)

---------------------------------------------------------------
[ 2018-09-17T15:11:41+08:00 ] [ error ] [0]语法解析错误: syntax error, unexpected 'unset' (T_UNSET)

---------------------------------------------------------------
[ 2018-09-17T15:11:51+08:00 ] [ error ] [0]语法解析错误: syntax error, unexpected 'unset' (T_UNSET)

---------------------------------------------------------------
[ 2018-09-17T15:20:43+08:00 ] [ error ] [2]Invalid argument supplied for foreach()

---------------------------------------------------------------
[ 2018-09-17T15:23:02+08:00 ] [ error ] [2]Invalid argument supplied for foreach()

---------------------------------------------------------------
[ 2018-09-17T15:30:00+08:00 ] [ error ] [2]Invalid argument supplied for foreach()

---------------------------------------------------------------
[ 2018-09-17T16:09:06+08:00 ] [ error ] [8]未定义数组索引: DamageGrade

---------------------------------------------------------------
[ 2018-09-17T16:09:10+08:00 ] [ error ] [8]未定义数组索引: DamageGrade

---------------------------------------------------------------
[ 2018-09-17T16:09:16+08:00 ] [ error ] [8]未定义数组索引: DamageGrade

---------------------------------------------------------------
[ 2018-09-17T16:10:48+08:00 ] [ error ] [8]未定义数组索引: DamageGrade

---------------------------------------------------------------
[ 2018-09-17T16:11:05+08:00 ] [ error ] [8]未定义数组索引: DamageGrade

---------------------------------------------------------------
[ 2018-09-17T16:11:09+08:00 ] [ error ] [8]未定义数组索引: DamageGrade

---------------------------------------------------------------
[ 2018-09-17T16:11:41+08:00 ] [ error ] [8]未定义数组索引: DamageGrade

---------------------------------------------------------------
[ 2018-09-17T16:12:33+08:00 ] [ error ] [8]未定义数组索引: DamageGrade

---------------------------------------------------------------
[ 2018-09-17T16:12:42+08:00 ] [ error ] [8]未定义数组索引: DamageGrade

---------------------------------------------------------------
[ 2018-09-17T16:12:44+08:00 ] [ error ] [8]未定义数组索引: DamageGrade

---------------------------------------------------------------
[ 2018-09-17T16:13:05+08:00 ] [ error ] [8]未定义数组索引: DamageGrade

---------------------------------------------------------------
[ 2018-09-17T16:13:09+08:00 ] [ error ] [8]未定义数组索引: DamageGrade

---------------------------------------------------------------
[ 2018-09-17T16:15:53+08:00 ] [ error ] [8]未定义数组索引: DamageGrade

---------------------------------------------------------------
[ 2018-09-17T16:16:00+08:00 ] [ error ] [8]未定义数组索引: DamageGrade

---------------------------------------------------------------
[ 2018-09-17T16:17:53+08:00 ] [ error ] [8]未定义数组索引: DamageGrade

---------------------------------------------------------------
[ 2018-09-17T16:18:16+08:00 ] [ error ] [8]未定义数组索引: DamageGrade

---------------------------------------------------------------
[ 2018-09-17T16:18:19+08:00 ] [ error ] [8]未定义数组索引: DamageGrade

---------------------------------------------------------------
[ 2018-09-17T16:18:21+08:00 ] [ error ] [8]未定义数组索引: DamageGrade

---------------------------------------------------------------
[ 2018-09-17T16:18:37+08:00 ] [ error ] [8]未定义数组索引: DamageGrade

---------------------------------------------------------------
[ 2018-09-17T16:18:53+08:00 ] [ error ] [8]未定义数组索引: DamageGrade

---------------------------------------------------------------
[ 2018-09-17T16:19:19+08:00 ] [ error ] [8]未定义数组索引: DamageGrade

---------------------------------------------------------------
[ 2018-09-17T16:19:24+08:00 ] [ error ] [8]未定义数组索引: DamageGrade

---------------------------------------------------------------
[ 2018-09-17T16:24:50+08:00 ] [ error ] [8]未定义数组索引: Szno

---------------------------------------------------------------
[ 2018-09-17T16:24:51+08:00 ] [ error ] [8]未定义数组索引: Szno

---------------------------------------------------------------
[ 2018-09-17T16:24:51+08:00 ] [ error ] [8]未定义数组索引: Szno

---------------------------------------------------------------
[ 2018-09-17T16:24:52+08:00 ] [ error ] [8]未定义数组索引: Szno

---------------------------------------------------------------
[ 2018-09-17T16:25:25+08:00 ] [ error ] [8]未定义数组索引: Szno

---------------------------------------------------------------
[ 2018-09-17T16:25:26+08:00 ] [ error ] [8]未定义数组索引: Szno

---------------------------------------------------------------
[ 2018-09-17T16:25:26+08:00 ] [ error ] [8]未定义数组索引: Szno

---------------------------------------------------------------
[ 2018-09-17T16:25:27+08:00 ] [ error ] [8]未定义数组索引: Szno

---------------------------------------------------------------
[ 2018-09-17T16:25:27+08:00 ] [ error ] [8]未定义数组索引: Szno

---------------------------------------------------------------
[ 2018-09-17T16:25:28+08:00 ] [ error ] [10501]SQLSTATE[23000]: Integrity constraint violation: 1048 Column 'InstitutionID' cannot be null

---------------------------------------------------------------
[ 2018-09-17T16:25:29+08:00 ] [ error ] [10501]SQLSTATE[23000]: Integrity constraint violation: 1048 Column 'InstitutionID' cannot be null

---------------------------------------------------------------
[ 2018-09-17T16:25:31+08:00 ] [ error ] [8]未定义数组索引: Szno

---------------------------------------------------------------
[ 2018-09-17T16:25:31+08:00 ] [ error ] [8]未定义数组索引: Szno

---------------------------------------------------------------
[ 2018-09-17T16:25:32+08:00 ] [ error ] [8]未定义数组索引: Szno

---------------------------------------------------------------
[ 2018-09-17T16:25:32+08:00 ] [ error ] [8]未定义数组索引: Szno

---------------------------------------------------------------
[ 2018-09-17T16:27:16+08:00 ] [ error ] [8]未定义数组索引: DamageGrade

---------------------------------------------------------------
[ 2018-09-17T16:28:59+08:00 ] [ error ] [8]未定义数组索引: Szno

---------------------------------------------------------------
[ 2018-09-17T16:29:00+08:00 ] [ error ] [8]未定义数组索引: Szno

---------------------------------------------------------------
[ 2018-09-17T16:31:05+08:00 ] [ error ] [8]未定义数组索引: Szno

---------------------------------------------------------------
[ 2018-09-17T17:11:13+08:00 ] [ error ] [10501]SQLSTATE[23000]: Integrity constraint violation: 1048 Column 'InstitutionID' cannot be null

---------------------------------------------------------------
[ 2018-09-17T17:11:16+08:00 ] [ error ] [10501]SQLSTATE[23000]: Integrity constraint violation: 1048 Column 'InstitutionID' cannot be null

---------------------------------------------------------------
[ 2018-09-17T17:11:18+08:00 ] [ error ] [10501]SQLSTATE[23000]: Integrity constraint violation: 1048 Column 'InstitutionID' cannot be null

---------------------------------------------------------------
[ 2018-09-17T17:11:19+08:00 ] [ error ] [10501]SQLSTATE[23000]: Integrity constraint violation: 1048 Column 'InstitutionID' cannot be null

---------------------------------------------------------------
[ 2018-09-17T17:11:19+08:00 ] [ error ] [10501]SQLSTATE[23000]: Integrity constraint violation: 1048 Column 'InstitutionID' cannot be null

---------------------------------------------------------------
[ 2018-09-17T17:11:20+08:00 ] [ error ] [10501]SQLSTATE[23000]: Integrity constraint violation: 1048 Column 'InstitutionID' cannot be null

---------------------------------------------------------------
[ 2018-09-17T17:11:41+08:00 ] [ error ] [10501]SQLSTATE[23000]: Integrity constraint violation: 1048 Column 'InstitutionID' cannot be null

---------------------------------------------------------------
[ 2018-09-17T17:12:48+08:00 ] [ error ] [8]未定义数组索引: Szno

---------------------------------------------------------------
[ 2018-09-17T17:12:48+08:00 ] [ error ] [8]未定义数组索引: Szno

---------------------------------------------------------------
[ 2018-09-17T17:12:49+08:00 ] [ error ] [8]未定义数组索引: Szno

---------------------------------------------------------------
[ 2018-09-17T17:12:50+08:00 ] [ error ] [8]未定义数组索引: Szno

---------------------------------------------------------------
[ 2018-09-17T17:12:51+08:00 ] [ error ] [8]未定义数组索引: Szno

---------------------------------------------------------------
[ 2018-09-17T17:12:51+08:00 ] [ error ] [8]未定义数组索引: Szno

---------------------------------------------------------------
[ 2018-09-17T17:12:51+08:00 ] [ error ] [8]未定义数组索引: Szno

---------------------------------------------------------------
[ 2018-09-17T17:12:52+08:00 ] [ error ] [8]未定义数组索引: Szno

---------------------------------------------------------------
