[ 2018-06-18T17:38:32+08:00 ] [ sql ] [ DB ] CONNECT:[ UseTime:0.104701s ] mysql:dbname=PH;host=sh-cdb-r8lcilx2.sql.tencentcdb.com;port=63889;charset=utf8
[ sql ] [ SQL ] SHOW COLUMNS FROM `ph_ban_owner_type` [ RunTime:0.002385s ]
[ sql ] [ SQL ] SELECT `id`,`OwnerType` FROM `ph_ban_owner_type` [ RunTime:0.002005s ]
[ sql ] [ SQL ] SELECT `id`,`OwnerType` FROM `ph_ban_owner_type` [ RunTime:0.001988s ]
[ sql ] [ SQL ] SHOW COLUMNS FROM `ph_institution` [ RunTime:0.002138s ]
[ sql ] [ SQL ] SELECT `id`,`Institution` FROM `ph_institution` [ RunTime:0.002000s ]
[ sql ] [ SQL ] SHOW COLUMNS FROM `ph_ban_structure_type` [ RunTime:0.002142s ]
[ sql ] [ SQL ] SELECT `id`,`StructureType` FROM `ph_ban_structure_type` [ RunTime:0.001973s ]
[ sql ] [ SQL ] SHOW COLUMNS FROM `ph_ban_damage_grade` [ RunTime:0.002153s ]
[ sql ] [ SQL ] SELECT `id`,`DamageGrade` FROM `ph_ban_damage_grade` [ RunTime:0.001981s ]
[ sql ] [ SQL ] SHOW COLUMNS FROM `ph_use_nature` [ RunTime:0.002123s ]
[ sql ] [ SQL ] SELECT `id`,`UseNature` FROM `ph_use_nature` [ RunTime:0.001978s ]
[ sql ] [ SQL ] SHOW COLUMNS FROM `ph_admin_menu` [ RunTime:0.002190s ]
[ sql ] [ SQL ] SELECT `pid` FROM `ph_admin_menu` WHERE  `UrlValue` = 'ph/Index/index' LIMIT 1 [ RunTime:0.002005s ]
[ sql ] [ SQL ] SELECT `id`,`Institution`,`pid` FROM `ph_institution` [ RunTime:0.002020s ]
[ sql ] [ SQL ] SELECT `id`,`Institution`,`pid`,`Level` FROM `ph_institution` [ RunTime:0.002046s ]
[ sql ] [ SQL ] SHOW COLUMNS FROM `ph_cut_rent_type` [ RunTime:0.002167s ]
[ sql ] [ SQL ] SELECT `id`,`CutName` FROM `ph_cut_rent_type` [ RunTime:0.001949s ]
[ sql ] [ SQL ] SHOW COLUMNS FROM `ph_notice` [ RunTime:0.002245s ]
[ sql ] [ SQL ] SELECT COUNT(*) AS tp_count FROM `ph_notice` LIMIT 1 [ RunTime:0.001998s ]
[ sql ] [ SQL ] SELECT * FROM `ph_notice` ORDER BY UpdateTime desc LIMIT 0,5 [ RunTime:0.010012s ]
[ sql ] [ SQL ] SHOW COLUMNS FROM `ph_file` [ RunTime:0.002158s ]
[ sql ] [ SQL ] SELECT COUNT(*) AS tp_count FROM `ph_file` LIMIT 1 [ RunTime:0.001927s ]
[ sql ] [ SQL ] SELECT * FROM `ph_file` ORDER BY Time desc LIMIT 0,5 [ RunTime:0.001983s ]
[ sql ] [ SQL ] SHOW COLUMNS FROM `ph_short_cut` [ RunTime:0.002146s ]
[ sql ] [ SQL ] SELECT * FROM `ph_short_cut` WHERE  `CreateUserID` = 10000 [ RunTime:0.001996s ]
[ sql ] [ SQL ] SHOW COLUMNS FROM `ph_change_order` [ RunTime:0.002294s ]
[ sql ] [ SQL ] SELECT `a`.`ChangeOrderID`,`a`.`CreateTime`,`b`.`ChangeType`,`a`.`Status` FROM `ph_change_order` `a` LEFT JOIN `ph_change_type` `b` ON `a`.`ChangeType`=`b`.`id` WHERE  `Status` NOT IN (0,1) ORDER BY a.CreateTime desc LIMIT 5 [ RunTime:0.003199s ]
[ sql ] [ SQL ] SELECT COUNT(*) AS tp_count FROM `ph_notice` LIMIT 1 [ RunTime:0.001992s ]
[ sql ] [ SQL ] SELECT * FROM `ph_notice` ORDER BY UpdateTime desc LIMIT 0,5 [ RunTime:0.007929s ]
[ sql ] [ SQL ] SELECT COUNT(*) AS tp_count FROM `ph_file` LIMIT 1 [ RunTime:0.001973s ]
[ sql ] [ SQL ] SELECT * FROM `ph_file` ORDER BY Time desc LIMIT 0,5 [ RunTime:0.001988s ]
[ sql ] [ SQL ] SELECT * FROM `ph_short_cut` WHERE  `CreateUserID` = 10000 [ RunTime:0.001986s ]
[ sql ] [ SQL ] SELECT `a`.`ChangeOrderID`,`a`.`CreateTime`,`b`.`ChangeType`,`a`.`Status` FROM `ph_change_order` `a` LEFT JOIN `ph_change_type` `b` ON `a`.`ChangeType`=`b`.`id` WHERE  `Status` NOT IN (0,1) ORDER BY a.CreateTime desc LIMIT 5 [ RunTime:0.003143s ]

---------------------------------------------------------------
[ 2018-06-18T17:38:35+08:00 ] [ sql ] [ DB ] CONNECT:[ UseTime:0.079831s ] mysql:dbname=PH;host=sh-cdb-r8lcilx2.sql.tencentcdb.com;port=63889;charset=utf8
[ sql ] [ SQL ] SHOW COLUMNS FROM `ph_ban_owner_type` [ RunTime:0.002261s ]
[ sql ] [ SQL ] SELECT `id`,`OwnerType` FROM `ph_ban_owner_type` [ RunTime:0.001968s ]
[ sql ] [ SQL ] SELECT `id`,`OwnerType` FROM `ph_ban_owner_type` [ RunTime:0.001944s ]
[ sql ] [ SQL ] SHOW COLUMNS FROM `ph_institution` [ RunTime:0.002132s ]
[ sql ] [ SQL ] SELECT `id`,`Institution` FROM `ph_institution` [ RunTime:0.001952s ]
[ sql ] [ SQL ] SHOW COLUMNS FROM `ph_ban_structure_type` [ RunTime:0.002086s ]
[ sql ] [ SQL ] SELECT `id`,`StructureType` FROM `ph_ban_structure_type` [ RunTime:0.001950s ]
[ sql ] [ SQL ] SHOW COLUMNS FROM `ph_ban_damage_grade` [ RunTime:0.002081s ]
[ sql ] [ SQL ] SELECT `id`,`DamageGrade` FROM `ph_ban_damage_grade` [ RunTime:0.001922s ]
[ sql ] [ SQL ] SHOW COLUMNS FROM `ph_use_nature` [ RunTime:0.002071s ]
[ sql ] [ SQL ] SELECT `id`,`UseNature` FROM `ph_use_nature` [ RunTime:0.001905s ]
[ sql ] [ SQL ] SHOW COLUMNS FROM `ph_admin_menu` [ RunTime:0.002134s ]
[ sql ] [ SQL ] SELECT `pid` FROM `ph_admin_menu` WHERE  `UrlValue` = 'ph/HouseInfo/index' LIMIT 1 [ RunTime:0.002025s ]
[ sql ] [ SQL ] SELECT `id`,`Institution`,`pid` FROM `ph_institution` [ RunTime:0.001955s ]
[ sql ] [ SQL ] SELECT `id`,`Institution`,`pid`,`Level` FROM `ph_institution` [ RunTime:0.002015s ]
[ sql ] [ SQL ] SHOW COLUMNS FROM `ph_cut_rent_type` [ RunTime:0.002086s ]
[ sql ] [ SQL ] SELECT `id`,`CutName` FROM `ph_cut_rent_type` [ RunTime:0.001924s ]
[ sql ] [ SQL ] SELECT `Level` FROM `ph_institution` WHERE  `id` = 1 LIMIT 1 [ RunTime:0.001928s ]
[ sql ] [ SQL ] SHOW COLUMNS FROM `ph_house` [ RunTime:0.002390s ]
[ sql ] [ SQL ] SELECT COUNT(*) AS tp_count FROM `ph_house` WHERE  `Status` BETWEEN 1 AND 9 LIMIT 1 [ RunTime:0.008209s ]
[ sql ] [ SQL ] SELECT `HouseID` FROM `ph_house` WHERE  `Status` BETWEEN 1 AND 9 ORDER BY CreateTime desc,HouseID desc LIMIT 0,15 [ RunTime:0.018516s ]
[ sql ] [ SQL ] SELECT SUM(HousePrerent) AS tp_sum FROM `ph_house` WHERE  `Status` BETWEEN 1 AND 9 LIMIT 1 [ RunTime:0.009794s ]
[ sql ] [ SQL ] SELECT SUM(HouseUsearea) AS tp_sum FROM `ph_house` WHERE  `Status` BETWEEN 1 AND 9 LIMIT 1 [ RunTime:0.009853s ]
[ sql ] [ SQL ] SELECT SUM(LeasedArea) AS tp_sum FROM `ph_house` WHERE  `Status` BETWEEN 1 AND 9 LIMIT 1 [ RunTime:0.009848s ]
[ sql ] [ SQL ] SELECT SUM(HouseArea) AS tp_sum FROM `ph_house` WHERE  `Status` BETWEEN 1 AND 9 LIMIT 1 [ RunTime:0.009883s ]
[ sql ] [ SQL ] SELECT SUM(ArrearRent) AS tp_sum FROM `ph_house` WHERE  `Status` BETWEEN 1 AND 9 LIMIT 1 [ RunTime:0.009612s ]
[ sql ] [ SQL ] SELECT `OwnerType`,`UseNature`,`LeasedArea`,`HouseID`,`BanID`,`BanAddress`,`ArrearRent`,`TenantID`,`InstitutionID`,`DoorID`,`IfSuspend`,`UnitID`,`FloorID`,`ComprisingArea`,`HouseUsearea`,`HouseArea`,`HousePrerent`,`Oprice`,`PumpCost`,`HouseBase` FROM `ph_house` WHERE  `HouseID` = '11200128990003' LIMIT 1 [ RunTime:0.002012s ]
[ sql ] [ SQL ] SELECT `OwnerType` FROM `ph_ban_owner_type` WHERE  `id` = 5 LIMIT 1 [ RunTime:0.001945s ]
[ sql ] [ SQL ] SELECT `UseNature` FROM `ph_use_nature` WHERE  `id` = 1 LIMIT 1 [ RunTime:0.001948s ]
[ sql ] [ SQL ] SHOW COLUMNS FROM `ph_tenant` [ RunTime:0.002229s ]
[ sql ] [ SQL ] SELECT `TenantName` FROM `ph_tenant` WHERE  `TenantID` = 1312902 LIMIT 1 [ RunTime:0.001931s ]
[ sql ] [ SQL ] SELECT `Institution` FROM `ph_institution` WHERE  `id` = 26 LIMIT 1 [ RunTime:0.001916s ]
[ sql ] [ SQL ] SELECT `OwnerType`,`UseNature`,`LeasedArea`,`HouseID`,`BanID`,`BanAddress`,`ArrearRent`,`TenantID`,`InstitutionID`,`DoorID`,`IfSuspend`,`UnitID`,`FloorID`,`ComprisingArea`,`HouseUsearea`,`HouseArea`,`HousePrerent`,`Oprice`,`PumpCost`,`HouseBase` FROM `ph_house` WHERE  `HouseID` = '11200128990002' LIMIT 1 [ RunTime:0.002000s ]
[ sql ] [ SQL ] SELECT `OwnerType` FROM `ph_ban_owner_type` WHERE  `id` = 5 LIMIT 1 [ RunTime:0.001957s ]
[ sql ] [ SQL ] SELECT `UseNature` FROM `ph_use_nature` WHERE  `id` = 1 LIMIT 1 [ RunTime:0.001920s ]
[ sql ] [ SQL ] SELECT `TenantName` FROM `ph_tenant` WHERE  `TenantID` = 1312901 LIMIT 1 [ RunTime:0.001911s ]
[ sql ] [ SQL ] SELECT `Institution` FROM `ph_institution` WHERE  `id` = 26 LIMIT 1 [ RunTime:0.001912s ]
[ sql ] [ SQL ] SELECT `OwnerType`,`UseNature`,`LeasedArea`,`HouseID`,`BanID`,`BanAddress`,`ArrearRent`,`TenantID`,`InstitutionID`,`DoorID`,`IfSuspend`,`UnitID`,`FloorID`,`ComprisingArea`,`HouseUsearea`,`HouseArea`,`HousePrerent`,`Oprice`,`PumpCost`,`HouseBase` FROM `ph_house` WHERE  `HouseID` = '11200128990001' LIMIT 1 [ RunTime:0.001977s ]
[ sql ] [ SQL ] SELECT `OwnerType` FROM `ph_ban_owner_type` WHERE  `id` = 5 LIMIT 1 [ RunTime:0.001926s ]
[ sql ] [ SQL ] SELECT `UseNature` FROM `ph_use_nature` WHERE  `id` = 1 LIMIT 1 [ RunTime:0.001898s ]
[ sql ] [ SQL ] SELECT `TenantName` FROM `ph_tenant` WHERE  `TenantID` = 1312900 LIMIT 1 [ RunTime:0.001927s ]
[ sql ] [ SQL ] SELECT `Institution` FROM `ph_institution` WHERE  `id` = 26 LIMIT 1 [ RunTime:0.001902s ]
[ sql ] [ SQL ] SELECT `OwnerType`,`UseNature`,`LeasedArea`,`HouseID`,`BanID`,`BanAddress`,`ArrearRent`,`TenantID`,`InstitutionID`,`DoorID`,`IfSuspend`,`UnitID`,`FloorID`,`ComprisingArea`,`HouseUsearea`,`HouseArea`,`HousePrerent`,`Oprice`,`PumpCost`,`HouseBase` FROM `ph_house` WHERE  `HouseID` = '10800105348919' LIMIT 1 [ RunTime:0.002042s ]
[ sql ] [ SQL ] SELECT `OwnerType` FROM `ph_ban_owner_type` WHERE  `id` = 2 LIMIT 1 [ RunTime:0.001935s ]
[ sql ] [ SQL ] SELECT `UseNature` FROM `ph_use_nature` WHERE  `id` = 1 LIMIT 1 [ RunTime:0.001955s ]
[ sql ] [ SQL ] SELECT `TenantName` FROM `ph_tenant` WHERE  `TenantID` = 1015893 LIMIT 1 [ RunTime:0.001919s ]
[ sql ] [ SQL ] SELECT `Institution` FROM `ph_institution` WHERE  `id` = 7 LIMIT 1 [ RunTime:0.001949s ]
[ sql ] [ SQL ] SELECT `OwnerType`,`UseNature`,`LeasedArea`,`HouseID`,`BanID`,`BanAddress`,`ArrearRent`,`TenantID`,`InstitutionID`,`DoorID`,`IfSuspend`,`UnitID`,`FloorID`,`ComprisingArea`,`HouseUsearea`,`HouseArea`,`HousePrerent`,`Oprice`,`PumpCost`,`HouseBase` FROM `ph_house` WHERE  `HouseID` = '10600715785338' LIMIT 1 [ RunTime:0.001995s ]
[ sql ] [ SQL ] SELECT `OwnerType` FROM `ph_ban_owner_type` WHERE  `id` = 2 LIMIT 1 [ RunTime:0.001915s ]
[ sql ] [ SQL ] SELECT `UseNature` FROM `ph_use_nature` WHERE  `id` = 1 LIMIT 1 [ RunTime:0.001919s ]
[ sql ] [ SQL ] SELECT `TenantName` FROM `ph_tenant` WHERE  `TenantID` = 1199060 LIMIT 1 [ RunTime:0.001937s ]
[ sql ] [ SQL ] SELECT `Institution` FROM `ph_institution` WHERE  `id` = 14 LIMIT 1 [ RunTime:0.001955s ]
[ sql ] [ SQL ] SELECT `OwnerType`,`UseNature`,`LeasedArea`,`HouseID`,`BanID`,`BanAddress`,`ArrearRent`,`TenantID`,`InstitutionID`,`DoorID`,`IfSuspend`,`UnitID`,`FloorID`,`ComprisingArea`,`HouseUsearea`,`HouseArea`,`HousePrerent`,`Oprice`,`PumpCost`,`HouseBase` FROM `ph_house` WHERE  `HouseID` = '10301022690001' LIMIT 1 [ RunTime:0.001988s ]
[ sql ] [ SQL ] SELECT `OwnerType` FROM `ph_ban_owner_type` WHERE  `id` = 1 LIMIT 1 [ RunTime:0.001914s ]
[ sql ] [ SQL ] SELECT `UseNature` FROM `ph_use_nature` WHERE  `id` = 2 LIMIT 1 [ RunTime:0.001917s ]
[ sql ] [ SQL ] SELECT `TenantName` FROM `ph_tenant` WHERE  `TenantID` = 1005757 LIMIT 1 [ RunTime:0.001927s ]
[ sql ] [ SQL ] SELECT `Institution` FROM `ph_institution` WHERE  `id` = 22 LIMIT 1 [ RunTime:0.001912s ]
[ sql ] [ SQL ] SELECT `OwnerType`,`UseNature`,`LeasedArea`,`HouseID`,`BanID`,`BanAddress`,`ArrearRent`,`TenantID`,`InstitutionID`,`DoorID`,`IfSuspend`,`UnitID`,`FloorID`,`ComprisingArea`,`HouseUsearea`,`HouseArea`,`HousePrerent`,`Oprice`,`PumpCost`,`HouseBase` FROM `ph_house` WHERE  `HouseID` = '10300123820002' LIMIT 1 [ RunTime:0.002010s ]
[ sql ] [ SQL ] SELECT `OwnerType` FROM `ph_ban_owner_type` WHERE  `id` = 2 LIMIT 1 [ RunTime:0.001924s ]
[ sql ] [ SQL ] SELECT `UseNature` FROM `ph_use_nature` WHERE  `id` = 2 LIMIT 1 [ RunTime:0.001931s ]
[ sql ] [ SQL ] SELECT `TenantName` FROM `ph_tenant` WHERE  `TenantID` = 1155837 LIMIT 1 [ RunTime:0.001939s ]
[ sql ] [ SQL ] SELECT `Institution` FROM `ph_institution` WHERE  `id` = 22 LIMIT 1 [ RunTime:0.001932s ]
[ sql ] [ SQL ] SELECT `OwnerType`,`UseNature`,`LeasedArea`,`HouseID`,`BanID`,`BanAddress`,`ArrearRent`,`TenantID`,`InstitutionID`,`DoorID`,`IfSuspend`,`UnitID`,`FloorID`,`ComprisingArea`,`HouseUsearea`,`HouseArea`,`HousePrerent`,`Oprice`,`PumpCost`,`HouseBase` FROM `ph_house` WHERE  `HouseID` = '10300123820001' LIMIT 1 [ RunTime:0.001989s ]
[ sql ] [ SQL ] SELECT `OwnerType` FROM `ph_ban_owner_type` WHERE  `id` = 2 LIMIT 1 [ RunTime:0.001906s ]
[ sql ] [ SQL ] SELECT `UseNature` FROM `ph_use_nature` WHERE  `id` = 3 LIMIT 1 [ RunTime:0.001912s ]
[ sql ] [ SQL ] SELECT `TenantName` FROM `ph_tenant` WHERE  `TenantID` = 1199058 LIMIT 1 [ RunTime:0.001947s ]
[ sql ] [ SQL ] SELECT `Institution` FROM `ph_institution` WHERE  `id` = 22 LIMIT 1 [ RunTime:0.001959s ]
[ sql ] [ SQL ] SELECT `OwnerType`,`UseNature`,`LeasedArea`,`HouseID`,`BanID`,`BanAddress`,`ArrearRent`,`TenantID`,`InstitutionID`,`DoorID`,`IfSuspend`,`UnitID`,`FloorID`,`ComprisingArea`,`HouseUsearea`,`HouseArea`,`HousePrerent`,`Oprice`,`PumpCost`,`HouseBase` FROM `ph_house` WHERE  `HouseID` = '10800106851190' LIMIT 1 [ RunTime:0.001983s ]
[ sql ] [ SQL ] SELECT `OwnerType` FROM `ph_ban_owner_type` WHERE  `id` = 2 LIMIT 1 [ RunTime:0.001938s ]
[ sql ] [ SQL ] SELECT `UseNature` FROM `ph_use_nature` WHERE  `id` = 1 LIMIT 1 [ RunTime:0.001932s ]
[ sql ] [ SQL ] SELECT `TenantName` FROM `ph_tenant` WHERE  `TenantID` = 11218 LIMIT 1 [ RunTime:0.001926s ]
[ sql ] [ SQL ] SELECT `Institution` FROM `ph_institution` WHERE  `id` = 8 LIMIT 1 [ RunTime:0.001911s ]
[ sql ] [ SQL ] SELECT `OwnerType`,`UseNature`,`LeasedArea`,`HouseID`,`BanID`,`BanAddress`,`ArrearRent`,`TenantID`,`InstitutionID`,`DoorID`,`IfSuspend`,`UnitID`,`FloorID`,`ComprisingArea`,`HouseUsearea`,`HouseArea`,`HousePrerent`,`Oprice`,`PumpCost`,`HouseBase` FROM `ph_house` WHERE  `HouseID` = '10800107098905' LIMIT 1 [ RunTime:0.001980s ]
[ sql ] [ SQL ] SELECT `OwnerType` FROM `ph_ban_owner_type` WHERE  `id` = 2 LIMIT 1 [ RunTime:0.001932s ]
[ sql ] [ SQL ] SELECT `UseNature` FROM `ph_use_nature` WHERE  `id` = 1 LIMIT 1 [ RunTime:0.001934s ]
[ sql ] [ SQL ] SELECT `TenantName` FROM `ph_tenant` WHERE  `TenantID` = 11346 LIMIT 1 [ RunTime:0.001993s ]
[ sql ] [ SQL ] SELECT `Institution` FROM `ph_institution` WHERE  `id` = 8 LIMIT 1 [ RunTime:0.001909s ]
[ sql ] [ SQL ] SELECT `OwnerType`,`UseNature`,`LeasedArea`,`HouseID`,`BanID`,`BanAddress`,`ArrearRent`,`TenantID`,`InstitutionID`,`DoorID`,`IfSuspend`,`UnitID`,`FloorID`,`ComprisingArea`,`HouseUsearea`,`HouseArea`,`HousePrerent`,`Oprice`,`PumpCost`,`HouseBase` FROM `ph_house` WHERE  `HouseID` = '10500432700100' LIMIT 1 [ RunTime:0.002021s ]
[ sql ] [ SQL ] SELECT `OwnerType` FROM `ph_ban_owner_type` WHERE  `id` = 2 LIMIT 1 [ RunTime:0.001918s ]
[ sql ] [ SQL ] SELECT `UseNature` FROM `ph_use_nature` WHERE  `id` = 1 LIMIT 1 [ RunTime:0.001943s ]
[ sql ] [ SQL ] SELECT `TenantName` FROM `ph_tenant` WHERE  `TenantID` = 26476 LIMIT 1 [ RunTime:0.001940s ]
[ sql ] [ SQL ] SELECT `Institution` FROM `ph_institution` WHERE  `id` = 32 LIMIT 1 [ RunTime:0.001903s ]
[ sql ] [ SQL ] SELECT `OwnerType`,`UseNature`,`LeasedArea`,`HouseID`,`BanID`,`BanAddress`,`ArrearRent`,`TenantID`,`InstitutionID`,`DoorID`,`IfSuspend`,`UnitID`,`FloorID`,`ComprisingArea`,`HouseUsearea`,`HouseArea`,`HousePrerent`,`Oprice`,`PumpCost`,`HouseBase` FROM `ph_house` WHERE  `HouseID` = '10500731339003' LIMIT 1 [ RunTime:0.001985s ]
[ sql ] [ SQL ] SELECT `OwnerType` FROM `ph_ban_owner_type` WHERE  `id` = 2 LIMIT 1 [ RunTime:0.001931s ]
[ sql ] [ SQL ] SELECT `UseNature` FROM `ph_use_nature` WHERE  `id` = 1 LIMIT 1 [ RunTime:0.001924s ]
[ sql ] [ SQL ] SELECT `TenantName` FROM `ph_tenant` WHERE  `TenantID` = 1199044 LIMIT 1 [ RunTime:0.001920s ]
[ sql ] [ SQL ] SELECT `Institution` FROM `ph_institution` WHERE  `id` = 30 LIMIT 1 [ RunTime:0.001941s ]
[ sql ] [ SQL ] SELECT `OwnerType`,`UseNature`,`LeasedArea`,`HouseID`,`BanID`,`BanAddress`,`ArrearRent`,`TenantID`,`InstitutionID`,`DoorID`,`IfSuspend`,`UnitID`,`FloorID`,`ComprisingArea`,`HouseUsearea`,`HouseArea`,`HousePrerent`,`Oprice`,`PumpCost`,`HouseBase` FROM `ph_house` WHERE  `HouseID` = '10100222939231' LIMIT 1 [ RunTime:0.002016s ]
[ sql ] [ SQL ] SELECT `OwnerType` FROM `ph_ban_owner_type` WHERE  `id` = 2 LIMIT 1 [ RunTime:0.001913s ]
[ sql ] [ SQL ] SELECT `UseNature` FROM `ph_use_nature` WHERE  `id` = 1 LIMIT 1 [ RunTime:0.001969s ]
[ sql ] [ SQL ] SELECT `TenantName` FROM `ph_tenant` WHERE  `TenantID` = 15269 LIMIT 1 [ RunTime:0.001916s ]
[ sql ] [ SQL ] SELECT `Institution` FROM `ph_institution` WHERE  `id` = 22 LIMIT 1 [ RunTime:0.001899s ]
[ sql ] [ SQL ] SELECT `OwnerType`,`UseNature`,`LeasedArea`,`HouseID`,`BanID`,`BanAddress`,`ArrearRent`,`TenantID`,`InstitutionID`,`DoorID`,`IfSuspend`,`UnitID`,`FloorID`,`ComprisingArea`,`HouseUsearea`,`HouseArea`,`HousePrerent`,`Oprice`,`PumpCost`,`HouseBase` FROM `ph_house` WHERE  `HouseID` = '10100222887257' LIMIT 1 [ RunTime:0.001970s ]
[ sql ] [ SQL ] SELECT `OwnerType` FROM `ph_ban_owner_type` WHERE  `id` = 2 LIMIT 1 [ RunTime:0.001945s ]
[ sql ] [ SQL ] SELECT `UseNature` FROM `ph_use_nature` WHERE  `id` = 1 LIMIT 1 [ RunTime:0.001920s ]
[ sql ] [ SQL ] SELECT `TenantName` FROM `ph_tenant` WHERE  `TenantID` = 15284 LIMIT 1 [ RunTime:0.001973s ]
[ sql ] [ SQL ] SELECT `Institution` FROM `ph_institution` WHERE  `id` = 22 LIMIT 1 [ RunTime:0.001924s ]
[ sql ] [ SQL ] SELECT `OwnerType`,`UseNature`,`LeasedArea`,`HouseID`,`BanID`,`BanAddress`,`ArrearRent`,`TenantID`,`InstitutionID`,`DoorID`,`IfSuspend`,`UnitID`,`FloorID`,`ComprisingArea`,`HouseUsearea`,`HouseArea`,`HousePrerent`,`Oprice`,`PumpCost`,`HouseBase` FROM `ph_house` WHERE  `HouseID` = '10100222867263' LIMIT 1 [ RunTime:0.002014s ]
[ sql ] [ SQL ] SELECT `OwnerType` FROM `ph_ban_owner_type` WHERE  `id` = 2 LIMIT 1 [ RunTime:0.001929s ]
[ sql ] [ SQL ] SELECT `UseNature` FROM `ph_use_nature` WHERE  `id` = 1 LIMIT 1 [ RunTime:0.001973s ]
[ sql ] [ SQL ] SELECT `TenantName` FROM `ph_tenant` WHERE  `TenantID` = 15285 LIMIT 1 [ RunTime:0.001928s ]
[ sql ] [ SQL ] SELECT `Institution` FROM `ph_institution` WHERE  `id` = 22 LIMIT 1 [ RunTime:0.001923s ]
[ sql ] [ SQL ] SHOW COLUMNS FROM `ph_rent_cut_point` [ RunTime:0.002112s ]
[ sql ] [ SQL ] SELECT * FROM `ph_rent_cut_point` [ RunTime:0.001933s ]

---------------------------------------------------------------
[ 2018-06-18T17:38:38+08:00 ] [ sql ] [ DB ] CONNECT:[ UseTime:0.007524s ] mysql:dbname=PH;host=sh-cdb-r8lcilx2.sql.tencentcdb.com;port=63889;charset=utf8
[ sql ] [ SQL ] SHOW COLUMNS FROM `ph_ban_owner_type` [ RunTime:0.002240s ]
[ sql ] [ SQL ] SELECT `id`,`OwnerType` FROM `ph_ban_owner_type` [ RunTime:0.002004s ]
[ sql ] [ SQL ] SELECT `id`,`OwnerType` FROM `ph_ban_owner_type` [ RunTime:0.002008s ]
[ sql ] [ SQL ] SHOW COLUMNS FROM `ph_institution` [ RunTime:0.002217s ]
[ sql ] [ SQL ] SELECT `id`,`Institution` FROM `ph_institution` [ RunTime:0.002070s ]
[ sql ] [ SQL ] SHOW COLUMNS FROM `ph_ban_structure_type` [ RunTime:0.002174s ]
[ sql ] [ SQL ] SELECT `id`,`StructureType` FROM `ph_ban_structure_type` [ RunTime:0.002021s ]
[ sql ] [ SQL ] SHOW COLUMNS FROM `ph_ban_damage_grade` [ RunTime:0.002146s ]
[ sql ] [ SQL ] SELECT `id`,`DamageGrade` FROM `ph_ban_damage_grade` [ RunTime:0.001999s ]
[ sql ] [ SQL ] SHOW COLUMNS FROM `ph_use_nature` [ RunTime:0.002138s ]
[ sql ] [ SQL ] SELECT `id`,`UseNature` FROM `ph_use_nature` [ RunTime:0.002068s ]
[ sql ] [ SQL ] SHOW COLUMNS FROM `ph_admin_menu` [ RunTime:0.002234s ]
[ sql ] [ SQL ] SELECT `pid` FROM `ph_admin_menu` WHERE  `UrlValue` = 'ph/BanInfo/index' LIMIT 1 [ RunTime:0.002037s ]
[ sql ] [ SQL ] SELECT `id`,`Institution`,`pid` FROM `ph_institution` [ RunTime:0.002031s ]
[ sql ] [ SQL ] SELECT `id`,`Institution`,`pid`,`Level` FROM `ph_institution` [ RunTime:0.002059s ]
[ sql ] [ SQL ] SHOW COLUMNS FROM `ph_cut_rent_type` [ RunTime:0.002174s ]
[ sql ] [ SQL ] SELECT `id`,`CutName` FROM `ph_cut_rent_type` [ RunTime:0.002141s ]
[ sql ] [ SQL ] SHOW COLUMNS FROM `ph_ban_facilities` [ RunTime:0.002196s ]
[ sql ] [ SQL ] SELECT `id`,`BanFacilities` FROM `ph_ban_facilities` [ RunTime:0.002058s ]
[ sql ] [ SQL ] SHOW COLUMNS FROM `ph_area` [ RunTime:0.002212s ]
[ sql ] [ SQL ] SELECT `id`,`Code`,`AreaTitle` FROM `ph_area` WHERE  `Level` = 2 [ RunTime:0.002225s ]
[ sql ] [ SQL ] SELECT `id`,`Code`,`AreaTitle` FROM `ph_area` WHERE  `Level` = 3 [ RunTime:0.002183s ]
[ sql ] [ SQL ] SHOW COLUMNS FROM `ph_ban` [ RunTime:0.002589s ]
[ sql ] [ SQL ] SELECT COUNT(*) AS tp_count FROM `ph_ban` WHERE  `Status` BETWEEN 1 AND 9 LIMIT 1 [ RunTime:0.003437s ]
[ sql ] [ SQL ] SELECT `BanID` FROM `ph_ban` WHERE  `Status` BETWEEN 1 AND 9 ORDER BY OldBanID asc LIMIT 0,15 [ RunTime:0.004578s ]
[ sql ] [ SQL ] SELECT sum(TotalArea) as ToatalAreas FROM `ph_ban` WHERE  `Status` BETWEEN 1 AND 9 LIMIT 1 [ RunTime:0.003775s ]
[ sql ] [ SQL ] SELECT sum(BanUsearea) as BanUseareas FROM `ph_ban` WHERE  `Status` BETWEEN 1 AND 9 LIMIT 1 [ RunTime:0.003755s ]
[ sql ] [ SQL ] SELECT sum(PreRent) as BanPrerents FROM `ph_ban` WHERE  `Status` BETWEEN 1 AND 9 LIMIT 1 [ RunTime:0.003765s ]
[ sql ] [ SQL ] SELECT `BanID`,`OldBanID`,`AnathorBanID`,`BanSysID`,`TubulationID`,`OwnerType`,`AnathorOwnerType`,`AreaFour`,`IfSuspend`,`BanUsearea`,`BanAddress`,`BanPropertyID`,`BanYear`,`DamageGrade`,`StructureType`,`UseNature`,`PreRent`,`TotalArea` FROM `ph_ban` WHERE  `BanID` = '1060071446' LIMIT 1 [ RunTime:0.002112s ]
[ sql ] [ SQL ] SHOW COLUMNS FROM `ph_house` [ RunTime:0.002552s ]
[ sql ] [ SQL ] SELECT `HouseID` FROM `ph_house` WHERE  `Status` BETWEEN 1 AND 9  AND `BanID` = '1060071446' [ RunTime:0.010238s ]
[ sql ] [ SQL ] SELECT COUNT(*) AS tp_count FROM `ph_house` WHERE  `HouseID` IN ('10600714465824') LIMIT 1 [ RunTime:0.002048s ]
[ sql ] [ SQL ] SELECT `DamageGrade` FROM `ph_ban_damage_grade` WHERE  `id` = 1 LIMIT 1 [ RunTime:0.002033s ]
[ sql ] [ SQL ] SELECT `OwnerType` FROM `ph_ban_owner_type` WHERE  `id` = 6 LIMIT 1 [ RunTime:0.002018s ]
[ sql ] [ SQL ] SELECT `OwnerType` FROM `ph_ban_owner_type` WHERE  `id` = 0 LIMIT 1 [ RunTime:0.002019s ]
[ sql ] [ SQL ] SELECT `StructureType` FROM `ph_ban_structure_type` WHERE  `id` = 3 LIMIT 1 [ RunTime:0.002040s ]
[ sql ] [ SQL ] SELECT `Institution` FROM `ph_institution` WHERE  `id` = 13 LIMIT 1 [ RunTime:0.002026s ]
[ sql ] [ SQL ] SELECT `UseNature` FROM `ph_use_nature` WHERE  `id` = 2 LIMIT 1 [ RunTime:0.002003s ]
[ sql ] [ SQL ] SELECT `BanID`,`OldBanID`,`AnathorBanID`,`BanSysID`,`TubulationID`,`OwnerType`,`AnathorOwnerType`,`AreaFour`,`IfSuspend`,`BanUsearea`,`BanAddress`,`BanPropertyID`,`BanYear`,`DamageGrade`,`StructureType`,`UseNature`,`PreRent`,`TotalArea` FROM `ph_ban` WHERE  `BanID` = '1050033690' LIMIT 1 [ RunTime:0.002097s ]
[ sql ] [ SQL ] SELECT `HouseID` FROM `ph_house` WHERE  `Status` BETWEEN 1 AND 9  AND `BanID` = '1050033690' [ RunTime:0.009888s ]
[ sql ] [ SQL ] SELECT COUNT(*) AS tp_count FROM `ph_house` WHERE  `HouseID` IN ('10500336900209','10500336900210') LIMIT 1 [ RunTime:0.002067s ]
[ sql ] [ SQL ] SELECT `DamageGrade` FROM `ph_ban_damage_grade` WHERE  `id` = 4 LIMIT 1 [ RunTime:0.002010s ]
[ sql ] [ SQL ] SELECT `OwnerType` FROM `ph_ban_owner_type` WHERE  `id` = 6 LIMIT 1 [ RunTime:0.002022s ]
[ sql ] [ SQL ] SELECT `OwnerType` FROM `ph_ban_owner_type` WHERE  `id` = 0 LIMIT 1 [ RunTime:0.002018s ]
[ sql ] [ SQL ] SELECT `StructureType` FROM `ph_ban_structure_type` WHERE  `id` = 3 LIMIT 1 [ RunTime:0.002053s ]
[ sql ] [ SQL ] SELECT `Institution` FROM `ph_institution` WHERE  `id` = 33 LIMIT 1 [ RunTime:0.001996s ]
[ sql ] [ SQL ] SELECT `UseNature` FROM `ph_use_nature` WHERE  `id` = 1 LIMIT 1 [ RunTime:0.001996s ]
[ sql ] [ SQL ] SELECT `BanID`,`OldBanID`,`AnathorBanID`,`BanSysID`,`TubulationID`,`OwnerType`,`AnathorOwnerType`,`AreaFour`,`IfSuspend`,`BanUsearea`,`BanAddress`,`BanPropertyID`,`BanYear`,`DamageGrade`,`StructureType`,`UseNature`,`PreRent`,`TotalArea` FROM `ph_ban` WHERE  `BanID` = '1060071445' LIMIT 1 [ RunTime:0.002057s ]
[ sql ] [ SQL ] SELECT `HouseID` FROM `ph_house` WHERE  `Status` BETWEEN 1 AND 9  AND `BanID` = '1060071445' [ RunTime:0.010047s ]
[ sql ] [ SQL ] SELECT COUNT(*) AS tp_count FROM `ph_house` WHERE  `HouseID` IN ('10600714455825') LIMIT 1 [ RunTime:0.002077s ]
[ sql ] [ SQL ] SELECT `DamageGrade` FROM `ph_ban_damage_grade` WHERE  `id` = 1 LIMIT 1 [ RunTime:0.002054s ]
[ sql ] [ SQL ] SELECT `OwnerType` FROM `ph_ban_owner_type` WHERE  `id` = 6 LIMIT 1 [ RunTime:0.002031s ]
[ sql ] [ SQL ] SELECT `OwnerType` FROM `ph_ban_owner_type` WHERE  `id` = 0 LIMIT 1 [ RunTime:0.001985s ]
[ sql ] [ SQL ] SELECT `StructureType` FROM `ph_ban_structure_type` WHERE  `id` = 3 LIMIT 1 [ RunTime:0.002013s ]
[ sql ] [ SQL ] SELECT `Institution` FROM `ph_institution` WHERE  `id` = 13 LIMIT 1 [ RunTime:0.002005s ]
[ sql ] [ SQL ] SELECT `UseNature` FROM `ph_use_nature` WHERE  `id` = 2 LIMIT 1 [ RunTime:0.002008s ]
[ sql ] [ SQL ] SELECT `BanID`,`OldBanID`,`AnathorBanID`,`BanSysID`,`TubulationID`,`OwnerType`,`AnathorOwnerType`,`AreaFour`,`IfSuspend`,`BanUsearea`,`BanAddress`,`BanPropertyID`,`BanYear`,`DamageGrade`,`StructureType`,`UseNature`,`PreRent`,`TotalArea` FROM `ph_ban` WHERE  `BanID` = '1060101300' LIMIT 1 [ RunTime:0.002100s ]
[ sql ] [ SQL ] SELECT `HouseID` FROM `ph_house` WHERE  `Status` BETWEEN 1 AND 9  AND `BanID` = '1060101300' [ RunTime:0.010213s ]
[ sql ] [ SQL ] SELECT COUNT(*) AS tp_count FROM `ph_house` WHERE  `HouseID` IN ('10601012544600') LIMIT 1 [ RunTime:0.002050s ]
[ sql ] [ SQL ] SELECT `DamageGrade` FROM `ph_ban_damage_grade` WHERE  `id` = 1 LIMIT 1 [ RunTime:0.002042s ]
[ sql ] [ SQL ] SELECT `OwnerType` FROM `ph_ban_owner_type` WHERE  `id` = 5 LIMIT 1 [ RunTime:0.002019s ]
[ sql ] [ SQL ] SELECT `OwnerType` FROM `ph_ban_owner_type` WHERE  `id` = 0 LIMIT 1 [ RunTime:0.002008s ]
[ sql ] [ SQL ] SELECT `StructureType` FROM `ph_ban_structure_type` WHERE  `id` = 1 LIMIT 1 [ RunTime:0.002005s ]
[ sql ] [ SQL ] SELECT `Institution` FROM `ph_institution` WHERE  `id` = 12 LIMIT 1 [ RunTime:0.001991s ]
[ sql ] [ SQL ] SELECT `UseNature` FROM `ph_use_nature` WHERE  `id` = 1 LIMIT 1 [ RunTime:0.002026s ]
[ sql ] [ SQL ] SELECT `BanID`,`OldBanID`,`AnathorBanID`,`BanSysID`,`TubulationID`,`OwnerType`,`AnathorOwnerType`,`AreaFour`,`IfSuspend`,`BanUsearea`,`BanAddress`,`BanPropertyID`,`BanYear`,`DamageGrade`,`StructureType`,`UseNature`,`PreRent`,`TotalArea` FROM `ph_ban` WHERE  `BanID` = '1050073999' LIMIT 1 [ RunTime:0.002087s ]
[ sql ] [ SQL ] SELECT `HouseID` FROM `ph_house` WHERE  `Status` BETWEEN 1 AND 9  AND `BanID` = '1050073999' [ RunTime:0.010091s ]
[ sql ] [ SQL ] SELECT COUNT(*) AS tp_count FROM `ph_house` WHERE  `HouseID` IN ('10500131501399') LIMIT 1 [ RunTime:0.002049s ]
[ sql ] [ SQL ] SELECT `DamageGrade` FROM `ph_ban_damage_grade` WHERE  `id` = 2 LIMIT 1 [ RunTime:0.002007s ]
[ sql ] [ SQL ] SELECT `OwnerType` FROM `ph_ban_owner_type` WHERE  `id` = 5 LIMIT 1 [ RunTime:0.001998s ]
[ sql ] [ SQL ] SELECT `OwnerType` FROM `ph_ban_owner_type` WHERE  `id` = 0 LIMIT 1 [ RunTime:0.002035s ]
[ sql ] [ SQL ] SELECT `StructureType` FROM `ph_ban_structure_type` WHERE  `id` = 4 LIMIT 1 [ RunTime:0.001989s ]
[ sql ] [ SQL ] SELECT `Institution` FROM `ph_institution` WHERE  `id` = 29 LIMIT 1 [ RunTime:0.001991s ]
[ sql ] [ SQL ] SELECT `UseNature` FROM `ph_use_nature` WHERE  `id` = 3 LIMIT 1 [ RunTime:0.001994s ]
[ sql ] [ SQL ] SELECT `BanID`,`OldBanID`,`AnathorBanID`,`BanSysID`,`TubulationID`,`OwnerType`,`AnathorOwnerType`,`AreaFour`,`IfSuspend`,`BanUsearea`,`BanAddress`,`BanPropertyID`,`BanYear`,`DamageGrade`,`StructureType`,`UseNature`,`PreRent`,`TotalArea` FROM `ph_ban` WHERE  `BanID` = '1120012899' LIMIT 1 [ RunTime:0.002104s ]
[ sql ] [ SQL ] SELECT `HouseID` FROM `ph_house` WHERE  `Status` BETWEEN 1 AND 9  AND `BanID` = '1120012899' [ RunTime:0.009884s ]
[ sql ] [ SQL ] SELECT COUNT(*) AS tp_count FROM `ph_house` WHERE  `HouseID` IN ('11200128990001','11200128990002','11200128990003') LIMIT 1 [ RunTime:0.002071s ]
[ sql ] [ SQL ] SELECT `DamageGrade` FROM `ph_ban_damage_grade` WHERE  `id` = 1 LIMIT 1 [ RunTime:0.002005s ]
[ sql ] [ SQL ] SELECT `OwnerType` FROM `ph_ban_owner_type` WHERE  `id` = 5 LIMIT 1 [ RunTime:0.002022s ]
[ sql ] [ SQL ] SELECT `OwnerType` FROM `ph_ban_owner_type` WHERE  `id` = 0 LIMIT 1 [ RunTime:0.002015s ]
[ sql ] [ SQL ] SELECT `StructureType` FROM `ph_ban_structure_type` WHERE  `id` = 5 LIMIT 1 [ RunTime:0.002022s ]
[ sql ] [ SQL ] SELECT `Institution` FROM `ph_institution` WHERE  `id` = 26 LIMIT 1 [ RunTime:0.001992s ]
[ sql ] [ SQL ] SELECT `UseNature` FROM `ph_use_nature` WHERE  `id` = 1 LIMIT 1 [ RunTime:0.002044s ]
[ sql ] [ SQL ] SELECT `BanID`,`OldBanID`,`AnathorBanID`,`BanSysID`,`TubulationID`,`OwnerType`,`AnathorOwnerType`,`AreaFour`,`IfSuspend`,`BanUsearea`,`BanAddress`,`BanPropertyID`,`BanYear`,`DamageGrade`,`StructureType`,`UseNature`,`PreRent`,`TotalArea` FROM `ph_ban` WHERE  `BanID` = '1050043299' LIMIT 1 [ RunTime:0.002196s ]
[ sql ] [ SQL ] SELECT `HouseID` FROM `ph_house` WHERE  `Status` BETWEEN 1 AND 9  AND `BanID` = '1050043299' [ RunTime:0.010085s ]
[ sql ] [ SQL ] SELECT `DamageGrade` FROM `ph_ban_damage_grade` WHERE  `id` = 3 LIMIT 1 [ RunTime:0.002055s ]
[ sql ] [ SQL ] SELECT `OwnerType` FROM `ph_ban_owner_type` WHERE  `id` = 5 LIMIT 1 [ RunTime:0.002028s ]
[ sql ] [ SQL ] SELECT `OwnerType` FROM `ph_ban_owner_type` WHERE  `id` = 0 LIMIT 1 [ RunTime:0.002018s ]
[ sql ] [ SQL ] SELECT `StructureType` FROM `ph_ban_structure_type` WHERE  `id` = 4 LIMIT 1 [ RunTime:0.002032s ]
[ sql ] [ SQL ] SELECT `Institution` FROM `ph_institution` WHERE  `id` = 31 LIMIT 1 [ RunTime:0.002006s ]
[ sql ] [ SQL ] SELECT `UseNature` FROM `ph_use_nature` WHERE  `id` = 2 LIMIT 1 [ RunTime:0.002001s ]
[ sql ] [ SQL ] SELECT `BanID`,`OldBanID`,`AnathorBanID`,`BanSysID`,`TubulationID`,`OwnerType`,`AnathorOwnerType`,`AreaFour`,`IfSuspend`,`BanUsearea`,`BanAddress`,`BanPropertyID`,`BanYear`,`DamageGrade`,`StructureType`,`UseNature`,`PreRent`,`TotalArea` FROM `ph_ban` WHERE  `BanID` = '1070030328' LIMIT 1 [ RunTime:0.002085s ]
[ sql ] [ SQL ] SELECT `HouseID` FROM `ph_house` WHERE  `Status` BETWEEN 1 AND 9  AND `BanID` = '1070030328' [ RunTime:0.010128s ]
[ sql ] [ SQL ] SELECT COUNT(*) AS tp_count FROM `ph_house` WHERE  `HouseID` IN ('10700303283984','10700303283985','10700303283986','10700303283987','10700303283988','10700303283989','10700303283990','10700303283991','10700303283992','10700303283993') LIMIT 1 [ RunTime:0.002107s ]
[ sql ] [ SQL ] SELECT `DamageGrade` FROM `ph_ban_damage_grade` WHERE  `id` = 1 LIMIT 1 [ RunTime:0.002016s ]
[ sql ] [ SQL ] SELECT `OwnerType` FROM `ph_ban_owner_type` WHERE  `id` = 1 LIMIT 1 [ RunTime:0.002019s ]
[ sql ] [ SQL ] SELECT `OwnerType` FROM `ph_ban_owner_type` WHERE  `id` = 0 LIMIT 1 [ RunTime:0.001995s ]
[ sql ] [ SQL ] SELECT `StructureType` FROM `ph_ban_structure_type` WHERE  `id` = 1 LIMIT 1 [ RunTime:0.002018s ]
[ sql ] [ SQL ] SELECT `Institution` FROM `ph_institution` WHERE  `id` = 6 LIMIT 1 [ RunTime:0.002026s ]
[ sql ] [ SQL ] SELECT `UseNature` FROM `ph_use_nature` WHERE  `id` = 1 LIMIT 1 [ RunTime:0.002018s ]
[ sql ] [ SQL ] SELECT `BanID`,`OldBanID`,`AnathorBanID`,`BanSysID`,`TubulationID`,`OwnerType`,`AnathorOwnerType`,`AreaFour`,`IfSuspend`,`BanUsearea`,`BanAddress`,`BanPropertyID`,`BanYear`,`DamageGrade`,`StructureType`,`UseNature`,`PreRent`,`TotalArea` FROM `ph_ban` WHERE  `BanID` = '1070030329' LIMIT 1 [ RunTime:0.002103s ]
[ sql ] [ SQL ] SELECT `HouseID` FROM `ph_house` WHERE  `Status` BETWEEN 1 AND 9  AND `BanID` = '1070030329' [ RunTime:0.009910s ]
[ sql ] [ SQL ] SELECT COUNT(*) AS tp_count FROM `ph_house` WHERE  `HouseID` IN ('10700303293977','10700303293978','10700303293979','10700303293980','10700303293981','10700303293982','10700303293983') LIMIT 1 [ RunTime:0.002108s ]
[ sql ] [ SQL ] SELECT `DamageGrade` FROM `ph_ban_damage_grade` WHERE  `id` = 1 LIMIT 1 [ RunTime:0.002039s ]
[ sql ] [ SQL ] SELECT `OwnerType` FROM `ph_ban_owner_type` WHERE  `id` = 1 LIMIT 1 [ RunTime:0.002032s ]
[ sql ] [ SQL ] SELECT `OwnerType` FROM `ph_ban_owner_type` WHERE  `id` = 0 LIMIT 1 [ RunTime:0.002004s ]
[ sql ] [ SQL ] SELECT `StructureType` FROM `ph_ban_structure_type` WHERE  `id` = 4 LIMIT 1 [ RunTime:0.002053s ]
[ sql ] [ SQL ] SELECT `Institution` FROM `ph_institution` WHERE  `id` = 6 LIMIT 1 [ RunTime:0.001992s ]
[ sql ] [ SQL ] SELECT `UseNature` FROM `ph_use_nature` WHERE  `id` = 1 LIMIT 1 [ RunTime:0.002012s ]
[ sql ] [ SQL ] SELECT `BanID`,`OldBanID`,`AnathorBanID`,`BanSysID`,`TubulationID`,`OwnerType`,`AnathorOwnerType`,`AreaFour`,`IfSuspend`,`BanUsearea`,`BanAddress`,`BanPropertyID`,`BanYear`,`DamageGrade`,`StructureType`,`UseNature`,`PreRent`,`TotalArea` FROM `ph_ban` WHERE  `BanID` = '1070030330' LIMIT 1 [ RunTime:0.002083s ]
[ sql ] [ SQL ] SELECT `HouseID` FROM `ph_house` WHERE  `Status` BETWEEN 1 AND 9  AND `BanID` = '1070030330' [ RunTime:0.009546s ]
[ sql ] [ SQL ] SELECT COUNT(*) AS tp_count FROM `ph_house` WHERE  `HouseID` IN ('10700303303976') LIMIT 1 [ RunTime:0.002023s ]
[ sql ] [ SQL ] SELECT `DamageGrade` FROM `ph_ban_damage_grade` WHERE  `id` = 2 LIMIT 1 [ RunTime:0.002036s ]
[ sql ] [ SQL ] SELECT `OwnerType` FROM `ph_ban_owner_type` WHERE  `id` = 1 LIMIT 1 [ RunTime:0.002056s ]
[ sql ] [ SQL ] SELECT `OwnerType` FROM `ph_ban_owner_type` WHERE  `id` = 0 LIMIT 1 [ RunTime:0.002009s ]
[ sql ] [ SQL ] SELECT `StructureType` FROM `ph_ban_structure_type` WHERE  `id` = 4 LIMIT 1 [ RunTime:0.002047s ]
[ sql ] [ SQL ] SELECT `Institution` FROM `ph_institution` WHERE  `id` = 6 LIMIT 1 [ RunTime:0.002017s ]
[ sql ] [ SQL ] SELECT `UseNature` FROM `ph_use_nature` WHERE  `id` = 2 LIMIT 1 [ RunTime:0.002046s ]
[ sql ] [ SQL ] SELECT `BanID`,`OldBanID`,`AnathorBanID`,`BanSysID`,`TubulationID`,`OwnerType`,`AnathorOwnerType`,`AreaFour`,`IfSuspend`,`BanUsearea`,`BanAddress`,`BanPropertyID`,`BanYear`,`DamageGrade`,`StructureType`,`UseNature`,`PreRent`,`TotalArea` FROM `ph_ban` WHERE  `BanID` = '1070030331' LIMIT 1 [ RunTime:0.002125s ]
[ sql ] [ SQL ] SELECT `HouseID` FROM `ph_house` WHERE  `Status` BETWEEN 1 AND 9  AND `BanID` = '1070030331' [ RunTime:0.009660s ]
[ sql ] [ SQL ] SELECT COUNT(*) AS tp_count FROM `ph_house` WHERE  `HouseID` IN ('10700303313975') LIMIT 1 [ RunTime:0.002080s ]
[ sql ] [ SQL ] SELECT `DamageGrade` FROM `ph_ban_damage_grade` WHERE  `id` = 1 LIMIT 1 [ RunTime:0.002038s ]
[ sql ] [ SQL ] SELECT `OwnerType` FROM `ph_ban_owner_type` WHERE  `id` = 1 LIMIT 1 [ RunTime:0.002032s ]
[ sql ] [ SQL ] SELECT `OwnerType` FROM `ph_ban_owner_type` WHERE  `id` = 0 LIMIT 1 [ RunTime:0.002025s ]
[ sql ] [ SQL ] SELECT `StructureType` FROM `ph_ban_structure_type` WHERE  `id` = 1 LIMIT 1 [ RunTime:0.002086s ]
[ sql ] [ SQL ] SELECT `Institution` FROM `ph_institution` WHERE  `id` = 6 LIMIT 1 [ RunTime:0.002043s ]
[ sql ] [ SQL ] SELECT `UseNature` FROM `ph_use_nature` WHERE  `id` = 2 LIMIT 1 [ RunTime:0.002038s ]
[ sql ] [ SQL ] SELECT `BanID`,`OldBanID`,`AnathorBanID`,`BanSysID`,`TubulationID`,`OwnerType`,`AnathorOwnerType`,`AreaFour`,`IfSuspend`,`BanUsearea`,`BanAddress`,`BanPropertyID`,`BanYear`,`DamageGrade`,`StructureType`,`UseNature`,`PreRent`,`TotalArea` FROM `ph_ban` WHERE  `BanID` = '1070030332' LIMIT 1 [ RunTime:0.002134s ]
[ sql ] [ SQL ] SELECT `HouseID` FROM `ph_house` WHERE  `Status` BETWEEN 1 AND 9  AND `BanID` = '1070030332' [ RunTime:0.010137s ]
[ sql ] [ SQL ] SELECT COUNT(*) AS tp_count FROM `ph_house` WHERE  `HouseID` IN ('10700303323974') LIMIT 1 [ RunTime:0.002026s ]
[ sql ] [ SQL ] SELECT `DamageGrade` FROM `ph_ban_damage_grade` WHERE  `id` = 1 LIMIT 1 [ RunTime:0.002048s ]
[ sql ] [ SQL ] SELECT `OwnerType` FROM `ph_ban_owner_type` WHERE  `id` = 1 LIMIT 1 [ RunTime:0.002042s ]
[ sql ] [ SQL ] SELECT `OwnerType` FROM `ph_ban_owner_type` WHERE  `id` = 0 LIMIT 1 [ RunTime:0.002023s ]
[ sql ] [ SQL ] SELECT `StructureType` FROM `ph_ban_structure_type` WHERE  `id` = 1 LIMIT 1 [ RunTime:0.002040s ]
[ sql ] [ SQL ] SELECT `Institution` FROM `ph_institution` WHERE  `id` = 6 LIMIT 1 [ RunTime:0.002027s ]
[ sql ] [ SQL ] SELECT `UseNature` FROM `ph_use_nature` WHERE  `id` = 2 LIMIT 1 [ RunTime:0.002016s ]
[ sql ] [ SQL ] SELECT `BanID`,`OldBanID`,`AnathorBanID`,`BanSysID`,`TubulationID`,`OwnerType`,`AnathorOwnerType`,`AreaFour`,`IfSuspend`,`BanUsearea`,`BanAddress`,`BanPropertyID`,`BanYear`,`DamageGrade`,`StructureType`,`UseNature`,`PreRent`,`TotalArea` FROM `ph_ban` WHERE  `BanID` = '1070030333' LIMIT 1 [ RunTime:0.002103s ]
[ sql ] [ SQL ] SELECT `HouseID` FROM `ph_house` WHERE  `Status` BETWEEN 1 AND 9  AND `BanID` = '1070030333' [ RunTime:0.010124s ]
[ sql ] [ SQL ] SELECT COUNT(*) AS tp_count FROM `ph_house` WHERE  `HouseID` IN ('10700303333973') LIMIT 1 [ RunTime:0.002072s ]
[ sql ] [ SQL ] SELECT `DamageGrade` FROM `ph_ban_damage_grade` WHERE  `id` = 1 LIMIT 1 [ RunTime:0.002058s ]
[ sql ] [ SQL ] SELECT `OwnerType` FROM `ph_ban_owner_type` WHERE  `id` = 1 LIMIT 1 [ RunTime:0.002103s ]
[ sql ] [ SQL ] SELECT `OwnerType` FROM `ph_ban_owner_type` WHERE  `id` = 0 LIMIT 1 [ RunTime:0.002049s ]
[ sql ] [ SQL ] SELECT `StructureType` FROM `ph_ban_structure_type` WHERE  `id` = 1 LIMIT 1 [ RunTime:0.002014s ]
[ sql ] [ SQL ] SELECT `Institution` FROM `ph_institution` WHERE  `id` = 6 LIMIT 1 [ RunTime:0.002029s ]
[ sql ] [ SQL ] SELECT `UseNature` FROM `ph_use_nature` WHERE  `id` = 2 LIMIT 1 [ RunTime:0.002025s ]
[ sql ] [ SQL ] SELECT `BanID`,`OldBanID`,`AnathorBanID`,`BanSysID`,`TubulationID`,`OwnerType`,`AnathorOwnerType`,`AreaFour`,`IfSuspend`,`BanUsearea`,`BanAddress`,`BanPropertyID`,`BanYear`,`DamageGrade`,`StructureType`,`UseNature`,`PreRent`,`TotalArea` FROM `ph_ban` WHERE  `BanID` = '1080010624' LIMIT 1 [ RunTime:0.002105s ]
[ sql ] [ SQL ] SELECT `HouseID` FROM `ph_house` WHERE  `Status` BETWEEN 1 AND 9  AND `BanID` = '1080010624' [ RunTime:0.010097s ]
[ sql ] [ SQL ] SELECT COUNT(*) AS tp_count FROM `ph_house` WHERE  `HouseID` IN ('10800106241444','10800106241445') LIMIT 1 [ RunTime:0.002079s ]
[ sql ] [ SQL ] SELECT `DamageGrade` FROM `ph_ban_damage_grade` WHERE  `id` = 1 LIMIT 1 [ RunTime:0.002036s ]
[ sql ] [ SQL ] SELECT `OwnerType` FROM `ph_ban_owner_type` WHERE  `id` = 1 LIMIT 1 [ RunTime:0.002039s ]
[ sql ] [ SQL ] SELECT `OwnerType` FROM `ph_ban_owner_type` WHERE  `id` = 0 LIMIT 1 [ RunTime:0.002049s ]
[ sql ] [ SQL ] SELECT `StructureType` FROM `ph_ban_structure_type` WHERE  `id` = 4 LIMIT 1 [ RunTime:0.002027s ]
[ sql ] [ SQL ] SELECT `Institution` FROM `ph_institution` WHERE  `id` = 8 LIMIT 1 [ RunTime:0.002038s ]
[ sql ] [ SQL ] SELECT `UseNature` FROM `ph_use_nature` WHERE  `id` = 1 LIMIT 1 [ RunTime:0.001995s ]
[ sql ] [ SQL ] SELECT `BanID`,`OldBanID`,`AnathorBanID`,`BanSysID`,`TubulationID`,`OwnerType`,`AnathorOwnerType`,`AreaFour`,`IfSuspend`,`BanUsearea`,`BanAddress`,`BanPropertyID`,`BanYear`,`DamageGrade`,`StructureType`,`UseNature`,`PreRent`,`TotalArea` FROM `ph_ban` WHERE  `BanID` = '1080010625' LIMIT 1 [ RunTime:0.002080s ]
[ sql ] [ SQL ] SELECT `HouseID` FROM `ph_house` WHERE  `Status` BETWEEN 1 AND 9  AND `BanID` = '1080010625' [ RunTime:0.010086s ]
[ sql ] [ SQL ] SELECT COUNT(*) AS tp_count FROM `ph_house` WHERE  `HouseID` IN ('10800106251437','10800106251438','10800106251439','10800106251440','10800106251441','10800106251442','10800106251443') LIMIT 1 [ RunTime:0.002115s ]
[ sql ] [ SQL ] SELECT `DamageGrade` FROM `ph_ban_damage_grade` WHERE  `id` = 1 LIMIT 1 [ RunTime:0.002013s ]
[ sql ] [ SQL ] SELECT `OwnerType` FROM `ph_ban_owner_type` WHERE  `id` = 1 LIMIT 1 [ RunTime:0.002022s ]
[ sql ] [ SQL ] SELECT `OwnerType` FROM `ph_ban_owner_type` WHERE  `id` = 0 LIMIT 1 [ RunTime:0.002017s ]
[ sql ] [ SQL ] SELECT `StructureType` FROM `ph_ban_structure_type` WHERE  `id` = 4 LIMIT 1 [ RunTime:0.002002s ]
[ sql ] [ SQL ] SELECT `Institution` FROM `ph_institution` WHERE  `id` = 8 LIMIT 1 [ RunTime:0.002068s ]
[ sql ] [ SQL ] SELECT `UseNature` FROM `ph_use_nature` WHERE  `id` = 1 LIMIT 1 [ RunTime:0.002025s ]

---------------------------------------------------------------
[ 2018-06-18T17:38:38+08:00 ] [ sql ] [ DB ] CONNECT:[ UseTime:0.007208s ] mysql:dbname=PH;host=sh-cdb-r8lcilx2.sql.tencentcdb.com;port=63889;charset=utf8
[ sql ] [ SQL ] SHOW COLUMNS FROM `ph_area` [ RunTime:0.002242s ]
[ sql ] [ SQL ] SELECT * FROM `ph_area` [ RunTime:0.002135s ]

---------------------------------------------------------------
[ 2018-06-18T17:38:40+08:00 ] [ sql ] [ DB ] CONNECT:[ UseTime:0.080182s ] mysql:dbname=PH;host=sh-cdb-r8lcilx2.sql.tencentcdb.com;port=63889;charset=utf8
[ sql ] [ SQL ] SHOW COLUMNS FROM `ph_ban_owner_type` [ RunTime:0.002224s ]
[ sql ] [ SQL ] SELECT `id`,`OwnerType` FROM `ph_ban_owner_type` [ RunTime:0.002016s ]
[ sql ] [ SQL ] SELECT `id`,`OwnerType` FROM `ph_ban_owner_type` [ RunTime:0.001995s ]
[ sql ] [ SQL ] SHOW COLUMNS FROM `ph_institution` [ RunTime:0.002156s ]
[ sql ] [ SQL ] SELECT `id`,`Institution` FROM `ph_institution` [ RunTime:0.002030s ]
[ sql ] [ SQL ] SHOW COLUMNS FROM `ph_ban_structure_type` [ RunTime:0.002120s ]
[ sql ] [ SQL ] SELECT `id`,`StructureType` FROM `ph_ban_structure_type` [ RunTime:0.001986s ]
[ sql ] [ SQL ] SHOW COLUMNS FROM `ph_ban_damage_grade` [ RunTime:0.002126s ]
[ sql ] [ SQL ] SELECT `id`,`DamageGrade` FROM `ph_ban_damage_grade` [ RunTime:0.001968s ]
[ sql ] [ SQL ] SHOW COLUMNS FROM `ph_use_nature` [ RunTime:0.002136s ]
[ sql ] [ SQL ] SELECT `id`,`UseNature` FROM `ph_use_nature` [ RunTime:0.002033s ]
[ sql ] [ SQL ] SHOW COLUMNS FROM `ph_admin_menu` [ RunTime:0.002215s ]
[ sql ] [ SQL ] SELECT `pid` FROM `ph_admin_menu` WHERE  `UrlValue` = 'ph/TenantInfo/index' LIMIT 1 [ RunTime:0.002025s ]
[ sql ] [ SQL ] SELECT `id`,`Institution`,`pid` FROM `ph_institution` [ RunTime:0.002066s ]
[ sql ] [ SQL ] SELECT `id`,`Institution`,`pid`,`Level` FROM `ph_institution` [ RunTime:0.002021s ]
[ sql ] [ SQL ] SHOW COLUMNS FROM `ph_cut_rent_type` [ RunTime:0.002177s ]
[ sql ] [ SQL ] SELECT `id`,`CutName` FROM `ph_cut_rent_type` [ RunTime:0.001992s ]
[ sql ] [ SQL ] SHOW COLUMNS FROM `ph_tenant` [ RunTime:0.002254s ]
[ sql ] [ SQL ] SELECT COUNT(*) AS tp_count FROM `ph_tenant` WHERE  `Status` = 1 LIMIT 1 [ RunTime:0.005587s ]
[ sql ] [ SQL ] SELECT `TenantID` FROM `ph_tenant` WHERE  `Status` = 1 ORDER BY CreateTime desc LIMIT 0,15 [ RunTime:0.007455s ]
[ sql ] [ SQL ] SELECT `TenantID`,`TenantName`,`InstitutionID`,`InstitutionPID`,`TenantTel`,`TenantBalance`,`ArrearRent`,`TenantValue`,`TenantWeChat`,`TenantQQ`,`BankID` FROM `ph_tenant` WHERE  `TenantID` = 1199066 LIMIT 1 [ RunTime:0.002066s ]
[ sql ] [ SQL ] SELECT `Institution` FROM `ph_institution` WHERE  `id` = 12 LIMIT 1 [ RunTime:0.001985s ]
[ sql ] [ SQL ] SELECT `TenantID`,`TenantName`,`InstitutionID`,`InstitutionPID`,`TenantTel`,`TenantBalance`,`ArrearRent`,`TenantValue`,`TenantWeChat`,`TenantQQ`,`BankID` FROM `ph_tenant` WHERE  `TenantID` = 1312899 LIMIT 1 [ RunTime:0.002007s ]
[ sql ] [ SQL ] SELECT `Institution` FROM `ph_institution` WHERE  `id` = 14 LIMIT 1 [ RunTime:0.001971s ]
[ sql ] [ SQL ] SELECT `TenantID`,`TenantName`,`InstitutionID`,`InstitutionPID`,`TenantTel`,`TenantBalance`,`ArrearRent`,`TenantValue`,`TenantWeChat`,`TenantQQ`,`BankID` FROM `ph_tenant` WHERE  `TenantID` = 1199060 LIMIT 1 [ RunTime:0.002003s ]
[ sql ] [ SQL ] SELECT `Institution` FROM `ph_institution` WHERE  `id` = 14 LIMIT 1 [ RunTime:0.001985s ]
[ sql ] [ SQL ] SELECT `TenantID`,`TenantName`,`InstitutionID`,`InstitutionPID`,`TenantTel`,`TenantBalance`,`ArrearRent`,`TenantValue`,`TenantWeChat`,`TenantQQ`,`BankID` FROM `ph_tenant` WHERE  `TenantID` = 1199059 LIMIT 1 [ RunTime:0.002015s ]
[ sql ] [ SQL ] SELECT `Institution` FROM `ph_institution` WHERE  `id` = 22 LIMIT 1 [ RunTime:0.002041s ]
[ sql ] [ SQL ] SELECT `TenantID`,`TenantName`,`InstitutionID`,`InstitutionPID`,`TenantTel`,`TenantBalance`,`ArrearRent`,`TenantValue`,`TenantWeChat`,`TenantQQ`,`BankID` FROM `ph_tenant` WHERE  `TenantID` = 1199058 LIMIT 1 [ RunTime:0.002046s ]
[ sql ] [ SQL ] SELECT `Institution` FROM `ph_institution` WHERE  `id` = 22 LIMIT 1 [ RunTime:0.002015s ]
[ sql ] [ SQL ] SELECT `TenantID`,`TenantName`,`InstitutionID`,`InstitutionPID`,`TenantTel`,`TenantBalance`,`ArrearRent`,`TenantValue`,`TenantWeChat`,`TenantQQ`,`BankID` FROM `ph_tenant` WHERE  `TenantID` = 1199057 LIMIT 1 [ RunTime:0.001999s ]
[ sql ] [ SQL ] SELECT `Institution` FROM `ph_institution` WHERE  `id` = 22 LIMIT 1 [ RunTime:0.001974s ]
[ sql ] [ SQL ] SELECT `TenantID`,`TenantName`,`InstitutionID`,`InstitutionPID`,`TenantTel`,`TenantBalance`,`ArrearRent`,`TenantValue`,`TenantWeChat`,`TenantQQ`,`BankID` FROM `ph_tenant` WHERE  `TenantID` = 1199056 LIMIT 1 [ RunTime:0.001999s ]
[ sql ] [ SQL ] SELECT `Institution` FROM `ph_institution` WHERE  `id` = 5 LIMIT 1 [ RunTime:0.001985s ]
[ sql ] [ SQL ] SELECT `TenantID`,`TenantName`,`InstitutionID`,`InstitutionPID`,`TenantTel`,`TenantBalance`,`ArrearRent`,`TenantValue`,`TenantWeChat`,`TenantQQ`,`BankID` FROM `ph_tenant` WHERE  `TenantID` = 1199055 LIMIT 1 [ RunTime:0.002018s ]
[ sql ] [ SQL ] SELECT `Institution` FROM `ph_institution` WHERE  `id` = 5 LIMIT 1 [ RunTime:0.001974s ]
[ sql ] [ SQL ] SELECT `TenantID`,`TenantName`,`InstitutionID`,`InstitutionPID`,`TenantTel`,`TenantBalance`,`ArrearRent`,`TenantValue`,`TenantWeChat`,`TenantQQ`,`BankID` FROM `ph_tenant` WHERE  `TenantID` = 1199054 LIMIT 1 [ RunTime:0.001983s ]
[ sql ] [ SQL ] SELECT `Institution` FROM `ph_institution` WHERE  `id` = 5 LIMIT 1 [ RunTime:0.002013s ]
[ sql ] [ SQL ] SELECT `TenantID`,`TenantName`,`InstitutionID`,`InstitutionPID`,`TenantTel`,`TenantBalance`,`ArrearRent`,`TenantValue`,`TenantWeChat`,`TenantQQ`,`BankID` FROM `ph_tenant` WHERE  `TenantID` = 1199053 LIMIT 1 [ RunTime:0.002003s ]
[ sql ] [ SQL ] SELECT `Institution` FROM `ph_institution` WHERE  `id` = 5 LIMIT 1 [ RunTime:0.002002s ]
[ sql ] [ SQL ] SELECT `TenantID`,`TenantName`,`InstitutionID`,`InstitutionPID`,`TenantTel`,`TenantBalance`,`ArrearRent`,`TenantValue`,`TenantWeChat`,`TenantQQ`,`BankID` FROM `ph_tenant` WHERE  `TenantID` = 1199052 LIMIT 1 [ RunTime:0.002066s ]
[ sql ] [ SQL ] SELECT `Institution` FROM `ph_institution` WHERE  `id` = 5 LIMIT 1 [ RunTime:0.002054s ]
[ sql ] [ SQL ] SELECT `TenantID`,`TenantName`,`InstitutionID`,`InstitutionPID`,`TenantTel`,`TenantBalance`,`ArrearRent`,`TenantValue`,`TenantWeChat`,`TenantQQ`,`BankID` FROM `ph_tenant` WHERE  `TenantID` = 1199051 LIMIT 1 [ RunTime:0.002061s ]
[ sql ] [ SQL ] SELECT `Institution` FROM `ph_institution` WHERE  `id` = 5 LIMIT 1 [ RunTime:0.001971s ]
[ sql ] [ SQL ] SELECT `TenantID`,`TenantName`,`InstitutionID`,`InstitutionPID`,`TenantTel`,`TenantBalance`,`ArrearRent`,`TenantValue`,`TenantWeChat`,`TenantQQ`,`BankID` FROM `ph_tenant` WHERE  `TenantID` = 1199050 LIMIT 1 [ RunTime:0.002004s ]
[ sql ] [ SQL ] SELECT `Institution` FROM `ph_institution` WHERE  `id` = 7 LIMIT 1 [ RunTime:0.002030s ]
[ sql ] [ SQL ] SELECT `TenantID`,`TenantName`,`InstitutionID`,`InstitutionPID`,`TenantTel`,`TenantBalance`,`ArrearRent`,`TenantValue`,`TenantWeChat`,`TenantQQ`,`BankID` FROM `ph_tenant` WHERE  `TenantID` = 1199049 LIMIT 1 [ RunTime:0.001999s ]
[ sql ] [ SQL ] SELECT `Institution` FROM `ph_institution` WHERE  `id` = 7 LIMIT 1 [ RunTime:0.002022s ]
[ sql ] [ SQL ] SELECT `TenantID`,`TenantName`,`InstitutionID`,`InstitutionPID`,`TenantTel`,`TenantBalance`,`ArrearRent`,`TenantValue`,`TenantWeChat`,`TenantQQ`,`BankID` FROM `ph_tenant` WHERE  `TenantID` = 1199048 LIMIT 1 [ RunTime:0.002031s ]
[ sql ] [ SQL ] SELECT `Institution` FROM `ph_institution` WHERE  `id` = 7 LIMIT 1 [ RunTime:0.001975s ]

---------------------------------------------------------------
[ 2018-06-18T21:25:35+08:00 ] [ sql ] [ DB ] CONNECT:[ UseTime:0.098480s ] mysql:dbname=PH;host=sh-cdb-r8lcilx2.sql.tencentcdb.com;port=63889;charset=utf8
[ sql ] [ SQL ] SHOW COLUMNS FROM `ph_admin_user` [ RunTime:0.002360s ]
[ sql ] [ SQL ] SELECT * FROM `ph_admin_user` WHERE  `UserName` = 'admin'  AND `Status` = 1 LIMIT 1 [ RunTime:0.002208s ]
[ sql ] [ SQL ] UPDATE `ph_admin_user`  SET `LastLoginIp`=1972846678,`LastLoginTime`=1529328335  WHERE  `id` = 1 [ RunTime:0.002258s ]
[ sql ] [ SQL ] SELECT * FROM `ph_admin_user` WHERE  `id` = 1 LIMIT 1 [ RunTime:0.002124s ]
[ sql ] [ SQL ] SELECT `UserName` FROM `ph_admin_user` WHERE  `id` = 1 LIMIT 1 [ RunTime:0.001981s ]
[ sql ] [ SQL ] SHOW COLUMNS FROM `ph_institution` [ RunTime:0.002230s ]
[ sql ] [ SQL ] SELECT `Institution` FROM `ph_institution` WHERE  `id` = 1 LIMIT 1 [ RunTime:0.002014s ]
[ sql ] [ SQL ] SELECT `Level` FROM `ph_institution` WHERE  `id` = 1 LIMIT 1 [ RunTime:0.001999s ]
[ sql ] [ SQL ] SHOW COLUMNS FROM `ph_admin_role` [ RunTime:0.002215s ]
[ sql ] [ SQL ] SELECT `id`,`MenuAuth` FROM `ph_admin_role` WHERE  `id` IN (108)  AND `Status` <> 0 [ RunTime:0.002101s ]
[ sql ] [ SQL ] SHOW COLUMNS FROM `ph_admin_menu` [ RunTime:0.002270s ]
[ sql ] [ SQL ] SELECT `id`,`UrlValue` FROM `ph_admin_menu` WHERE  `id` IN (2,1,3,4,5,6,7,8,9,41,42,43,44,45,46,48,49,51,52,53,54,55,56,57,58,59,60,61,62,63,64,66,67,68,69,81,82,83,84,85,86,87,88,89,90,200,201,202,203,204,205,206,207,208,209,210,211,212,213,214,215,216,218,219,241,242,243,244,245,246,247,248,249,250,251,252,253,254,255,256,257,258,259,260,261,262,263,265,266,267,268,269,270,271,272,273,274,275,321,322,323,324,325,326,327,328,329,330,340,341,342,343,344,345,346,347,348,349,350,361,362,363,364,365,366,367,368,369,401,402,403,404,405,406,407,408,409,410,412,413,414,415,416,417,418,451,452,453,454,455,456,457,458,459,460,461,462,463,464,465,466,467,521,522,523,524,525,526,527,501,502,503,504,506,507,509,510,511,512,513,514,515,516,517,518,519,520)  AND `UrlValue` <> '' [ RunTime:0.002627s ]
[ sql ] [ SQL ] SELECT `id`,`Title`,`Icons`,`UrlValue`,`pid` FROM `ph_admin_menu` WHERE  `id` IN (2,1,3,4,5,6,7,8,9,41,42,43,44,45,46,48,49,51,52,53,54,55,56,57,58,59,60,61,62,63,64,66,67,68,69,81,82,83,84,85,86,87,88,89,90,200,201,202,203,204,205,206,207,208,209,210,211,212,213,214,215,216,218,219,241,242,243,244,245,246,247,248,249,250,251,252,253,254,255,256,257,258,259,260,261,262,263,265,266,267,268,269,270,271,272,273,274,275,321,322,323,324,325,326,327,328,329,330,340,341,342,343,344,345,346,347,348,349,350,361,362,363,364,365,366,367,368,369,401,402,403,404,405,406,407,408,409,410,412,413,414,415,416,417,418,451,452,453,454,455,456,457,458,459,460,461,462,463,464,465,466,467,521,522,523,524,525,526,527,501,502,503,504,506,507,509,510,511,512,513,514,515,516,517,518,519,520)  AND `UrlValue` <> ''  AND `Level` <> 3 [ RunTime:0.002560s ]
[ sql ] [ SQL ] SELECT `id` FROM `ph_admin_menu` WHERE  `id` IN (2,1,3,4,5,6,7,8,9,41,42,43,44,45,46,48,49,51,52,53,54,55,56,57,58,59,60,61,62,63,64,66,67,68,69,81,82,83,84,85,86,87,88,89,90,200,201,202,203,204,205,206,207,208,209,210,211,212,213,214,215,216,218,219,241,242,243,244,245,246,247,248,249,250,251,252,253,254,255,256,257,258,259,260,261,262,263,265,266,267,268,269,270,271,272,273,274,275,321,322,323,324,325,326,327,328,329,330,340,341,342,343,344,345,346,347,348,349,350,361,362,363,364,365,366,367,368,369,401,402,403,404,405,406,407,408,409,410,412,413,414,415,416,417,418,451,452,453,454,455,456,457,458,459,460,461,462,463,464,465,466,467,521,522,523,524,525,526,527,501,502,503,504,506,507,509,510,511,512,513,514,515,516,517,518,519,520)  AND `UrlValue` <> ''  AND `Level` = 3 [ RunTime:0.002529s ]
[ sql ] [ SQL ] SELECT * FROM `ph_admin_user` WHERE  `id` = 1 LIMIT 1 [ RunTime:0.002102s ]
[ sql ] [ SQL ] SELECT `RealName` FROM `ph_admin_user` WHERE  `Number` = 10000 LIMIT 1 [ RunTime:0.002050s ]
[ sql ] [ SQL ] SHOW COLUMNS FROM `ph_admin_log` [ RunTime:0.002235s ]
[ sql ] [ SQL ] INSERT INTO `ph_admin_log` (`Action` , `UserID` , `InstitutionID` , `ActionIP` , `ActionType` , `Remark` , `CreateTime` , `Description`) VALUES ('' , 10000 , 1 , '1972846678' , 6 , '2018-06-18 21:25:35 ' , 1529328335 , '') [ RunTime:0.002175s ]

---------------------------------------------------------------
[ 2018-06-18T21:25:35+08:00 ] [ sql ] [ DB ] CONNECT:[ UseTime:0.007186s ] mysql:dbname=PH;host=sh-cdb-r8lcilx2.sql.tencentcdb.com;port=63889;charset=utf8
[ sql ] [ SQL ] SHOW COLUMNS FROM `ph_ban_owner_type` [ RunTime:0.002143s ]
[ sql ] [ SQL ] SELECT `id`,`OwnerType` FROM `ph_ban_owner_type` [ RunTime:0.001934s ]
[ sql ] [ SQL ] SELECT `id`,`OwnerType` FROM `ph_ban_owner_type` [ RunTime:0.001900s ]
[ sql ] [ SQL ] SHOW COLUMNS FROM `ph_institution` [ RunTime:0.002095s ]
[ sql ] [ SQL ] SELECT `id`,`Institution` FROM `ph_institution` [ RunTime:0.001963s ]
[ sql ] [ SQL ] SHOW COLUMNS FROM `ph_ban_structure_type` [ RunTime:0.002123s ]
[ sql ] [ SQL ] SELECT `id`,`StructureType` FROM `ph_ban_structure_type` [ RunTime:0.001937s ]
[ sql ] [ SQL ] SHOW COLUMNS FROM `ph_ban_damage_grade` [ RunTime:0.002081s ]
[ sql ] [ SQL ] SELECT `id`,`DamageGrade` FROM `ph_ban_damage_grade` [ RunTime:0.001959s ]
[ sql ] [ SQL ] SHOW COLUMNS FROM `ph_use_nature` [ RunTime:0.002088s ]
[ sql ] [ SQL ] SELECT `id`,`UseNature` FROM `ph_use_nature` [ RunTime:0.001950s ]
[ sql ] [ SQL ] SHOW COLUMNS FROM `ph_admin_menu` [ RunTime:0.002121s ]
[ sql ] [ SQL ] SELECT `pid` FROM `ph_admin_menu` WHERE  `UrlValue` = 'ph/Index/index' LIMIT 1 [ RunTime:0.001941s ]
[ sql ] [ SQL ] SELECT `id`,`Institution`,`pid` FROM `ph_institution` [ RunTime:0.001969s ]
[ sql ] [ SQL ] SELECT `id`,`Institution`,`pid`,`Level` FROM `ph_institution` [ RunTime:0.001935s ]
[ sql ] [ SQL ] SHOW COLUMNS FROM `ph_cut_rent_type` [ RunTime:0.002100s ]
[ sql ] [ SQL ] SELECT `id`,`CutName` FROM `ph_cut_rent_type` [ RunTime:0.001996s ]
[ sql ] [ SQL ] SHOW COLUMNS FROM `ph_notice` [ RunTime:0.002107s ]
[ sql ] [ SQL ] SELECT COUNT(*) AS tp_count FROM `ph_notice` LIMIT 1 [ RunTime:0.001981s ]
[ sql ] [ SQL ] SELECT * FROM `ph_notice` ORDER BY UpdateTime desc LIMIT 0,5 [ RunTime:0.009828s ]
[ sql ] [ SQL ] SHOW COLUMNS FROM `ph_file` [ RunTime:0.002347s ]
[ sql ] [ SQL ] SELECT COUNT(*) AS tp_count FROM `ph_file` LIMIT 1 [ RunTime:0.001906s ]
[ sql ] [ SQL ] SELECT * FROM `ph_file` ORDER BY Time desc LIMIT 0,5 [ RunTime:0.001953s ]
[ sql ] [ SQL ] SHOW COLUMNS FROM `ph_short_cut` [ RunTime:0.002137s ]
[ sql ] [ SQL ] SELECT * FROM `ph_short_cut` WHERE  `CreateUserID` = 10000 [ RunTime:0.001976s ]
[ sql ] [ SQL ] SHOW COLUMNS FROM `ph_change_order` [ RunTime:0.002253s ]
[ sql ] [ SQL ] SELECT `a`.`ChangeOrderID`,`a`.`CreateTime`,`b`.`ChangeType`,`a`.`Status` FROM `ph_change_order` `a` LEFT JOIN `ph_change_type` `b` ON `a`.`ChangeType`=`b`.`id` WHERE  `Status` NOT IN (0,1) ORDER BY a.CreateTime desc LIMIT 5 [ RunTime:0.003111s ]
[ sql ] [ SQL ] SELECT COUNT(*) AS tp_count FROM `ph_notice` LIMIT 1 [ RunTime:0.001937s ]
[ sql ] [ SQL ] SELECT * FROM `ph_notice` ORDER BY UpdateTime desc LIMIT 0,5 [ RunTime:0.006158s ]
[ sql ] [ SQL ] SELECT COUNT(*) AS tp_count FROM `ph_file` LIMIT 1 [ RunTime:0.001927s ]
[ sql ] [ SQL ] SELECT * FROM `ph_file` ORDER BY Time desc LIMIT 0,5 [ RunTime:0.001954s ]
[ sql ] [ SQL ] SELECT * FROM `ph_short_cut` WHERE  `CreateUserID` = 10000 [ RunTime:0.002045s ]
[ sql ] [ SQL ] SELECT `a`.`ChangeOrderID`,`a`.`CreateTime`,`b`.`ChangeType`,`a`.`Status` FROM `ph_change_order` `a` LEFT JOIN `ph_change_type` `b` ON `a`.`ChangeType`=`b`.`id` WHERE  `Status` NOT IN (0,1) ORDER BY a.CreateTime desc LIMIT 5 [ RunTime:0.003115s ]

---------------------------------------------------------------
[ 2018-06-18T21:25:53+08:00 ] [ sql ] [ DB ] CONNECT:[ UseTime:0.007402s ] mysql:dbname=PH;host=sh-cdb-r8lcilx2.sql.tencentcdb.com;port=63889;charset=utf8
[ sql ] [ SQL ] SHOW COLUMNS FROM `ph_ban_owner_type` [ RunTime:0.002503s ]
[ sql ] [ SQL ] SELECT `id`,`OwnerType` FROM `ph_ban_owner_type` [ RunTime:0.002001s ]
[ sql ] [ SQL ] SELECT `id`,`OwnerType` FROM `ph_ban_owner_type` [ RunTime:0.001967s ]
[ sql ] [ SQL ] SHOW COLUMNS FROM `ph_institution` [ RunTime:0.002161s ]
[ sql ] [ SQL ] SELECT `id`,`Institution` FROM `ph_institution` [ RunTime:0.001990s ]
[ sql ] [ SQL ] SHOW COLUMNS FROM `ph_ban_structure_type` [ RunTime:0.002157s ]
[ sql ] [ SQL ] SELECT `id`,`StructureType` FROM `ph_ban_structure_type` [ RunTime:0.001990s ]
[ sql ] [ SQL ] SHOW COLUMNS FROM `ph_ban_damage_grade` [ RunTime:0.002114s ]
[ sql ] [ SQL ] SELECT `id`,`DamageGrade` FROM `ph_ban_damage_grade` [ RunTime:0.001964s ]
[ sql ] [ SQL ] SHOW COLUMNS FROM `ph_use_nature` [ RunTime:0.002109s ]
[ sql ] [ SQL ] SELECT `id`,`UseNature` FROM `ph_use_nature` [ RunTime:0.001989s ]
[ sql ] [ SQL ] SHOW COLUMNS FROM `ph_admin_menu` [ RunTime:0.002229s ]
[ sql ] [ SQL ] SELECT `pid` FROM `ph_admin_menu` WHERE  `UrlValue` = 'ph/PostManage/index' LIMIT 1 [ RunTime:0.002025s ]
[ sql ] [ SQL ] SELECT `id`,`Institution`,`pid` FROM `ph_institution` [ RunTime:0.002054s ]
[ sql ] [ SQL ] SELECT `id`,`Institution`,`pid`,`Level` FROM `ph_institution` [ RunTime:0.001995s ]
[ sql ] [ SQL ] SHOW COLUMNS FROM `ph_cut_rent_type` [ RunTime:0.002151s ]
[ sql ] [ SQL ] SELECT `id`,`CutName` FROM `ph_cut_rent_type` [ RunTime:0.002003s ]
[ sql ] [ SQL ] SHOW COLUMNS FROM `ph_post` [ RunTime:0.002148s ]
[ sql ] [ SQL ] SELECT COUNT(*) AS tp_count FROM `ph_post` LIMIT 1 [ RunTime:0.001956s ]
[ sql ] [ SQL ] SELECT `PostID`,`PostName`,`Status` FROM `ph_post` ORDER BY id desc LIMIT 0,15 [ RunTime:0.001993s ]

---------------------------------------------------------------
[ 2018-06-18T21:25:56+08:00 ] [ sql ] [ DB ] CONNECT:[ UseTime:0.082092s ] mysql:dbname=PH;host=sh-cdb-r8lcilx2.sql.tencentcdb.com;port=63889;charset=utf8
[ sql ] [ SQL ] SHOW COLUMNS FROM `ph_ban_owner_type` [ RunTime:0.002229s ]
[ sql ] [ SQL ] SELECT `id`,`OwnerType` FROM `ph_ban_owner_type` [ RunTime:0.002009s ]
[ sql ] [ SQL ] SELECT `id`,`OwnerType` FROM `ph_ban_owner_type` [ RunTime:0.001959s ]
[ sql ] [ SQL ] SHOW COLUMNS FROM `ph_institution` [ RunTime:0.002151s ]
[ sql ] [ SQL ] SELECT `id`,`Institution` FROM `ph_institution` [ RunTime:0.002045s ]
[ sql ] [ SQL ] SHOW COLUMNS FROM `ph_ban_structure_type` [ RunTime:0.002131s ]
[ sql ] [ SQL ] SELECT `id`,`StructureType` FROM `ph_ban_structure_type` [ RunTime:0.001976s ]
[ sql ] [ SQL ] SHOW COLUMNS FROM `ph_ban_damage_grade` [ RunTime:0.002134s ]
[ sql ] [ SQL ] SELECT `id`,`DamageGrade` FROM `ph_ban_damage_grade` [ RunTime:0.001986s ]
[ sql ] [ SQL ] SHOW COLUMNS FROM `ph_use_nature` [ RunTime:0.002120s ]
[ sql ] [ SQL ] SELECT `id`,`UseNature` FROM `ph_use_nature` [ RunTime:0.001968s ]
[ sql ] [ SQL ] SHOW COLUMNS FROM `ph_admin_menu` [ RunTime:0.002173s ]
[ sql ] [ SQL ] SELECT `pid` FROM `ph_admin_menu` WHERE  `UrlValue` = 'ph/OrgManage/index' LIMIT 1 [ RunTime:0.001995s ]
[ sql ] [ SQL ] SELECT `id`,`Institution`,`pid` FROM `ph_institution` [ RunTime:0.001978s ]
[ sql ] [ SQL ] SELECT `id`,`Institution`,`pid`,`Level` FROM `ph_institution` [ RunTime:0.002001s ]
[ sql ] [ SQL ] SHOW COLUMNS FROM `ph_cut_rent_type` [ RunTime:0.002187s ]
[ sql ] [ SQL ] SELECT `id`,`CutName` FROM `ph_cut_rent_type` [ RunTime:0.001989s ]
[ sql ] [ SQL ] SELECT COUNT(*) AS tp_count FROM `ph_institution` LIMIT 1 [ RunTime:0.002020s ]
[ sql ] [ SQL ] SELECT `id`,`Institution`,`Status` FROM `ph_institution` ORDER BY id desc LIMIT 0,15 [ RunTime:0.002012s ]
[ sql ] [ SQL ] SELECT `id`,`Institution`,`Level`,`Pid` FROM `ph_institution` WHERE  `Level` <> 3 [ RunTime:0.001997s ]

---------------------------------------------------------------
[ 2018-06-18T21:25:57+08:00 ] [ sql ] [ DB ] CONNECT:[ UseTime:0.007433s ] mysql:dbname=PH;host=sh-cdb-r8lcilx2.sql.tencentcdb.com;port=63889;charset=utf8
[ sql ] [ SQL ] SHOW COLUMNS FROM `ph_ban_owner_type` [ RunTime:0.002244s ]
[ sql ] [ SQL ] SELECT `id`,`OwnerType` FROM `ph_ban_owner_type` [ RunTime:0.002064s ]
[ sql ] [ SQL ] SELECT `id`,`OwnerType` FROM `ph_ban_owner_type` [ RunTime:0.002041s ]
[ sql ] [ SQL ] SHOW COLUMNS FROM `ph_institution` [ RunTime:0.002158s ]
[ sql ] [ SQL ] SELECT `id`,`Institution` FROM `ph_institution` [ RunTime:0.002036s ]
[ sql ] [ SQL ] SHOW COLUMNS FROM `ph_ban_structure_type` [ RunTime:0.002137s ]
[ sql ] [ SQL ] SELECT `id`,`StructureType` FROM `ph_ban_structure_type` [ RunTime:0.001985s ]
[ sql ] [ SQL ] SHOW COLUMNS FROM `ph_ban_damage_grade` [ RunTime:0.002125s ]
[ sql ] [ SQL ] SELECT `id`,`DamageGrade` FROM `ph_ban_damage_grade` [ RunTime:0.001987s ]
[ sql ] [ SQL ] SHOW COLUMNS FROM `ph_use_nature` [ RunTime:0.002125s ]
[ sql ] [ SQL ] SELECT `id`,`UseNature` FROM `ph_use_nature` [ RunTime:0.002020s ]
[ sql ] [ SQL ] SHOW COLUMNS FROM `ph_admin_menu` [ RunTime:0.002223s ]
[ sql ] [ SQL ] SELECT `pid` FROM `ph_admin_menu` WHERE  `UrlValue` = 'ph/UserManage/index' LIMIT 1 [ RunTime:0.001993s ]
[ sql ] [ SQL ] SELECT `id`,`Institution`,`pid` FROM `ph_institution` [ RunTime:0.001998s ]
[ sql ] [ SQL ] SELECT `id`,`Institution`,`pid`,`Level` FROM `ph_institution` [ RunTime:0.002028s ]
[ sql ] [ SQL ] SHOW COLUMNS FROM `ph_cut_rent_type` [ RunTime:0.002133s ]
[ sql ] [ SQL ] SELECT `id`,`CutName` FROM `ph_cut_rent_type` [ RunTime:0.001961s ]
[ sql ] [ SQL ] SHOW COLUMNS FROM `ph_admin_user` [ RunTime:0.002254s ]
[ sql ] [ SQL ] SELECT COUNT(*) AS tp_count FROM `ph_admin_user` `a` LEFT JOIN `ph_post` `b` ON `a`.`PostID`=`b`.`PostID` LIMIT 1 [ RunTime:0.002138s ]
[ sql ] [ SQL ] SELECT `a`.`id` FROM `ph_admin_user` `a` LEFT JOIN `ph_post` `b` ON `a`.`PostID`=`b`.`PostID` ORDER BY id desc LIMIT 0,15 [ RunTime:0.002217s ]
[ sql ] [ SQL ] SELECT `id`,`Number`,`UserName`,`Role`,`CateID`,`RealName`,`InstitutionID`,`PostID`,`Sex`,`Tel`,`Status` FROM `ph_admin_user` WHERE  `id` = 152 LIMIT 1 [ RunTime:0.002040s ]
[ sql ] [ SQL ] SHOW COLUMNS FROM `ph_post` [ RunTime:0.002140s ]
[ sql ] [ SQL ] SELECT `PostName` FROM `ph_post` WHERE  `PostID` = 1117 LIMIT 1 [ RunTime:0.001976s ]
[ sql ] [ SQL ] SELECT `Institution` FROM `ph_institution` WHERE  `id` = 33 LIMIT 1 [ RunTime:0.001970s ]
[ sql ] [ SQL ] SHOW COLUMNS FROM `ph_admin_role` [ RunTime:0.002201s ]
[ sql ] [ SQL ] SELECT group_concat(RoleName) FROM `ph_admin_role` WHERE  `id` IN (112) LIMIT 1 [ RunTime:0.001986s ]
[ sql ] [ SQL ] SELECT `id`,`Number`,`UserName`,`Role`,`CateID`,`RealName`,`InstitutionID`,`PostID`,`Sex`,`Tel`,`Status` FROM `ph_admin_user` WHERE  `id` = 151 LIMIT 1 [ RunTime:0.002021s ]
[ sql ] [ SQL ] SELECT `PostName` FROM `ph_post` WHERE  `PostID` = 1136 LIMIT 1 [ RunTime:0.002009s ]
[ sql ] [ SQL ] SELECT `Institution` FROM `ph_institution` WHERE  `id` = 1 LIMIT 1 [ RunTime:0.002001s ]
[ sql ] [ SQL ] SELECT group_concat(RoleName) FROM `ph_admin_role` WHERE  `id` IN (565) LIMIT 1 [ RunTime:0.001994s ]
[ sql ] [ SQL ] SELECT `id`,`Number`,`UserName`,`Role`,`CateID`,`RealName`,`InstitutionID`,`PostID`,`Sex`,`Tel`,`Status` FROM `ph_admin_user` WHERE  `id` = 150 LIMIT 1 [ RunTime:0.002015s ]
[ sql ] [ SQL ] SELECT `PostName` FROM `ph_post` WHERE  `PostID` = 1136 LIMIT 1 [ RunTime:0.001987s ]
[ sql ] [ SQL ] SELECT `Institution` FROM `ph_institution` WHERE  `id` = 1 LIMIT 1 [ RunTime:0.001989s ]
[ sql ] [ SQL ] SELECT group_concat(RoleName) FROM `ph_admin_role` WHERE  `id` IN (565) LIMIT 1 [ RunTime:0.001994s ]
[ sql ] [ SQL ] SELECT `id`,`Number`,`UserName`,`Role`,`CateID`,`RealName`,`InstitutionID`,`PostID`,`Sex`,`Tel`,`Status` FROM `ph_admin_user` WHERE  `id` = 149 LIMIT 1 [ RunTime:0.002029s ]
[ sql ] [ SQL ] SELECT `PostName` FROM `ph_post` WHERE  `PostID` = 1135 LIMIT 1 [ RunTime:0.002022s ]
[ sql ] [ SQL ] SELECT `Institution` FROM `ph_institution` WHERE  `id` = 1 LIMIT 1 [ RunTime:0.001972s ]
[ sql ] [ SQL ] SELECT group_concat(RoleName) FROM `ph_admin_role` WHERE  `id` IN (564) LIMIT 1 [ RunTime:0.001995s ]
[ sql ] [ SQL ] SELECT `id`,`Number`,`UserName`,`Role`,`CateID`,`RealName`,`InstitutionID`,`PostID`,`Sex`,`Tel`,`Status` FROM `ph_admin_user` WHERE  `id` = 148 LIMIT 1 [ RunTime:0.002009s ]
[ sql ] [ SQL ] SELECT `PostName` FROM `ph_post` WHERE  `PostID` = 1134 LIMIT 1 [ RunTime:0.002012s ]
[ sql ] [ SQL ] SELECT `Institution` FROM `ph_institution` WHERE  `id` = 1 LIMIT 1 [ RunTime:0.001982s ]
[ sql ] [ SQL ] SELECT group_concat(RoleName) FROM `ph_admin_role` WHERE  `id` IN (563) LIMIT 1 [ RunTime:0.002005s ]
[ sql ] [ SQL ] SELECT `id`,`Number`,`UserName`,`Role`,`CateID`,`RealName`,`InstitutionID`,`PostID`,`Sex`,`Tel`,`Status` FROM `ph_admin_user` WHERE  `id` = 147 LIMIT 1 [ RunTime:0.002006s ]
[ sql ] [ SQL ] SELECT `PostName` FROM `ph_post` WHERE  `PostID` = 1133 LIMIT 1 [ RunTime:0.001979s ]
[ sql ] [ SQL ] SELECT `Institution` FROM `ph_institution` WHERE  `id` = 1 LIMIT 1 [ RunTime:0.001978s ]
[ sql ] [ SQL ] SELECT group_concat(RoleName) FROM `ph_admin_role` WHERE  `id` IN (562) LIMIT 1 [ RunTime:0.001995s ]
[ sql ] [ SQL ] SELECT `id`,`Number`,`UserName`,`Role`,`CateID`,`RealName`,`InstitutionID`,`PostID`,`Sex`,`Tel`,`Status` FROM `ph_admin_user` WHERE  `id` = 146 LIMIT 1 [ RunTime:0.002011s ]
[ sql ] [ SQL ] SELECT `PostName` FROM `ph_post` WHERE  `PostID` = 1132 LIMIT 1 [ RunTime:0.001985s ]
[ sql ] [ SQL ] SELECT `Institution` FROM `ph_institution` WHERE  `id` = 3 LIMIT 1 [ RunTime:0.002000s ]
[ sql ] [ SQL ] SELECT group_concat(RoleName) FROM `ph_admin_role` WHERE  `id` IN (561) LIMIT 1 [ RunTime:0.001984s ]
[ sql ] [ SQL ] SELECT `id`,`Number`,`UserName`,`Role`,`CateID`,`RealName`,`InstitutionID`,`PostID`,`Sex`,`Tel`,`Status` FROM `ph_admin_user` WHERE  `id` = 145 LIMIT 1 [ RunTime:0.002005s ]
[ sql ] [ SQL ] SELECT `PostName` FROM `ph_post` WHERE  `PostID` = 1130 LIMIT 1 [ RunTime:0.001959s ]
[ sql ] [ SQL ] SELECT `Institution` FROM `ph_institution` WHERE  `id` = 3 LIMIT 1 [ RunTime:0.001947s ]
[ sql ] [ SQL ] SELECT group_concat(RoleName) FROM `ph_admin_role` WHERE  `id` IN (559) LIMIT 1 [ RunTime:0.001977s ]
[ sql ] [ SQL ] SELECT `id`,`Number`,`UserName`,`Role`,`CateID`,`RealName`,`InstitutionID`,`PostID`,`Sex`,`Tel`,`Status` FROM `ph_admin_user` WHERE  `id` = 144 LIMIT 1 [ RunTime:0.002017s ]
[ sql ] [ SQL ] SELECT `PostName` FROM `ph_post` WHERE  `PostID` = 1117 LIMIT 1 [ RunTime:0.002012s ]
[ sql ] [ SQL ] SELECT `Institution` FROM `ph_institution` WHERE  `id` = 26 LIMIT 1 [ RunTime:0.002026s ]
[ sql ] [ SQL ] SELECT group_concat(RoleName) FROM `ph_admin_role` WHERE  `id` IN (112) LIMIT 1 [ RunTime:0.002026s ]
[ sql ] [ SQL ] SELECT `id`,`Number`,`UserName`,`Role`,`CateID`,`RealName`,`InstitutionID`,`PostID`,`Sex`,`Tel`,`Status` FROM `ph_admin_user` WHERE  `id` = 143 LIMIT 1 [ RunTime:0.002022s ]
[ sql ] [ SQL ] SELECT `PostName` FROM `ph_post` WHERE  `PostID` = 1117 LIMIT 1 [ RunTime:0.001986s ]
[ sql ] [ SQL ] SELECT `Institution` FROM `ph_institution` WHERE  `id` = 24 LIMIT 1 [ RunTime:0.001980s ]
[ sql ] [ SQL ] SELECT group_concat(RoleName) FROM `ph_admin_role` WHERE  `id` IN (112) LIMIT 1 [ RunTime:0.002019s ]
[ sql ] [ SQL ] SELECT `id`,`Number`,`UserName`,`Role`,`CateID`,`RealName`,`InstitutionID`,`PostID`,`Sex`,`Tel`,`Status` FROM `ph_admin_user` WHERE  `id` = 142 LIMIT 1 [ RunTime:0.002013s ]
[ sql ] [ SQL ] SELECT `PostName` FROM `ph_post` WHERE  `PostID` = 1117 LIMIT 1 [ RunTime:0.001987s ]
[ sql ] [ SQL ] SELECT `Institution` FROM `ph_institution` WHERE  `id` = 27 LIMIT 1 [ RunTime:0.001972s ]
[ sql ] [ SQL ] SELECT group_concat(RoleName) FROM `ph_admin_role` WHERE  `id` IN (112) LIMIT 1 [ RunTime:0.001986s ]
[ sql ] [ SQL ] SELECT `id`,`Number`,`UserName`,`Role`,`CateID`,`RealName`,`InstitutionID`,`PostID`,`Sex`,`Tel`,`Status` FROM `ph_admin_user` WHERE  `id` = 141 LIMIT 1 [ RunTime:0.002044s ]
[ sql ] [ SQL ] SELECT `PostName` FROM `ph_post` WHERE  `PostID` = 1117 LIMIT 1 [ RunTime:0.001988s ]
[ sql ] [ SQL ] SELECT `Institution` FROM `ph_institution` WHERE  `id` = 21 LIMIT 1 [ RunTime:0.001974s ]
[ sql ] [ SQL ] SELECT group_concat(RoleName) FROM `ph_admin_role` WHERE  `id` IN (112) LIMIT 1 [ RunTime:0.002023s ]
[ sql ] [ SQL ] SELECT `id`,`Number`,`UserName`,`Role`,`CateID`,`RealName`,`InstitutionID`,`PostID`,`Sex`,`Tel`,`Status` FROM `ph_admin_user` WHERE  `id` = 140 LIMIT 1 [ RunTime:0.001986s ]
[ sql ] [ SQL ] SELECT `PostName` FROM `ph_post` WHERE  `PostID` = 1117 LIMIT 1 [ RunTime:0.001977s ]
[ sql ] [ SQL ] SELECT `Institution` FROM `ph_institution` WHERE  `id` = 22 LIMIT 1 [ RunTime:0.001989s ]
[ sql ] [ SQL ] SELECT group_concat(RoleName) FROM `ph_admin_role` WHERE  `id` IN (112) LIMIT 1 [ RunTime:0.001997s ]
[ sql ] [ SQL ] SELECT `id`,`Number`,`UserName`,`Role`,`CateID`,`RealName`,`InstitutionID`,`PostID`,`Sex`,`Tel`,`Status` FROM `ph_admin_user` WHERE  `id` = 139 LIMIT 1 [ RunTime:0.001988s ]
[ sql ] [ SQL ] SELECT `PostName` FROM `ph_post` WHERE  `PostID` = 1117 LIMIT 1 [ RunTime:0.002010s ]
[ sql ] [ SQL ] SELECT `Institution` FROM `ph_institution` WHERE  `id` = 23 LIMIT 1 [ RunTime:0.001958s ]
[ sql ] [ SQL ] SELECT group_concat(RoleName) FROM `ph_admin_role` WHERE  `id` IN (112) LIMIT 1 [ RunTime:0.002002s ]
[ sql ] [ SQL ] SELECT `id`,`Number`,`UserName`,`Role`,`CateID`,`RealName`,`InstitutionID`,`PostID`,`Sex`,`Tel`,`Status` FROM `ph_admin_user` WHERE  `id` = 138 LIMIT 1 [ RunTime:0.002029s ]
[ sql ] [ SQL ] SELECT `PostName` FROM `ph_post` WHERE  `PostID` = 1117 LIMIT 1 [ RunTime:0.001972s ]
[ sql ] [ SQL ] SELECT `Institution` FROM `ph_institution` WHERE  `id` = 20 LIMIT 1 [ RunTime:0.001945s ]
[ sql ] [ SQL ] SELECT group_concat(RoleName) FROM `ph_admin_role` WHERE  `id` IN (112) LIMIT 1 [ RunTime:0.002007s ]
[ sql ] [ SQL ] SELECT `id`,`Institution`,`pid` FROM `ph_institution` [ RunTime:0.001993s ]
[ sql ] [ SQL ] SELECT `id`,`PostID`,`PostName` FROM `ph_post` [ RunTime:0.002013s ]
[ sql ] [ SQL ] SELECT `id`,`RoleName` FROM `ph_admin_role` [ RunTime:0.002039s ]

---------------------------------------------------------------
[ 2018-06-18T21:25:58+08:00 ] [ sql ] [ DB ] CONNECT:[ UseTime:0.007396s ] mysql:dbname=PH;host=sh-cdb-r8lcilx2.sql.tencentcdb.com;port=63889;charset=utf8
[ sql ] [ SQL ] SHOW COLUMNS FROM `ph_ban_owner_type` [ RunTime:0.002263s ]
[ sql ] [ SQL ] SELECT `id`,`OwnerType` FROM `ph_ban_owner_type` [ RunTime:0.002002s ]
[ sql ] [ SQL ] SELECT `id`,`OwnerType` FROM `ph_ban_owner_type` [ RunTime:0.001998s ]
[ sql ] [ SQL ] SHOW COLUMNS FROM `ph_institution` [ RunTime:0.002201s ]
[ sql ] [ SQL ] SELECT `id`,`Institution` FROM `ph_institution` [ RunTime:0.002018s ]
[ sql ] [ SQL ] SHOW COLUMNS FROM `ph_ban_structure_type` [ RunTime:0.002147s ]
[ sql ] [ SQL ] SELECT `id`,`StructureType` FROM `ph_ban_structure_type` [ RunTime:0.002013s ]
[ sql ] [ SQL ] SHOW COLUMNS FROM `ph_ban_damage_grade` [ RunTime:0.002133s ]
[ sql ] [ SQL ] SELECT `id`,`DamageGrade` FROM `ph_ban_damage_grade` [ RunTime:0.002001s ]
[ sql ] [ SQL ] SHOW COLUMNS FROM `ph_use_nature` [ RunTime:0.002119s ]
[ sql ] [ SQL ] SELECT `id`,`UseNature` FROM `ph_use_nature` [ RunTime:0.002014s ]
[ sql ] [ SQL ] SHOW COLUMNS FROM `ph_admin_menu` [ RunTime:0.002182s ]
[ sql ] [ SQL ] SELECT `pid` FROM `ph_admin_menu` WHERE  `UrlValue` = 'ph/OrgManage/index' LIMIT 1 [ RunTime:0.002008s ]
[ sql ] [ SQL ] SELECT `id`,`Institution`,`pid` FROM `ph_institution` [ RunTime:0.002062s ]
[ sql ] [ SQL ] SELECT `id`,`Institution`,`pid`,`Level` FROM `ph_institution` [ RunTime:0.002068s ]
[ sql ] [ SQL ] SHOW COLUMNS FROM `ph_cut_rent_type` [ RunTime:0.002264s ]
[ sql ] [ SQL ] SELECT `id`,`CutName` FROM `ph_cut_rent_type` [ RunTime:0.002071s ]
[ sql ] [ SQL ] SELECT COUNT(*) AS tp_count FROM `ph_institution` LIMIT 1 [ RunTime:0.002076s ]
[ sql ] [ SQL ] SELECT `id`,`Institution`,`Status` FROM `ph_institution` ORDER BY id desc LIMIT 0,15 [ RunTime:0.002013s ]
[ sql ] [ SQL ] SELECT `id`,`Institution`,`Level`,`Pid` FROM `ph_institution` WHERE  `Level` <> 3 [ RunTime:0.002063s ]

---------------------------------------------------------------
[ 2018-06-18T21:26:00+08:00 ] [ sql ] [ DB ] CONNECT:[ UseTime:0.007411s ] mysql:dbname=PH;host=sh-cdb-r8lcilx2.sql.tencentcdb.com;port=63889;charset=utf8
[ sql ] [ SQL ] SHOW COLUMNS FROM `ph_ban_owner_type` [ RunTime:0.002226s ]
[ sql ] [ SQL ] SELECT `id`,`OwnerType` FROM `ph_ban_owner_type` [ RunTime:0.001996s ]
[ sql ] [ SQL ] SELECT `id`,`OwnerType` FROM `ph_ban_owner_type` [ RunTime:0.001984s ]
[ sql ] [ SQL ] SHOW COLUMNS FROM `ph_institution` [ RunTime:0.002155s ]
[ sql ] [ SQL ] SELECT `id`,`Institution` FROM `ph_institution` [ RunTime:0.002008s ]
[ sql ] [ SQL ] SHOW COLUMNS FROM `ph_ban_structure_type` [ RunTime:0.002142s ]
[ sql ] [ SQL ] SELECT `id`,`StructureType` FROM `ph_ban_structure_type` [ RunTime:0.001960s ]
[ sql ] [ SQL ] SHOW COLUMNS FROM `ph_ban_damage_grade` [ RunTime:0.002136s ]
[ sql ] [ SQL ] SELECT `id`,`DamageGrade` FROM `ph_ban_damage_grade` [ RunTime:0.001990s ]
[ sql ] [ SQL ] SHOW COLUMNS FROM `ph_use_nature` [ RunTime:0.002114s ]
[ sql ] [ SQL ] SELECT `id`,`UseNature` FROM `ph_use_nature` [ RunTime:0.002093s ]
[ sql ] [ SQL ] SHOW COLUMNS FROM `ph_admin_menu` [ RunTime:0.002193s ]
[ sql ] [ SQL ] SELECT `pid` FROM `ph_admin_menu` WHERE  `UrlValue` = 'ph/RoleManage/index' LIMIT 1 [ RunTime:0.001994s ]
[ sql ] [ SQL ] SELECT `id`,`Institution`,`pid` FROM `ph_institution` [ RunTime:0.002030s ]
[ sql ] [ SQL ] SELECT `id`,`Institution`,`pid`,`Level` FROM `ph_institution` [ RunTime:0.001999s ]
[ sql ] [ SQL ] SHOW COLUMNS FROM `ph_cut_rent_type` [ RunTime:0.002138s ]
[ sql ] [ SQL ] SELECT `id`,`CutName` FROM `ph_cut_rent_type` [ RunTime:0.001963s ]
[ sql ] [ SQL ] SHOW COLUMNS FROM `ph_admin_role` [ RunTime:0.002146s ]
[ sql ] [ SQL ] SELECT COUNT(*) AS tp_count FROM `ph_admin_role` LIMIT 1 [ RunTime:0.001975s ]
[ sql ] [ SQL ] SELECT `id`,`RoleName`,`Ifstation`,`Status` FROM `ph_admin_role` ORDER BY id desc LIMIT 0,15 [ RunTime:0.002014s ]
[ sql ] [ SQL ] SELECT `id`,`pid`,`Level`,`Title` FROM `ph_admin_menu` ORDER BY `id` [ RunTime:0.002174s ]

---------------------------------------------------------------
[ 2018-06-18T21:26:05+08:00 ] [ sql ] [ DB ] CONNECT:[ UseTime:0.081090s ] mysql:dbname=PH;host=sh-cdb-r8lcilx2.sql.tencentcdb.com;port=63889;charset=utf8
[ sql ] [ SQL ] SHOW COLUMNS FROM `ph_ban_owner_type` [ RunTime:0.002203s ]
[ sql ] [ SQL ] SELECT `id`,`OwnerType` FROM `ph_ban_owner_type` [ RunTime:0.001970s ]
[ sql ] [ SQL ] SELECT `id`,`OwnerType` FROM `ph_ban_owner_type` [ RunTime:0.001954s ]
[ sql ] [ SQL ] SHOW COLUMNS FROM `ph_institution` [ RunTime:0.002112s ]
[ sql ] [ SQL ] SELECT `id`,`Institution` FROM `ph_institution` [ RunTime:0.001936s ]
[ sql ] [ SQL ] SHOW COLUMNS FROM `ph_ban_structure_type` [ RunTime:0.002096s ]
[ sql ] [ SQL ] SELECT `id`,`StructureType` FROM `ph_ban_structure_type` [ RunTime:0.001923s ]
[ sql ] [ SQL ] SHOW COLUMNS FROM `ph_ban_damage_grade` [ RunTime:0.002056s ]
[ sql ] [ SQL ] SELECT `id`,`DamageGrade` FROM `ph_ban_damage_grade` [ RunTime:0.001936s ]
[ sql ] [ SQL ] SHOW COLUMNS FROM `ph_use_nature` [ RunTime:0.002080s ]
[ sql ] [ SQL ] SELECT `id`,`UseNature` FROM `ph_use_nature` [ RunTime:0.001919s ]
[ sql ] [ SQL ] SHOW COLUMNS FROM `ph_admin_menu` [ RunTime:0.002122s ]
[ sql ] [ SQL ] SELECT `pid` FROM `ph_admin_menu` WHERE  `UrlValue` = 'ph/RoleManage/roleToMenu' LIMIT 1 [ RunTime:0.001974s ]
[ sql ] [ SQL ] SELECT `id`,`Institution`,`pid` FROM `ph_institution` [ RunTime:0.001967s ]
[ sql ] [ SQL ] SELECT `id`,`Institution`,`pid`,`Level` FROM `ph_institution` [ RunTime:0.002025s ]
[ sql ] [ SQL ] SHOW COLUMNS FROM `ph_cut_rent_type` [ RunTime:0.002109s ]
[ sql ] [ SQL ] SELECT `id`,`CutName` FROM `ph_cut_rent_type` [ RunTime:0.001934s ]
[ sql ] [ SQL ] SHOW COLUMNS FROM `ph_admin_role` [ RunTime:0.002106s ]
[ sql ] [ SQL ] SELECT `MenuAuth` FROM `ph_admin_role` WHERE  `id` = 565 LIMIT 1 [ RunTime:0.001987s ]
[ sql ] [ SQL ] SELECT `id` FROM `ph_admin_menu` WHERE  `id` IN (1,2,3,4,5,6,7,8,9,41,42,54,56,58,61,43,55,59,69,44,57,60,62,66,67,451,452,459,521,522,523,524,525,526,527,453,460,454,461,466,455,462,467,456,463,457,464,458,465) [ RunTime:0.002169s ]

---------------------------------------------------------------
[ 2018-06-18T21:27:39+08:00 ] [ sql ] [ DB ] CONNECT:[ UseTime:0.007571s ] mysql:dbname=PH;host=sh-cdb-r8lcilx2.sql.tencentcdb.com;port=63889;charset=utf8
[ sql ] [ SQL ] SHOW COLUMNS FROM `ph_ban_owner_type` [ RunTime:0.002278s ]
[ sql ] [ SQL ] SELECT `id`,`OwnerType` FROM `ph_ban_owner_type` [ RunTime:0.002032s ]
[ sql ] [ SQL ] SELECT `id`,`OwnerType` FROM `ph_ban_owner_type` [ RunTime:0.002034s ]
[ sql ] [ SQL ] SHOW COLUMNS FROM `ph_institution` [ RunTime:0.002175s ]
[ sql ] [ SQL ] SELECT `id`,`Institution` FROM `ph_institution` [ RunTime:0.002073s ]
[ sql ] [ SQL ] SHOW COLUMNS FROM `ph_ban_structure_type` [ RunTime:0.002165s ]
[ sql ] [ SQL ] SELECT `id`,`StructureType` FROM `ph_ban_structure_type` [ RunTime:0.002009s ]
[ sql ] [ SQL ] SHOW COLUMNS FROM `ph_ban_damage_grade` [ RunTime:0.002150s ]
[ sql ] [ SQL ] SELECT `id`,`DamageGrade` FROM `ph_ban_damage_grade` [ RunTime:0.002034s ]
[ sql ] [ SQL ] SHOW COLUMNS FROM `ph_use_nature` [ RunTime:0.002219s ]
[ sql ] [ SQL ] SELECT `id`,`UseNature` FROM `ph_use_nature` [ RunTime:0.002082s ]
[ sql ] [ SQL ] SHOW COLUMNS FROM `ph_admin_menu` [ RunTime:0.002245s ]
[ sql ] [ SQL ] SELECT `pid` FROM `ph_admin_menu` WHERE  `UrlValue` = 'ph/RoleManage/roleToMenu' LIMIT 1 [ RunTime:0.002084s ]
[ sql ] [ SQL ] SELECT `id`,`Institution`,`pid` FROM `ph_institution` [ RunTime:0.002088s ]
[ sql ] [ SQL ] SELECT `id`,`Institution`,`pid`,`Level` FROM `ph_institution` [ RunTime:0.002095s ]
[ sql ] [ SQL ] SHOW COLUMNS FROM `ph_cut_rent_type` [ RunTime:0.002253s ]
[ sql ] [ SQL ] SELECT `id`,`CutName` FROM `ph_cut_rent_type` [ RunTime:0.002045s ]
[ sql ] [ SQL ] SHOW COLUMNS FROM `ph_admin_role` [ RunTime:0.002221s ]
[ sql ] [ SQL ] SELECT `MenuAuth` FROM `ph_admin_role` WHERE  `id` = 565 LIMIT 1 [ RunTime:0.002080s ]
[ sql ] [ SQL ] SELECT `id` FROM `ph_admin_menu` WHERE  `id` IN (1,2,3,4,5,6,7,8,9,41,42,54,56,58,61,43,55,59,69,44,57,60,62,66,67,451,452,459,521,522,523,524,525,526,527,453,460,454,461,466,455,462,467,456,463,457,464,458,465) [ RunTime:0.002243s ]

---------------------------------------------------------------
