[ 2018-06-28T09:46:24+08:00 ] [ error ] [8]未定义数组索引: InstitutionID

---------------------------------------------------------------
[ 2018-06-28T09:47:17+08:00 ] [ error ] [8]未定义数组索引: InstitutionID

---------------------------------------------------------------
[ 2018-06-28T09:47:18+08:00 ] [ error ] [8]未定义数组索引: InstitutionID

---------------------------------------------------------------
[ 2018-06-28T09:47:19+08:00 ] [ error ] [8]未定义数组索引: InstitutionID

---------------------------------------------------------------
[ 2018-06-28T09:47:19+08:00 ] [ error ] [8]未定义数组索引: InstitutionID

---------------------------------------------------------------
[ 2018-06-28T09:47:20+08:00 ] [ error ] [8]未定义数组索引: InstitutionID

---------------------------------------------------------------
[ 2018-06-28T09:47:20+08:00 ] [ error ] [8]未定义数组索引: InstitutionID

---------------------------------------------------------------
[ 2018-06-28T09:47:20+08:00 ] [ error ] [8]未定义数组索引: InstitutionID

---------------------------------------------------------------
[ 2018-06-28T11:56:51+08:00 ] [ error ] [10501]SQLSTATE[42000]: Syntax error or access violation: 1064 You have an error in your SQL syntax; check the manual that corresponds to your MySQL server version for the right syntax to use near 'WHERE  `RentOrderID` = '104001282148151201806'' at line 1

---------------------------------------------------------------
[ 2018-06-28T12:20:22+08:00 ] [ error ] [8]未定义数组索引: AnathorOwnerType

---------------------------------------------------------------
[ 2018-06-28T12:20:28+08:00 ] [ error ] [8]未定义数组索引: AnathorOwnerType

---------------------------------------------------------------
[ 2018-06-28T15:01:03+08:00 ] [ error ] [8]未定义数组索引: DamageGrade

---------------------------------------------------------------
