[ 2018-07-02T16:53:19+08:00 ] [ error ] [8]未定义数组索引: InstitutionID

---------------------------------------------------------------
[ 2018-07-02T16:53:23+08:00 ] [ error ] [8]未定义数组索引: InstitutionID

---------------------------------------------------------------
[ 2018-07-02T16:53:23+08:00 ] [ error ] [8]未定义数组索引: InstitutionID

---------------------------------------------------------------
[ 2018-07-02T16:53:31+08:00 ] [ error ] [8]未定义数组索引: InstitutionID

---------------------------------------------------------------
[ 2018-07-02T16:53:31+08:00 ] [ error ] [8]未定义数组索引: InstitutionID

---------------------------------------------------------------
[ 2018-07-02T16:53:31+08:00 ] [ error ] [8]未定义数组索引: InstitutionID

---------------------------------------------------------------
[ 2018-07-02T17:14:56+08:00 ] [ error ] [10501]SQLSTATE[23000]: Integrity constraint violation: 1048 Column 'InstitutionID' cannot be null

---------------------------------------------------------------
[ 2018-07-02T17:39:26+08:00 ] [ error ] [8]未定义数组索引: RentOrderID

---------------------------------------------------------------
[ 2018-07-02T19:26:12+08:00 ] [ error ] [8]未定义数组索引: RentOrderID

---------------------------------------------------------------
[ 2018-07-02T19:26:44+08:00 ] [ error ] [8]未定义数组索引: RentOrderID

---------------------------------------------------------------
[ 2018-07-02T19:27:02+08:00 ] [ error ] [8]未定义数组索引: RentOrderID

---------------------------------------------------------------
[ 2018-07-02T19:27:39+08:00 ] [ error ] [8]未定义数组索引: RentOrderID

---------------------------------------------------------------
[ 2018-07-02T19:27:47+08:00 ] [ error ] [8]未定义数组索引: RentOrderID

---------------------------------------------------------------
[ 2018-07-02T19:28:09+08:00 ] [ error ] [8]未定义数组索引: RentOrderID

---------------------------------------------------------------
[ 2018-07-02T19:28:18+08:00 ] [ error ] [8]未定义数组索引: RentOrderID

---------------------------------------------------------------
[ 2018-07-02T14:34:28+00:00 ] 10.105.193.9 27.17.86.32 GET /
[ log ] ph.ctnmit.com/ [运行时间：0.010430s][吞吐率：95.88req/s] [内存消耗：1,245.93kb] [文件加载：32]
[ error ] [0]Parse error: syntax error, unexpected '===' (T_IS_IDENTICAL), expecting end of file[/usr/share/nginx/publichouse/application/config.php:319]
[ info ] [ LOG ] INIT File

---------------------------------------------------------------
[ 2018-07-02T14:34:30+00:00 ] 10.105.193.9 27.17.86.32 GET /favicon.ico
[ log ] ph.ctnmit.com/favicon.ico [运行时间：0.010506s][吞吐率：95.18req/s] [内存消耗：1,246.26kb] [文件加载：32]
[ error ] [0]Parse error: syntax error, unexpected '===' (T_IS_IDENTICAL), expecting end of file[/usr/share/nginx/publichouse/application/config.php:319]
[ info ] [ LOG ] INIT File

---------------------------------------------------------------
