[ 2018-07-04T10:40:53+08:00 ] [ error ] [8]未定义数组索引: InstitutionID

---------------------------------------------------------------
[ 2018-07-04T10:40:59+08:00 ] [ error ] [8]未定义数组索引: InstitutionID

---------------------------------------------------------------
[ 2018-07-04T10:41:01+08:00 ] [ error ] [8]未定义数组索引: InstitutionID

---------------------------------------------------------------
[ 2018-07-04T10:41:01+08:00 ] [ error ] [8]未定义数组索引: InstitutionID

---------------------------------------------------------------
[ 2018-07-04T10:41:01+08:00 ] [ error ] [8]未定义数组索引: InstitutionID

---------------------------------------------------------------
[ 2018-07-04T10:55:34+08:00 ] [ error ] [8]未定义数组索引: InstitutionID

---------------------------------------------------------------
[ 2018-07-04T10:55:35+08:00 ] [ error ] [8]未定义数组索引: InstitutionID

---------------------------------------------------------------
[ 2018-07-04T11:12:08+08:00 ] [ error ] [8]未定义数组索引: InstitutionID

---------------------------------------------------------------
[ 2018-07-04T11:46:30+08:00 ] [ error ] [0]模板文件不存在:application/ph/view/change_audit/pause.html

---------------------------------------------------------------
[ 2018-07-04T11:46:39+08:00 ] [ error ] [0]模板文件不存在:application/ph/view/change_audit/pause.html

---------------------------------------------------------------
[ 2018-07-04T11:47:13+08:00 ] [ error ] [0]模板文件不存在:application/ph/view/change_audit/pause.html

---------------------------------------------------------------
[ 2018-07-04T11:53:03+08:00 ] [ error ] [8]未定义数组索引: InstitutionID

---------------------------------------------------------------
[ 2018-07-04T11:53:14+08:00 ] [ error ] [8]未定义数组索引: InstitutionID

---------------------------------------------------------------
[ 2018-07-04T14:34:52+08:00 ] [ error ] [8]未定义数组索引: InstitutionID

---------------------------------------------------------------
[ 2018-07-04T14:34:53+08:00 ] [ error ] [8]未定义数组索引: InstitutionID

---------------------------------------------------------------
[ 2018-07-04T14:35:47+08:00 ] [ error ] [8]未定义数组索引: InstitutionID

---------------------------------------------------------------
[ 2018-07-04T14:35:48+08:00 ] [ error ] [8]未定义数组索引: InstitutionID

---------------------------------------------------------------
[ 2018-07-04T14:35:49+08:00 ] [ error ] [8]未定义数组索引: InstitutionID

---------------------------------------------------------------
[ 2018-07-04T14:51:31+08:00 ] [ error ] [8]未定义数组索引: InstitutionID

---------------------------------------------------------------
[ 2018-07-04T14:51:33+08:00 ] [ error ] [8]未定义数组索引: InstitutionID

---------------------------------------------------------------
[ 2018-07-04T14:51:35+08:00 ] [ error ] [8]未定义数组索引: InstitutionID

---------------------------------------------------------------
[ 2018-07-04T14:51:39+08:00 ] [ error ] [8]未定义数组索引: InstitutionID

---------------------------------------------------------------
[ 2018-07-04T14:51:39+08:00 ] [ error ] [8]未定义数组索引: InstitutionID

---------------------------------------------------------------
[ 2018-07-04T15:24:49+08:00 ] [ error ] [8]未定义数组索引: DamageGrade

---------------------------------------------------------------
[ 2018-07-04T15:24:56+08:00 ] [ error ] [8]未定义数组索引: DamageGrade

---------------------------------------------------------------
[ 2018-07-04T15:24:59+08:00 ] [ error ] [8]未定义数组索引: DamageGrade

---------------------------------------------------------------
[ 2018-07-04T15:24:59+08:00 ] [ error ] [8]未定义数组索引: DamageGrade

---------------------------------------------------------------
[ 2018-07-04T15:25:00+08:00 ] [ error ] [8]未定义数组索引: DamageGrade

---------------------------------------------------------------
[ 2018-07-04T15:26:59+08:00 ] [ error ] [8]未定义数组索引: OwnerType

---------------------------------------------------------------
[ 2018-07-04T15:27:04+08:00 ] [ error ] [8]未定义数组索引: OwnerType

---------------------------------------------------------------
[ 2018-07-04T15:27:05+08:00 ] [ error ] [8]未定义数组索引: OwnerType

---------------------------------------------------------------
[ 2018-07-04T15:27:05+08:00 ] [ error ] [8]未定义数组索引: OwnerType

---------------------------------------------------------------
[ 2018-07-04T15:27:07+08:00 ] [ error ] [8]未定义数组索引: OwnerType

---------------------------------------------------------------
[ 2018-07-04T15:27:07+08:00 ] [ error ] [8]未定义数组索引: OwnerType

---------------------------------------------------------------
[ 2018-07-04T15:27:08+08:00 ] [ error ] [8]未定义数组索引: OwnerType

---------------------------------------------------------------
[ 2018-07-04T15:27:09+08:00 ] [ error ] [8]未定义数组索引: OwnerType

---------------------------------------------------------------
[ 2018-07-04T15:27:09+08:00 ] [ error ] [8]未定义数组索引: OwnerType

---------------------------------------------------------------
[ 2018-07-04T15:27:12+08:00 ] [ error ] [8]未定义数组索引: OwnerType

---------------------------------------------------------------
[ 2018-07-04T15:27:12+08:00 ] [ error ] [8]未定义数组索引: OwnerType

---------------------------------------------------------------
[ 2018-07-04T15:27:13+08:00 ] [ error ] [8]未定义数组索引: OwnerType

---------------------------------------------------------------
[ 2018-07-04T15:27:13+08:00 ] [ error ] [8]未定义数组索引: OwnerType

---------------------------------------------------------------
[ 2018-07-04T15:27:13+08:00 ] [ error ] [8]未定义数组索引: OwnerType

---------------------------------------------------------------
[ 2018-07-04T15:27:14+08:00 ] [ error ] [8]未定义数组索引: OwnerType

---------------------------------------------------------------
[ 2018-07-04T15:27:15+08:00 ] [ error ] [8]未定义数组索引: OwnerType

---------------------------------------------------------------
[ 2018-07-04T15:27:15+08:00 ] [ error ] [8]未定义数组索引: OwnerType

---------------------------------------------------------------
[ 2018-07-04T15:27:15+08:00 ] [ error ] [8]未定义数组索引: OwnerType

---------------------------------------------------------------
[ 2018-07-04T15:27:15+08:00 ] [ error ] [8]未定义数组索引: OwnerType

---------------------------------------------------------------
[ 2018-07-04T15:27:16+08:00 ] [ error ] [8]未定义数组索引: OwnerType

---------------------------------------------------------------
[ 2018-07-04T15:27:16+08:00 ] [ error ] [8]未定义数组索引: OwnerType

---------------------------------------------------------------
[ 2018-07-04T15:27:17+08:00 ] [ error ] [8]未定义数组下标: 11

---------------------------------------------------------------
[ 2018-07-04T15:27:17+08:00 ] [ error ] [8]未定义数组下标: 11

---------------------------------------------------------------
[ 2018-07-04T15:27:18+08:00 ] [ error ] [8]未定义数组下标: 11

---------------------------------------------------------------
[ 2018-07-04T15:27:18+08:00 ] [ error ] [8]未定义数组下标: 11

---------------------------------------------------------------
[ 2018-07-04T15:27:20+08:00 ] [ error ] [8]未定义数组索引: OwnerType

---------------------------------------------------------------
[ 2018-07-04T15:27:20+08:00 ] [ error ] [8]未定义数组索引: OwnerType

---------------------------------------------------------------
[ 2018-07-04T15:27:22+08:00 ] [ error ] [8]未定义数组索引: OwnerType

---------------------------------------------------------------
[ 2018-07-04T15:27:40+08:00 ] [ error ] [8]未定义数组索引: OwnerType

---------------------------------------------------------------
[ 2018-07-04T15:27:42+08:00 ] [ error ] [8]未定义数组索引: OwnerType

---------------------------------------------------------------
[ 2018-07-04T15:27:43+08:00 ] [ error ] [8]未定义数组索引: OwnerType

---------------------------------------------------------------
[ 2018-07-04T15:27:43+08:00 ] [ error ] [8]未定义数组索引: OwnerType

---------------------------------------------------------------
[ 2018-07-04T15:27:43+08:00 ] [ error ] [8]未定义数组索引: OwnerType

---------------------------------------------------------------
[ 2018-07-04T15:27:43+08:00 ] [ error ] [8]未定义数组索引: OwnerType

---------------------------------------------------------------
[ 2018-07-04T15:27:44+08:00 ] [ error ] [8]未定义数组索引: OwnerType

---------------------------------------------------------------
[ 2018-07-04T15:27:44+08:00 ] [ error ] [8]未定义数组索引: OwnerType

---------------------------------------------------------------
[ 2018-07-04T15:27:44+08:00 ] [ error ] [8]未定义数组索引: OwnerType

---------------------------------------------------------------
[ 2018-07-04T15:27:47+08:00 ] [ error ] [8]未定义数组索引: OwnerType

---------------------------------------------------------------
[ 2018-07-04T15:27:49+08:00 ] [ error ] [8]未定义数组索引: OwnerType

---------------------------------------------------------------
[ 2018-07-04T15:28:06+08:00 ] [ error ] [8]未定义数组索引: OwnerType

---------------------------------------------------------------
[ 2018-07-04T16:08:32+08:00 ] [ error ] [8]未定义数组索引: InstitutionID

---------------------------------------------------------------
