[ 2018-07-10T08:40:52+08:00 ] [ error ] [8]未定义数组索引: OwnerType

---------------------------------------------------------------
[ 2018-07-10T08:40:58+08:00 ] [ error ] [8]未定义数组索引: OwnerType

---------------------------------------------------------------
[ 2018-07-10T08:47:01+08:00 ] [ error ] [8]未定义数组索引: InstitutionID

---------------------------------------------------------------
[ 2018-07-10T08:57:44+08:00 ] [ error ] [8]未定义变量: wheres

---------------------------------------------------------------
[ 2018-07-10T08:57:47+08:00 ] [ error ] [8]未定义变量: wheres

---------------------------------------------------------------
[ 2018-07-10T08:58:03+08:00 ] [ error ] [8]未定义变量: wheres

---------------------------------------------------------------
[ 2018-07-10T09:04:37+08:00 ] [ error ] [8]未定义数组索引: InstitutionID

---------------------------------------------------------------
[ 2018-07-10T09:04:39+08:00 ] [ error ] [8]未定义数组索引: InstitutionID

---------------------------------------------------------------
[ 2018-07-10T09:04:40+08:00 ] [ error ] [8]未定义数组索引: InstitutionID

---------------------------------------------------------------
[ 2018-07-10T09:04:40+08:00 ] [ error ] [8]未定义数组索引: InstitutionID

---------------------------------------------------------------
[ 2018-07-10T09:04:49+08:00 ] [ error ] [8]未定义数组索引: InstitutionID

---------------------------------------------------------------
[ 2018-07-10T09:04:50+08:00 ] [ error ] [8]未定义数组索引: InstitutionID

---------------------------------------------------------------
[ 2018-07-10T09:04:50+08:00 ] [ error ] [8]未定义数组索引: InstitutionID

---------------------------------------------------------------
[ 2018-07-10T09:04:50+08:00 ] [ error ] [8]未定义数组索引: InstitutionID

---------------------------------------------------------------
[ 2018-07-10T09:05:05+08:00 ] [ error ] [8]未定义数组索引: InstitutionID

---------------------------------------------------------------
[ 2018-07-10T09:05:06+08:00 ] [ error ] [8]未定义数组索引: InstitutionID

---------------------------------------------------------------
[ 2018-07-10T09:05:06+08:00 ] [ error ] [8]未定义数组索引: InstitutionID

---------------------------------------------------------------
[ 2018-07-10T11:01:57+08:00 ] [ error ] [8]未定义数组索引: type

---------------------------------------------------------------
[ 2018-07-10T11:02:07+08:00 ] [ error ] [8]未定义数组索引: type

---------------------------------------------------------------
[ 2018-07-10T11:02:15+08:00 ] [ error ] [8]未定义数组索引: type

---------------------------------------------------------------
[ 2018-07-10T11:02:15+08:00 ] [ error ] [8]未定义数组索引: type

---------------------------------------------------------------
[ 2018-07-10T11:02:16+08:00 ] [ error ] [8]未定义数组索引: type

---------------------------------------------------------------
[ 2018-07-10T11:02:16+08:00 ] [ error ] [8]未定义数组索引: type

---------------------------------------------------------------
[ 2018-07-10T11:02:21+08:00 ] [ error ] [8]未定义数组索引: type

---------------------------------------------------------------
[ 2018-07-10T14:40:56+08:00 ] [ error ] [0]method not exist:think\db\Query->get_one_rent_order_info

---------------------------------------------------------------
