[ 2018-07-19T08:43:19+08:00 ] [ error ] [8]未定义数组索引: OwnerType

---------------------------------------------------------------
[ 2018-07-19T08:43:25+08:00 ] [ error ] [8]未定义数组索引: OwnerType

---------------------------------------------------------------
[ 2018-07-19T08:45:13+08:00 ] [ error ] [8]未定义数组索引: OwnerType

---------------------------------------------------------------
[ 2018-07-19T10:37:05+08:00 ] [ error ] [8]未定义数组索引: Ban

---------------------------------------------------------------
[ 2018-07-19T10:47:09+08:00 ] [ error ] [8]未定义数组索引: Ban

---------------------------------------------------------------
[ 2018-07-19T10:47:12+08:00 ] [ error ] [8]未定义数组索引: Ban

---------------------------------------------------------------
[ 2018-07-19T10:47:14+08:00 ] [ error ] [8]未定义数组索引: Ban

---------------------------------------------------------------
[ 2018-07-19T10:47:15+08:00 ] [ error ] [8]未定义数组索引: Ban

---------------------------------------------------------------
[ 2018-07-19T10:47:16+08:00 ] [ error ] [8]未定义数组索引: Ban

---------------------------------------------------------------
[ 2018-07-19T10:47:26+08:00 ] [ error ] [8]未定义数组索引: Ban

---------------------------------------------------------------
[ 2018-07-19T10:47:27+08:00 ] [ error ] [8]未定义数组索引: Ban

---------------------------------------------------------------
[ 2018-07-19T10:47:31+08:00 ] [ error ] [8]未定义数组索引: Ban

---------------------------------------------------------------
[ 2018-07-19T10:47:31+08:00 ] [ error ] [8]未定义数组索引: Ban

---------------------------------------------------------------
[ 2018-07-19T10:48:02+08:00 ] [ error ] [8]未定义数组索引: Ban

---------------------------------------------------------------
[ 2018-07-19T10:52:37+08:00 ] [ error ] [8]未定义数组索引: Ban

---------------------------------------------------------------
[ 2018-07-19T11:21:05+08:00 ] [ error ] [8]未定义数组索引: AnathorOwnerType

---------------------------------------------------------------
[ 2018-07-19T11:21:28+08:00 ] [ error ] [8]未定义数组索引: AnathorOwnerType

---------------------------------------------------------------
[ 2018-07-19T11:22:51+08:00 ] [ error ] [0]数据表字段不存在:[Remark]

---------------------------------------------------------------
[ 2018-07-19T11:22:55+08:00 ] [ error ] [0]数据表字段不存在:[Remark]

---------------------------------------------------------------
[ 2018-07-19T11:22:59+08:00 ] [ error ] [0]数据表字段不存在:[Remark]

---------------------------------------------------------------
[ 2018-07-19T11:23:00+08:00 ] [ error ] [0]数据表字段不存在:[Remark]

---------------------------------------------------------------
[ 2018-07-19T11:23:00+08:00 ] [ error ] [0]数据表字段不存在:[Remark]

---------------------------------------------------------------
[ 2018-07-19T11:23:00+08:00 ] [ error ] [0]数据表字段不存在:[Remark]

---------------------------------------------------------------
[ 2018-07-19T11:23:01+08:00 ] [ error ] [0]数据表字段不存在:[Remark]

---------------------------------------------------------------
[ 2018-07-19T11:23:02+08:00 ] [ error ] [0]数据表字段不存在:[Remark]

---------------------------------------------------------------
[ 2018-07-19T11:23:03+08:00 ] [ error ] [0]数据表字段不存在:[Remark]

---------------------------------------------------------------
[ 2018-07-19T11:23:03+08:00 ] [ error ] [0]数据表字段不存在:[Remark]

---------------------------------------------------------------
[ 2018-07-19T11:23:03+08:00 ] [ error ] [0]数据表字段不存在:[Remark]

---------------------------------------------------------------
[ 2018-07-19T11:23:08+08:00 ] [ error ] [0]数据表字段不存在:[Remark]

---------------------------------------------------------------
[ 2018-07-19T11:23:14+08:00 ] [ error ] [0]数据表字段不存在:[Remark]

---------------------------------------------------------------
[ 2018-07-19T11:23:54+08:00 ] [ error ] [0]数据表字段不存在:[Remark]

---------------------------------------------------------------
[ 2018-07-19T11:23:55+08:00 ] [ error ] [0]数据表字段不存在:[Remark]

---------------------------------------------------------------
[ 2018-07-19T11:23:56+08:00 ] [ error ] [0]数据表字段不存在:[Remark]

---------------------------------------------------------------
[ 2018-07-19T11:24:12+08:00 ] [ error ] [0]数据表字段不存在:[Remark]

---------------------------------------------------------------
[ 2018-07-19T11:24:13+08:00 ] [ error ] [0]数据表字段不存在:[Remark]

---------------------------------------------------------------
[ 2018-07-19T11:24:15+08:00 ] [ error ] [0]数据表字段不存在:[Remark]

---------------------------------------------------------------
[ 2018-07-19T11:24:16+08:00 ] [ error ] [0]数据表字段不存在:[Remark]

---------------------------------------------------------------
[ 2018-07-19T11:24:17+08:00 ] [ error ] [0]数据表字段不存在:[Remark]

---------------------------------------------------------------
[ 2018-07-19T11:36:21+08:00 ] [ error ] [8]未定义数组索引: AnathorOwnerType

---------------------------------------------------------------
[ 2018-07-19T11:40:30+08:00 ] [ error ] [0]数据表字段不存在:[Remark]

---------------------------------------------------------------
[ 2018-07-19T11:41:13+08:00 ] [ error ] [0]数据表字段不存在:[Remark]

---------------------------------------------------------------
[ 2018-07-19T11:42:50+08:00 ] [ error ] [0]数据表字段不存在:[Remark]

---------------------------------------------------------------
[ 2018-07-19T11:45:34+08:00 ] [ error ] [0]数据表字段不存在:[Remark]

---------------------------------------------------------------
[ 2018-07-19T11:46:44+08:00 ] [ error ] [10501]SQLSTATE[42000]: Syntax error or access violation: 1064 You have an error in your SQL syntax; check the manual that corresponds to your MySQL server version for the right syntax to use near 'WHERE  `HouseID` = '10500132450976'' at line 1

---------------------------------------------------------------
[ 2018-07-19T11:46:46+08:00 ] [ error ] [10501]SQLSTATE[42000]: Syntax error or access violation: 1064 You have an error in your SQL syntax; check the manual that corresponds to your MySQL server version for the right syntax to use near 'WHERE  `HouseID` = '10500132450976'' at line 1

---------------------------------------------------------------
[ 2018-07-19T11:46:48+08:00 ] [ error ] [10501]SQLSTATE[42000]: Syntax error or access violation: 1064 You have an error in your SQL syntax; check the manual that corresponds to your MySQL server version for the right syntax to use near 'WHERE  `HouseID` = '10500132450976'' at line 1

---------------------------------------------------------------
[ 2018-07-19T12:46:29+08:00 ] [ error ] [10501]SQLSTATE[42000]: Syntax error or access violation: 1064 You have an error in your SQL syntax; check the manual that corresponds to your MySQL server version for the right syntax to use near 'WHERE  `HouseID` = '10400326343370'' at line 1

---------------------------------------------------------------
[ 2018-07-19T13:10:44+08:00 ] [ error ] [8]未定义变量: data

---------------------------------------------------------------
[ 2018-07-19T13:10:47+08:00 ] [ error ] [8]未定义变量: data

---------------------------------------------------------------
[ 2018-07-19T13:10:51+08:00 ] [ error ] [8]未定义变量: data

---------------------------------------------------------------
[ 2018-07-19T13:10:52+08:00 ] [ error ] [8]未定义变量: data

---------------------------------------------------------------
[ 2018-07-19T13:11:03+08:00 ] [ error ] [8]未定义变量: data

---------------------------------------------------------------
[ 2018-07-19T13:11:13+08:00 ] [ error ] [8]未定义变量: data

---------------------------------------------------------------
[ 2018-07-19T13:11:14+08:00 ] [ error ] [8]未定义变量: data

---------------------------------------------------------------
[ 2018-07-19T13:11:14+08:00 ] [ error ] [8]未定义变量: data

---------------------------------------------------------------
[ 2018-07-19T13:11:50+08:00 ] [ error ] [8]未定义变量: data

---------------------------------------------------------------
[ 2018-07-19T13:12:35+08:00 ] [ error ] [8]未定义变量: data

---------------------------------------------------------------
[ 2018-07-19T13:12:37+08:00 ] [ error ] [8]未定义变量: data

---------------------------------------------------------------
[ 2018-07-19T13:12:37+08:00 ] [ error ] [8]未定义变量: data

---------------------------------------------------------------
[ 2018-07-19T13:12:38+08:00 ] [ error ] [8]未定义变量: data

---------------------------------------------------------------
[ 2018-07-19T13:12:38+08:00 ] [ error ] [8]未定义变量: data

---------------------------------------------------------------
[ 2018-07-19T13:13:41+08:00 ] [ error ] [8]未定义变量: data

---------------------------------------------------------------
[ 2018-07-19T13:13:42+08:00 ] [ error ] [8]未定义变量: data

---------------------------------------------------------------
[ 2018-07-19T13:13:42+08:00 ] [ error ] [8]未定义变量: data

---------------------------------------------------------------
[ 2018-07-19T13:14:13+08:00 ] [ error ] [8]未定义变量: data

---------------------------------------------------------------
[ 2018-07-19T13:14:14+08:00 ] [ error ] [8]未定义变量: data

---------------------------------------------------------------
[ 2018-07-19T13:14:14+08:00 ] [ error ] [8]未定义变量: data

---------------------------------------------------------------
[ 2018-07-19T13:14:44+08:00 ] [ error ] [8]未定义变量: data

---------------------------------------------------------------
[ 2018-07-19T13:14:45+08:00 ] [ error ] [8]未定义变量: data

---------------------------------------------------------------
[ 2018-07-19T13:14:46+08:00 ] [ error ] [8]未定义变量: data

---------------------------------------------------------------
[ 2018-07-19T13:14:46+08:00 ] [ error ] [8]未定义变量: data

---------------------------------------------------------------
[ 2018-07-19T13:14:46+08:00 ] [ error ] [8]未定义变量: data

---------------------------------------------------------------
[ 2018-07-19T13:14:50+08:00 ] [ error ] [8]未定义变量: data

---------------------------------------------------------------
[ 2018-07-19T13:14:51+08:00 ] [ error ] [8]未定义变量: data

---------------------------------------------------------------
[ 2018-07-19T13:14:59+08:00 ] [ error ] [8]未定义变量: data

---------------------------------------------------------------
[ 2018-07-19T13:15:00+08:00 ] [ error ] [8]未定义变量: data

---------------------------------------------------------------
[ 2018-07-19T13:15:00+08:00 ] [ error ] [8]未定义变量: data

---------------------------------------------------------------
[ 2018-07-19T13:16:02+08:00 ] [ error ] [8]未定义变量: data

---------------------------------------------------------------
[ 2018-07-19T13:16:08+08:00 ] [ error ] [8]未定义变量: data

---------------------------------------------------------------
[ 2018-07-19T13:17:42+08:00 ] [ error ] [8]未定义变量: data

---------------------------------------------------------------
[ 2018-07-19T13:17:43+08:00 ] [ error ] [8]未定义变量: data

---------------------------------------------------------------
[ 2018-07-19T13:17:43+08:00 ] [ error ] [8]未定义变量: data

---------------------------------------------------------------
[ 2018-07-19T13:17:45+08:00 ] [ error ] [8]未定义变量: data

---------------------------------------------------------------
[ 2018-07-19T13:17:45+08:00 ] [ error ] [8]未定义变量: data

---------------------------------------------------------------
[ 2018-07-19T13:17:45+08:00 ] [ error ] [8]未定义变量: data

---------------------------------------------------------------
[ 2018-07-19T13:17:45+08:00 ] [ error ] [8]未定义变量: data

---------------------------------------------------------------
[ 2018-07-19T13:17:46+08:00 ] [ error ] [8]未定义变量: data

---------------------------------------------------------------
[ 2018-07-19T13:17:47+08:00 ] [ error ] [8]未定义变量: data

---------------------------------------------------------------
[ 2018-07-19T13:17:47+08:00 ] [ error ] [8]未定义变量: data

---------------------------------------------------------------
[ 2018-07-19T13:17:47+08:00 ] [ error ] [8]未定义变量: data

---------------------------------------------------------------
[ 2018-07-19T13:17:53+08:00 ] [ error ] [8]未定义变量: data

---------------------------------------------------------------
[ 2018-07-19T13:17:53+08:00 ] [ error ] [8]未定义变量: data

---------------------------------------------------------------
[ 2018-07-19T13:18:04+08:00 ] [ error ] [8]未定义变量: data

---------------------------------------------------------------
[ 2018-07-19T13:18:58+08:00 ] [ error ] [8]未定义变量: data

---------------------------------------------------------------
[ 2018-07-19T13:18:59+08:00 ] [ error ] [8]未定义变量: data

---------------------------------------------------------------
[ 2018-07-19T13:18:59+08:00 ] [ error ] [8]未定义变量: data

---------------------------------------------------------------
[ 2018-07-19T13:30:46+08:00 ] [ error ] [8]未定义变量: data

---------------------------------------------------------------
[ 2018-07-19T13:30:47+08:00 ] [ error ] [8]未定义变量: data

---------------------------------------------------------------
[ 2018-07-19T13:30:47+08:00 ] [ error ] [8]未定义变量: data

---------------------------------------------------------------
[ 2018-07-19T13:30:47+08:00 ] [ error ] [8]未定义变量: data

---------------------------------------------------------------
[ 2018-07-19T13:30:48+08:00 ] [ error ] [8]未定义变量: data

---------------------------------------------------------------
[ 2018-07-19T13:30:48+08:00 ] [ error ] [8]未定义变量: data

---------------------------------------------------------------
[ 2018-07-19T13:30:48+08:00 ] [ error ] [8]未定义变量: data

---------------------------------------------------------------
[ 2018-07-19T13:30:49+08:00 ] [ error ] [8]未定义变量: data

---------------------------------------------------------------
[ 2018-07-19T13:30:49+08:00 ] [ error ] [8]未定义变量: data

---------------------------------------------------------------
[ 2018-07-19T13:30:49+08:00 ] [ error ] [8]未定义变量: data

---------------------------------------------------------------
[ 2018-07-19T13:30:50+08:00 ] [ error ] [8]未定义变量: data

---------------------------------------------------------------
[ 2018-07-19T13:30:50+08:00 ] [ error ] [8]未定义变量: data

---------------------------------------------------------------
[ 2018-07-19T13:30:50+08:00 ] [ error ] [8]未定义变量: data

---------------------------------------------------------------
[ 2018-07-19T13:30:50+08:00 ] [ error ] [8]未定义变量: data

---------------------------------------------------------------
[ 2018-07-19T13:30:50+08:00 ] [ error ] [8]未定义变量: data

---------------------------------------------------------------
[ 2018-07-19T13:30:50+08:00 ] [ error ] [8]未定义变量: data

---------------------------------------------------------------
[ 2018-07-19T13:30:50+08:00 ] [ error ] [8]未定义变量: data

---------------------------------------------------------------
[ 2018-07-19T13:30:51+08:00 ] [ error ] [8]未定义变量: data

---------------------------------------------------------------
[ 2018-07-19T13:30:51+08:00 ] [ error ] [8]未定义变量: data

---------------------------------------------------------------
[ 2018-07-19T13:32:10+08:00 ] [ error ] [8]未定义变量: data

---------------------------------------------------------------
[ 2018-07-19T13:32:11+08:00 ] [ error ] [8]未定义变量: data

---------------------------------------------------------------
[ 2018-07-19T13:34:33+08:00 ] [ error ] [10501]SQLSTATE[42000]: Syntax error or access violation: 1064 You have an error in your SQL syntax; check the manual that corresponds to your MySQL server version for the right syntax to use near 'WHERE  `HouseID` = '10400226034301'' at line 1

---------------------------------------------------------------
[ 2018-07-19T13:36:32+08:00 ] [ error ] [10501]SQLSTATE[42000]: Syntax error or access violation: 1064 You have an error in your SQL syntax; check the manual that corresponds to your MySQL server version for the right syntax to use near 'WHERE  `HouseID` = '10400225594542'' at line 1

---------------------------------------------------------------
[ 2018-07-19T14:24:49+08:00 ] [ error ] [10501]SQLSTATE[42000]: Syntax error or access violation: 1064 You have an error in your SQL syntax; check the manual that corresponds to your MySQL server version for the right syntax to use near 'WHERE  `HouseID` = '10400225614533'' at line 1

---------------------------------------------------------------
[ 2018-07-19T15:22:46+08:00 ] [ error ] [8]未定义数组索引: DamageGrade

---------------------------------------------------------------
[ 2018-07-19T15:22:49+08:00 ] [ error ] [8]未定义数组索引: DamageGrade

---------------------------------------------------------------
[ 2018-07-19T15:22:55+08:00 ] [ error ] [8]未定义数组索引: DamageGrade

---------------------------------------------------------------
[ 2018-07-19T15:23:00+08:00 ] [ error ] [8]未定义数组索引: DamageGrade

---------------------------------------------------------------
[ 2018-07-19T15:23:07+08:00 ] [ error ] [8]未定义数组索引: DamageGrade

---------------------------------------------------------------
[ 2018-07-19T15:23:09+08:00 ] [ error ] [8]未定义数组索引: DamageGrade

---------------------------------------------------------------
[ 2018-07-19T15:24:33+08:00 ] [ error ] [8]未定义数组索引: DamageGrade

---------------------------------------------------------------
[ 2018-07-19T15:24:35+08:00 ] [ error ] [8]未定义数组索引: DamageGrade

---------------------------------------------------------------
[ 2018-07-19T15:24:37+08:00 ] [ error ] [8]未定义数组索引: DamageGrade

---------------------------------------------------------------
[ 2018-07-19T15:24:44+08:00 ] [ error ] [8]未定义数组索引: DamageGrade

---------------------------------------------------------------
[ 2018-07-19T15:24:45+08:00 ] [ error ] [8]未定义数组索引: DamageGrade

---------------------------------------------------------------
[ 2018-07-19T15:24:55+08:00 ] [ error ] [8]未定义数组索引: DamageGrade

---------------------------------------------------------------
[ 2018-07-19T15:24:57+08:00 ] [ error ] [8]未定义数组索引: DamageGrade

---------------------------------------------------------------
